Starting connection without proxy.
started at 2015-5-14 20:33:28
login sucessfully without proxy at 2015-5-14 20:33:29
Download full image code is correct as 49231
{"error":3,"message":["\u5bf9\u4e0d\u8d77\uff0c\u8be5\u5546\u54c1\u5df2\u7ecf\u4e0b\u67b6\u3002"],"content":"","goods_id":"1734","captcha":"49231","number":"1","donation_number":null,"product_spec":"","confirm_type":"3"}
addToCart(1734,1) failed at 2015-5-14 20:33:29, will readd
before weight is 0
rrt is 351
succeedTime is 1
after set weight is 1
retry buy good 1734 at 2015-5-14 20:33:30
Download full image code is correct as 49132
{"error":3,"message":["\u5bf9\u4e0d\u8d77\uff0c\u8be5\u5546\u54c1\u5df2\u7ecf\u4e0b\u67b6\u3002"],"content":"","goods_id":"1734","captcha":"49132","number":"1","donation_number":null,"product_spec":"","confirm_type":"3"}
addToCart(1734,1) failed at 2015-5-14 20:33:31, will readd
before weight is 1
rrt is 1145
succeedTime is 1
after set weight is 1
retry buy good 1734 at 2015-5-14 20:33:32
Download full image code is correct as 58190
{"error":3,"message":["\u5bf9\u4e0d\u8d77\uff0c\u8be5\u5546\u54c1\u5df2\u7ecf\u4e0b\u67b6\u3002"],"content":"","goods_id":"1734","captcha":"58190","number":"1","donation_number":null,"product_spec":"","confirm_type":"3"}
addToCart(1734,1) failed at 2015-5-14 20:33:32, will readd
before weight is 1
rrt is 440
succeedTime is 2
after set weight is 2
retry buy good 1734 at 2015-5-14 20:33:33
Download full image code is correct as 40328
{"error":3,"message":["\u5bf9\u4e0d\u8d77\uff0c\u8be5\u5546\u54c1\u5df2\u7ecf\u4e0b\u67b6\u3002"],"content":"","goods_id":"1734","captcha":"40328","number":"1","donation_number":null,"product_spec":"","confirm_type":"3"}
addToCart(1734,1) failed at 2015-5-14 20:33:33, will readd
before weight is 2
rrt is 438
succeedTime is 3
after set weight is 3
retry buy good 1734 at 2015-5-14 20:33:34
Download full image code is correct as 46912
{"error":3,"message":["\u5bf9\u4e0d\u8d77\uff0c\u8be5\u5546\u54c1\u5df2\u7ecf\u4e0b\u67b6\u3002"],"content":"","goods_id":"1734","captcha":"46912","number":"1","donation_number":null,"product_spec":"","confirm_type":"3"}
addToCart(1734,1) failed at 2015-5-14 20:33:35, will readd
before weight is 3
rrt is 935
succeedTime is 4
after set weight is 4
retry buy good 1734 at 2015-5-14 20:33:35
Download full image code is correct as 40891
{"error":3,"message":["\u5bf9\u4e0d\u8d77\uff0c\u8be5\u5546\u54c1\u5df2\u7ecf\u4e0b\u67b6\u3002"],"content":"","goods_id":"1734","captcha":"40891","number":"1","donation_number":null,"product_spec":"","confirm_type":"3"}
addToCart(1734,1) failed at 2015-5-14 20:33:36, will readd
before weight is 4
rrt is 431
succeedTime is 5
after set weight is 5
retry buy good 1734 at 2015-5-14 20:33:36
Download full image code is correct as 72430
{"error":3,"message":["\u5bf9\u4e0d\u8d77\uff0c\u8be5\u5546\u54c1\u5df2\u7ecf\u4e0b\u67b6\u3002"],"content":"","goods_id":"1734","captcha":"72430","number":"1","donation_number":null,"product_spec":"","confirm_type":"3"}
addToCart(1734,1) failed at 2015-5-14 20:33:37, will readd
before weight is 5
rrt is 434
succeedTime is 6
after set weight is 6
retry buy good 1734 at 2015-5-14 20:33:37
Download full image code is correct as 63142
{"error":3,"message":["\u5bf9\u4e0d\u8d77\uff0c\u8be5\u5546\u54c1\u5df2\u7ecf\u4e0b\u67b6\u3002"],"content":"","goods_id":"1734","captcha":"63142","number":"1","donation_number":null,"product_spec":"","confirm_type":"3"}
addToCart(1734,1) failed at 2015-5-14 20:33:38, will readd
before weight is 6
rrt is 437
succeedTime is 7
after set weight is 7
retry buy good 1734 at 2015-5-14 20:33:38
Download full image code is correct as 08263
{"error":3,"message":["\u5bf9\u4e0d\u8d77\uff0c\u8be5\u5546\u54c1\u5df2\u7ecf\u4e0b\u67b6\u3002"],"content":"","goods_id":"1734","captcha":"08263","number":"1","donation_number":null,"product_spec":"","confirm_type":"3"}
addToCart(1734,1) failed at 2015-5-14 20:33:39, will readd
before weight is 7
rrt is 435
succeedTime is 8
after set weight is 8
retry buy good 1734 at 2015-5-14 20:33:39
Download full image code is correct as 25847
{"error":3,"message":["\u5bf9\u4e0d\u8d77\uff0c\u8be5\u5546\u54c1\u5df2\u7ecf\u4e0b\u67b6\u3002"],"content":"","goods_id":"1734","captcha":"25847","number":"1","donation_number":null,"product_spec":"","confirm_type":"3"}
addToCart(1734,1) failed at 2015-5-14 20:33:40, will readd
before weight is 8
rrt is 432
succeedTime is 9
after set weight is 9
retry buy good 1734 at 2015-5-14 20:33:40
Download full image code is correct as 24685
{"error":3,"message":["\u5bf9\u4e0d\u8d77\uff0c\u8be5\u5546\u54c1\u5df2\u7ecf\u4e0b\u67b6\u3002"],"content":"","goods_id":"1734","captcha":"24685","number":"1","donation_number":null,"product_spec":"","confirm_type":"3"}
addToCart(1734,1) failed at 2015-5-14 20:33:41, will readd
before weight is 9
rrt is 432
succeedTime is 10
after set weight is 10
retry buy good 1734 at 2015-5-14 20:33:41
Download full image code is correct as 32460
{"error":3,"message":["\u5bf9\u4e0d\u8d77\uff0c\u8be5\u5546\u54c1\u5df2\u7ecf\u4e0b\u67b6\u3002"],"content":"","goods_id":"1734","captcha":"32460","number":"1","donation_number":null,"product_spec":"","confirm_type":"3"}
addToCart(1734,1) failed at 2015-5-14 20:33:42, will readd
before weight is 10
rrt is 432
succeedTime is 11
after set weight is 11
retry buy good 1734 at 2015-5-14 20:33:42
Download full image code is correct as 03267
{"error":3,"message":["\u5bf9\u4e0d\u8d77\uff0c\u8be5\u5546\u54c1\u5df2\u7ecf\u4e0b\u67b6\u3002"],"content":"","goods_id":"1734","captcha":"03267","number":"1","donation_number":null,"product_spec":"","confirm_type":"3"}
addToCart(1734,1) failed at 2015-5-14 20:33:43, will readd
before weight is 11
rrt is 430
succeedTime is 12
after set weight is 12
retry buy good 1734 at 2015-5-14 20:33:43
Download full image code is correct as 32174
{"error":3,"message":["\u5bf9\u4e0d\u8d77\uff0c\u8be5\u5546\u54c1\u5df2\u7ecf\u4e0b\u67b6\u3002"],"content":"","goods_id":"1734","captcha":"32174","number":"1","donation_number":null,"product_spec":"","confirm_type":"3"}
addToCart(1734,1) failed at 2015-5-14 20:33:44, will readd
before weight is 12
rrt is 438
succeedTime is 13
after set weight is 13
retry buy good 1734 at 2015-5-14 20:33:45
Download full image code is correct as 07258
{"error":3,"message":["\u5bf9\u4e0d\u8d77\uff0c\u8be5\u5546\u54c1\u5df2\u7ecf\u4e0b\u67b6\u3002"],"content":"","goods_id":"1734","captcha":"07258","number":"1","donation_number":null,"product_spec":"","confirm_type":"3"}
addToCart(1734,1) failed at 2015-5-14 20:33:45, will readd
before weight is 13
rrt is 437
succeedTime is 14
after set weight is 14
retry buy good 1734 at 2015-5-14 20:33:46
Download full image code is correct as 61245
{"error":3,"message":["\u5bf9\u4e0d\u8d77\uff0c\u8be5\u5546\u54c1\u5df2\u7ecf\u4e0b\u67b6\u3002"],"content":"","goods_id":"1734","captcha":"61245","number":"1","donation_number":null,"product_spec":"","confirm_type":"3"}
addToCart(1734,1) failed at 2015-5-14 20:33:46, will readd
before weight is 14
rrt is 440
succeedTime is 15
after set weight is 15
retry buy good 1734 at 2015-5-14 20:33:47
Download full image code is correct as 54173
{"error":3,"message":["\u5bf9\u4e0d\u8d77\uff0c\u8be5\u5546\u54c1\u5df2\u7ecf\u4e0b\u67b6\u3002"],"content":"","goods_id":"1734","captcha":"54173","number":"1","donation_number":null,"product_spec":"","confirm_type":"3"}
addToCart(1734,1) failed at 2015-5-14 20:33:48, will readd
before weight is 15
rrt is 1037
succeedTime is 15
after set weight is 15
retry buy good 1734 at 2015-5-14 20:33:48
Download full image code is correct as 86341
{"error":3,"message":["\u5bf9\u4e0d\u8d77\uff0c\u8be5\u5546\u54c1\u5df2\u7ecf\u4e0b\u67b6\u3002"],"content":"","goods_id":"1734","captcha":"86341","number":"1","donation_number":null,"product_spec":"","confirm_type":"3"}
addToCart(1734,1) failed at 2015-5-14 20:33:49, will readd
before weight is 15
rrt is 436
succeedTime is 16
after set weight is 16
retry buy good 1734 at 2015-5-14 20:33:49
Download full image code is correct as 16425
{"error":3,"message":["\u5bf9\u4e0d\u8d77\uff0c\u8be5\u5546\u54c1\u5df2\u7ecf\u4e0b\u67b6\u3002"],"content":"","goods_id":"1734","captcha":"16425","number":"1","donation_number":null,"product_spec":"","confirm_type":"3"}
addToCart(1734,1) failed at 2015-5-14 20:33:50, will readd
before weight is 16
rrt is 436
succeedTime is 17
after set weight is 17
retry buy good 1734 at 2015-5-14 20:33:50
Download full image code is correct as 40731
{"error":3,"message":["\u5bf9\u4e0d\u8d77\uff0c\u8be5\u5546\u54c1\u5df2\u7ecf\u4e0b\u67b6\u3002"],"content":"","goods_id":"1734","captcha":"40731","number":"1","donation_number":null,"product_spec":"","confirm_type":"3"}
addToCart(1734,1) failed at 2015-5-14 20:33:51, will readd
before weight is 17
rrt is 433
succeedTime is 18
after set weight is 18
retry buy good 1734 at 2015-5-14 20:33:51
Download full image code is correct as 65072
{"error":3,"message":["\u5bf9\u4e0d\u8d77\uff0c\u8be5\u5546\u54c1\u5df2\u7ecf\u4e0b\u67b6\u3002"],"content":"","goods_id":"1734","captcha":"65072","number":"1","donation_number":null,"product_spec":"","confirm_type":"3"}
addToCart(1734,1) failed at 2015-5-14 20:33:52, will readd
before weight is 18
rrt is 398
succeedTime is 19
after set weight is 19
retry buy good 1734 at 2015-5-14 20:33:52
Download full image code is correct as 90256
{"error":3,"message":["\u5bf9\u4e0d\u8d77\uff0c\u8be5\u5546\u54c1\u5df2\u7ecf\u4e0b\u67b6\u3002"],"content":"","goods_id":"1734","captcha":"90256","number":"1","donation_number":null,"product_spec":"","confirm_type":"3"}
addToCart(1734,1) failed at 2015-5-14 20:33:53, will readd
before weight is 19
rrt is 418
succeedTime is 20
after set weight is 20
retry buy good 1734 at 2015-5-14 20:33:53
Download full image code is correct as 87239
{"error":3,"message":["\u5bf9\u4e0d\u8d77\uff0c\u8be5\u5546\u54c1\u5df2\u7ecf\u4e0b\u67b6\u3002"],"content":"","goods_id":"1734","captcha":"87239","number":"1","donation_number":null,"product_spec":"","confirm_type":"3"}
addToCart(1734,1) failed at 2015-5-14 20:33:54, will readd
before weight is 20
rrt is 435
succeedTime is 21
after set weight is 21
retry buy good 1734 at 2015-5-14 20:33:54
Download full image code is correct as 30579
{"error":3,"message":["\u5bf9\u4e0d\u8d77\uff0c\u8be5\u5546\u54c1\u5df2\u7ecf\u4e0b\u67b6\u3002"],"content":"","goods_id":"1734","captcha":"30579","number":"1","donation_number":null,"product_spec":"","confirm_type":"3"}
addToCart(1734,1) failed at 2015-5-14 20:33:55, will readd
before weight is 21
rrt is 437
succeedTime is 22
after set weight is 22
retry buy good 1734 at 2015-5-14 20:33:55
Download full image code is correct as 93628
{"error":3,"message":["\u5bf9\u4e0d\u8d77\uff0c\u8be5\u5546\u54c1\u5df2\u7ecf\u4e0b\u67b6\u3002"],"content":"","goods_id":"1734","captcha":"93628","number":"1","donation_number":null,"product_spec":"","confirm_type":"3"}
addToCart(1734,1) failed at 2015-5-14 20:33:56, will readd
before weight is 22
rrt is 430
succeedTime is 23
after set weight is 23
retry buy good 1734 at 2015-5-14 20:33:56
Download full image code is correct as 67425
{"error":3,"message":["\u5bf9\u4e0d\u8d77\uff0c\u8be5\u5546\u54c1\u5df2\u7ecf\u4e0b\u67b6\u3002"],"content":"","goods_id":"1734","captcha":"67425","number":"1","donation_number":null,"product_spec":"","confirm_type":"3"}
addToCart(1734,1) failed at 2015-5-14 20:33:57, will readd
before weight is 23
rrt is 224
succeedTime is 24
after set weight is 24
retry buy good 1734 at 2015-5-14 20:33:57
Download full image code is correct as 32147
{"error":3,"message":["\u5bf9\u4e0d\u8d77\uff0c\u8be5\u5546\u54c1\u5df2\u7ecf\u4e0b\u67b6\u3002"],"content":"","goods_id":"1734","captcha":"32147","number":"1","donation_number":null,"product_spec":"","confirm_type":"3"}
addToCart(1734,1) failed at 2015-5-14 20:33:57, will readd
before weight is 24
rrt is 218
succeedTime is 25
after set weight is 25
retry buy good 1734 at 2015-5-14 20:33:58
Download full image code is correct as 32769
{"error":3,"message":["\u5bf9\u4e0d\u8d77\uff0c\u8be5\u5546\u54c1\u5df2\u7ecf\u4e0b\u67b6\u3002"],"content":"","goods_id":"1734","captcha":"32769","number":"1","donation_number":null,"product_spec":"","confirm_type":"3"}
addToCart(1734,1) failed at 2015-5-14 20:33:58, will readd
before weight is 25
rrt is 231
succeedTime is 26
after set weight is 26
retry buy good 1734 at 2015-5-14 20:33:59
Download full image code is correct as 65243
{"error":3,"message":["\u5bf9\u4e0d\u8d77\uff0c\u8be5\u5546\u54c1\u5df2\u7ecf\u4e0b\u67b6\u3002"],"content":"","goods_id":"1734","captcha":"65243","number":"1","donation_number":null,"product_spec":"","confirm_type":"3"}
addToCart(1734,1) failed at 2015-5-14 20:33:59, will readd
before weight is 26
rrt is 282
succeedTime is 27
after set weight is 27
retry buy good 1734 at 2015-5-14 20:34:00
Download full image code is correct as 48762
{"error":3,"message":["\u5bf9\u4e0d\u8d77\uff0c\u8be5\u5546\u54c1\u5df2\u7ecf\u4e0b\u67b6\u3002"],"content":"","goods_id":"1734","captcha":"48762","number":"1","donation_number":null,"product_spec":"","confirm_type":"3"}
addToCart(1734,1) failed at 2015-5-14 20:34:00, will readd
before weight is 27
rrt is 333
succeedTime is 28
after set weight is 28
retry buy good 1734 at 2015-5-14 20:34:01
Download full image code is correct as 48051
{"error":3,"message":["\u5bf9\u4e0d\u8d77\uff0c\u8be5\u5546\u54c1\u5df2\u7ecf\u4e0b\u67b6\u3002"],"content":"","goods_id":"1734","captcha":"48051","number":"1","donation_number":null,"product_spec":"","confirm_type":"3"}
addToCart(1734,1) failed at 2015-5-14 20:34:01, will readd
before weight is 28
rrt is 320
succeedTime is 29
after set weight is 29
retry buy good 1734 at 2015-5-14 20:34:02
Download full image code is correct as 12305
{"error":3,"message":["\u5bf9\u4e0d\u8d77\uff0c\u8be5\u5546\u54c1\u5df2\u7ecf\u4e0b\u67b6\u3002"],"content":"","goods_id":"1734","captcha":"12305","number":"1","donation_number":null,"product_spec":"","confirm_type":"3"}
addToCart(1734,1) failed at 2015-5-14 20:34:02, will readd
before weight is 29
rrt is 384
succeedTime is 30
after set weight is 30
retry buy good 1734 at 2015-5-14 20:34:03
Download full image code is correct as 15028
{"error":3,"message":["\u5bf9\u4e0d\u8d77\uff0c\u8be5\u5546\u54c1\u5df2\u7ecf\u4e0b\u67b6\u3002"],"content":"","goods_id":"1734","captcha":"15028","number":"1","donation_number":null,"product_spec":"","confirm_type":"3"}
addToCart(1734,1) failed at 2015-5-14 20:34:03, will readd
before weight is 30
rrt is 437
succeedTime is 31
after set weight is 31
retry buy good 1734 at 2015-5-14 20:34:04
Download full image code is correct as 04951
{"error":3,"message":["\u5bf9\u4e0d\u8d77\uff0c\u8be5\u5546\u54c1\u5df2\u7ecf\u4e0b\u67b6\u3002"],"content":"","goods_id":"1734","captcha":"04951","number":"1","donation_number":null,"product_spec":"","confirm_type":"3"}
addToCart(1734,1) failed at 2015-5-14 20:34:04, will readd
before weight is 31
rrt is 432
succeedTime is 32
after set weight is 32
retry buy good 1734 at 2015-5-14 20:34:05
Download full image code is correct as 48157
{"error":3,"message":["\u5bf9\u4e0d\u8d77\uff0c\u8be5\u5546\u54c1\u5df2\u7ecf\u4e0b\u67b6\u3002"],"content":"","goods_id":"1734","captcha":"48157","number":"1","donation_number":null,"product_spec":"","confirm_type":"3"}
addToCart(1734,1) failed at 2015-5-14 20:34:05, will readd
before weight is 32
rrt is 433
succeedTime is 33
after set weight is 33
retry buy good 1734 at 2015-5-14 20:34:06
Download full image code is correct as 29365
{"error":3,"message":["\u5bf9\u4e0d\u8d77\uff0c\u8be5\u5546\u54c1\u5df2\u7ecf\u4e0b\u67b6\u3002"],"content":"","goods_id":"1734","captcha":"29365","number":"1","donation_number":null,"product_spec":"","confirm_type":"3"}
addToCart(1734,1) failed at 2015-5-14 20:34:07, will readd
before weight is 33
rrt is 971
succeedTime is 34
after set weight is 34
retry buy good 1734 at 2015-5-14 20:34:07
Download full image code is correct as 35489
{"error":3,"message":["\u5bf9\u4e0d\u8d77\uff0c\u8be5\u5546\u54c1\u5df2\u7ecf\u4e0b\u67b6\u3002"],"content":"","goods_id":"1734","captcha":"35489","number":"1","donation_number":null,"product_spec":"","confirm_type":"3"}
addToCart(1734,1) failed at 2015-5-14 20:34:09, will readd
before weight is 34
rrt is 1500
succeedTime is 34
after set weight is 34
retry buy good 1734 at 2015-5-14 20:34:09
Download full image code is correct as 69705
{"error":3,"message":["\u5bf9\u4e0d\u8d77\uff0c\u8be5\u5546\u54c1\u5df2\u7ecf\u4e0b\u67b6\u3002"],"content":"","goods_id":"1734","captcha":"69705","number":"1","donation_number":null,"product_spec":"","confirm_type":"3"}
addToCart(1734,1) failed at 2015-5-14 20:34:10, will readd
before weight is 34
rrt is 431
succeedTime is 35
after set weight is 35
retry buy good 1734 at 2015-5-14 20:34:10
Download full image code is correct as 24576
{"error":3,"message":["\u5bf9\u4e0d\u8d77\uff0c\u8be5\u5546\u54c1\u5df2\u7ecf\u4e0b\u67b6\u3002"],"content":"","goods_id":"1734","captcha":"24576","number":"1","donation_number":null,"product_spec":"","confirm_type":"3"}
addToCart(1734,1) failed at 2015-5-14 20:34:11, will readd
before weight is 35
rrt is 567
succeedTime is 36
after set weight is 36
retry buy good 1734 at 2015-5-14 20:34:12
Download full image code is correct as 21597
{"error":3,"message":["\u5bf9\u4e0d\u8d77\uff0c\u8be5\u5546\u54c1\u5df2\u7ecf\u4e0b\u67b6\u3002"],"content":"","goods_id":"1734","captcha":"21597","number":"1","donation_number":null,"product_spec":"","confirm_type":"3"}
addToCart(1734,1) failed at 2015-5-14 20:34:12, will readd
before weight is 36
rrt is 434
succeedTime is 37
after set weight is 37
retry buy good 1734 at 2015-5-14 20:34:13
Download full image code is correct as 62834
{"error":3,"message":["\u5bf9\u4e0d\u8d77\uff0c\u8be5\u5546\u54c1\u5df2\u7ecf\u4e0b\u67b6\u3002"],"content":"","goods_id":"1734","captcha":"62834","number":"1","donation_number":null,"product_spec":"","confirm_type":"3"}
addToCart(1734,1) failed at 2015-5-14 20:34:15, will readd
before weight is 37
rrt is 2268
succeedTime is 36
after set weight is 36
retry buy good 1734 at 2015-5-14 20:34:16
Download full image code is correct as 93106
{"error":3,"message":["\u5bf9\u4e0d\u8d77\uff0c\u8be5\u5546\u54c1\u5df2\u7ecf\u4e0b\u67b6\u3002"],"content":"","goods_id":"1734","captcha":"93106","number":"1","donation_number":null,"product_spec":"","confirm_type":"3"}
addToCart(1734,1) failed at 2015-5-14 20:34:16, will readd
before weight is 36
rrt is 435
succeedTime is 37
after set weight is 37
retry buy good 1734 at 2015-5-14 20:34:17
Download full image code is correct as 25396
{"error":3,"message":["\u5bf9\u4e0d\u8d77\uff0c\u8be5\u5546\u54c1\u5df2\u7ecf\u4e0b\u67b6\u3002"],"content":"","goods_id":"1734","captcha":"25396","number":"1","donation_number":null,"product_spec":"","confirm_type":"3"}
addToCart(1734,1) failed at 2015-5-14 20:34:17, will readd
before weight is 37
rrt is 435
succeedTime is 38
after set weight is 38
retry buy good 1734 at 2015-5-14 20:34:18
Download full image code is correct as 63804
{"error":3,"message":["\u5bf9\u4e0d\u8d77\uff0c\u8be5\u5546\u54c1\u5df2\u7ecf\u4e0b\u67b6\u3002"],"content":"","goods_id":"1734","captcha":"63804","number":"1","donation_number":null,"product_spec":"","confirm_type":"3"}
addToCart(1734,1) failed at 2015-5-14 20:34:18, will readd
before weight is 38
rrt is 422
succeedTime is 39
after set weight is 39
retry buy good 1734 at 2015-5-14 20:34:19
Download full image code is correct as 95107
{"error":3,"message":["\u5bf9\u4e0d\u8d77\uff0c\u8be5\u5546\u54c1\u5df2\u7ecf\u4e0b\u67b6\u3002"],"content":"","goods_id":"1734","captcha":"95107","number":"1","donation_number":null,"product_spec":"","confirm_type":"3"}
addToCart(1734,1) failed at 2015-5-14 20:34:19, will readd
before weight is 39
rrt is 428
succeedTime is 40
after set weight is 40
retry buy good 1734 at 2015-5-14 20:34:20
Download full image code is correct as 61894
{"error":3,"message":["\u5bf9\u4e0d\u8d77\uff0c\u8be5\u5546\u54c1\u5df2\u7ecf\u4e0b\u67b6\u3002"],"content":"","goods_id":"1734","captcha":"61894","number":"1","donation_number":null,"product_spec":"","confirm_type":"3"}
addToCart(1734,1) failed at 2015-5-14 20:34:20, will readd
before weight is 40
rrt is 432
succeedTime is 41
after set weight is 41
retry buy good 1734 at 2015-5-14 20:34:21
Download full image code is correct as 26798
{"error":3,"message":["\u5bf9\u4e0d\u8d77\uff0c\u8be5\u5546\u54c1\u5df2\u7ecf\u4e0b\u67b6\u3002"],"content":"","goods_id":"1734","captcha":"26798","number":"1","donation_number":null,"product_spec":"","confirm_type":"3"}
addToCart(1734,1) failed at 2015-5-14 20:34:21, will readd
before weight is 41
rrt is 565
succeedTime is 42
after set weight is 42
retry buy good 1734 at 2015-5-14 20:34:22
Download full image code is correct as 92857
{"error":3,"message":["\u5bf9\u4e0d\u8d77\uff0c\u8be5\u5546\u54c1\u5df2\u7ecf\u4e0b\u67b6\u3002"],"content":"","goods_id":"1734","captcha":"92857","number":"1","donation_number":null,"product_spec":"","confirm_type":"3"}
addToCart(1734,1) failed at 2015-5-14 20:34:22, will readd
before weight is 42
rrt is 435
succeedTime is 43
after set weight is 43
retry buy good 1734 at 2015-5-14 20:34:23
Download full image code is correct as 82647
{"error":3,"message":["\u5bf9\u4e0d\u8d77\uff0c\u8be5\u5546\u54c1\u5df2\u7ecf\u4e0b\u67b6\u3002"],"content":"","goods_id":"1734","captcha":"82647","number":"1","donation_number":null,"product_spec":"","confirm_type":"3"}
addToCart(1734,1) failed at 2015-5-14 20:34:23, will readd
before weight is 43
rrt is 431
succeedTime is 44
after set weight is 44
retry buy good 1734 at 2015-5-14 20:34:24
Download full image code is correct as 67542
{"error":3,"message":["\u5bf9\u4e0d\u8d77\uff0c\u8be5\u5546\u54c1\u5df2\u7ecf\u4e0b\u67b6\u3002"],"content":"","goods_id":"1734","captcha":"67542","number":"1","donation_number":null,"product_spec":"","confirm_type":"3"}
addToCart(1734,1) failed at 2015-5-14 20:34:25, will readd
before weight is 44
rrt is 932
succeedTime is 45
after set weight is 45
retry buy good 1734 at 2015-5-14 20:34:25
Download full image code is correct as 38510
{"error":3,"message":["\u5bf9\u4e0d\u8d77\uff0c\u8be5\u5546\u54c1\u5df2\u7ecf\u4e0b\u67b6\u3002"],"content":"","goods_id":"1734","captcha":"38510","number":"1","donation_number":null,"product_spec":"","confirm_type":"3"}
addToCart(1734,1) failed at 2015-5-14 20:34:26, will readd
before weight is 45
rrt is 440
succeedTime is 46
after set weight is 46
retry buy good 1734 at 2015-5-14 20:34:26
Download full image code is correct as 96108
{"error":3,"message":["\u5bf9\u4e0d\u8d77\uff0c\u8be5\u5546\u54c1\u5df2\u7ecf\u4e0b\u67b6\u3002"],"content":"","goods_id":"1734","captcha":"96108","number":"1","donation_number":null,"product_spec":"","confirm_type":"3"}
addToCart(1734,1) failed at 2015-5-14 20:34:27, will readd
before weight is 46
rrt is 432
succeedTime is 47
after set weight is 47
retry buy good 1734 at 2015-5-14 20:34:28
Download full image code is correct as 09578
{"error":3,"message":["\u5bf9\u4e0d\u8d77\uff0c\u8be5\u5546\u54c1\u5df2\u7ecf\u4e0b\u67b6\u3002"],"content":"","goods_id":"1734","captcha":"09578","number":"1","donation_number":null,"product_spec":"","confirm_type":"3"}
addToCart(1734,1) failed at 2015-5-14 20:34:28, will readd
before weight is 47
rrt is 430
succeedTime is 48
after set weight is 48
retry buy good 1734 at 2015-5-14 20:34:29
Download full image code is correct as 90648
{"error":3,"message":["\u5bf9\u4e0d\u8d77\uff0c\u8be5\u5546\u54c1\u5df2\u7ecf\u4e0b\u67b6\u3002"],"content":"","goods_id":"1734","captcha":"90648","number":"1","donation_number":null,"product_spec":"","confirm_type":"3"}
addToCart(1734,1) failed at 2015-5-14 20:34:29, will readd
before weight is 48
rrt is 934
succeedTime is 49
after set weight is 49
retry buy good 1734 at 2015-5-14 20:34:30
Download full image code is correct as 71263
{"error":3,"message":["\u5bf9\u4e0d\u8d77\uff0c\u8be5\u5546\u54c1\u5df2\u7ecf\u4e0b\u67b6\u3002"],"content":"","goods_id":"1734","captcha":"71263","number":"1","donation_number":null,"product_spec":"","confirm_type":"3"}
addToCart(1734,1) failed at 2015-5-14 20:34:31, will readd
before weight is 49
rrt is 437
succeedTime is 50
after set weight is 50
retry buy good 1734 at 2015-5-14 20:34:31
Download full image code is correct as 59632
{"error":3,"message":["\u5bf9\u4e0d\u8d77\uff0c\u8be5\u5546\u54c1\u5df2\u7ecf\u4e0b\u67b6\u3002"],"content":"","goods_id":"1734","captcha":"59632","number":"1","donation_number":null,"product_spec":"","confirm_type":"3"}
addToCart(1734,1) failed at 2015-5-14 20:34:31, will readd
before weight is 50
rrt is 302
succeedTime is 51
after set weight is 51
retry buy good 1734 at 2015-5-14 20:34:32
Download full image code is correct as 30592
{"error":3,"message":["\u5bf9\u4e0d\u8d77\uff0c\u8be5\u5546\u54c1\u5df2\u7ecf\u4e0b\u67b6\u3002"],"content":"","goods_id":"1734","captcha":"30592","number":"1","donation_number":null,"product_spec":"","confirm_type":"3"}
addToCart(1734,1) failed at 2015-5-14 20:34:32, will readd
before weight is 51
rrt is 186
succeedTime is 52
after set weight is 52
retry buy good 1734 at 2015-5-14 20:34:33
Download full image code is correct as 43706
{"error":3,"message":["\u5bf9\u4e0d\u8d77\uff0c\u8be5\u5546\u54c1\u5df2\u7ecf\u4e0b\u67b6\u3002"],"content":"","goods_id":"1734","captcha":"43706","number":"1","donation_number":null,"product_spec":"","confirm_type":"3"}
addToCart(1734,1) failed at 2015-5-14 20:34:33, will readd
before weight is 52
rrt is 224
succeedTime is 53
after set weight is 53
retry buy good 1734 at 2015-5-14 20:34:34
Download full image code is correct as 03812
{"error":3,"message":["\u5bf9\u4e0d\u8d77\uff0c\u8be5\u5546\u54c1\u5df2\u7ecf\u4e0b\u67b6\u3002"],"content":"","goods_id":"1734","captcha":"03812","number":"1","donation_number":null,"product_spec":"","confirm_type":"3"}
addToCart(1734,1) failed at 2015-5-14 20:34:34, will readd
before weight is 53
rrt is 257
succeedTime is 54
after set weight is 54
retry buy good 1734 at 2015-5-14 20:34:34
Download full image code is correct as 31870
{"error":3,"message":["\u5bf9\u4e0d\u8d77\uff0c\u8be5\u5546\u54c1\u5df2\u7ecf\u4e0b\u67b6\u3002"],"content":"","goods_id":"1734","captcha":"31870","number":"1","donation_number":null,"product_spec":"","confirm_type":"3"}
addToCart(1734,1) failed at 2015-5-14 20:34:35, will readd
before weight is 54
rrt is 970
succeedTime is 55
after set weight is 55
retry buy good 1734 at 2015-5-14 20:34:36
Download full image code is correct as 17540
{"error":3,"message":["\u5bf9\u4e0d\u8d77\uff0c\u8be5\u5546\u54c1\u5df2\u7ecf\u4e0b\u67b6\u3002"],"content":"","goods_id":"1734","captcha":"17540","number":"1","donation_number":null,"product_spec":"","confirm_type":"3"}
addToCart(1734,1) failed at 2015-5-14 20:34:36, will readd
before weight is 55
rrt is 376
succeedTime is 56
after set weight is 56
retry buy good 1734 at 2015-5-14 20:34:37
Download full image code is correct as 94506
{"error":3,"message":["\u5bf9\u4e0d\u8d77\uff0c\u8be5\u5546\u54c1\u5df2\u7ecf\u4e0b\u67b6\u3002"],"content":"","goods_id":"1734","captcha":"94506","number":"1","donation_number":null,"product_spec":"","confirm_type":"3"}
addToCart(1734,1) failed at 2015-5-14 20:34:37, will readd
before weight is 56
rrt is 396
succeedTime is 57
after set weight is 57
retry buy good 1734 at 2015-5-14 20:34:38
Download full image code is correct as 80476
{"error":3,"message":["\u5bf9\u4e0d\u8d77\uff0c\u8be5\u5546\u54c1\u5df2\u7ecf\u4e0b\u67b6\u3002"],"content":"","goods_id":"1734","captcha":"80476","number":"1","donation_number":null,"product_spec":"","confirm_type":"3"}
addToCart(1734,1) failed at 2015-5-14 20:34:38, will readd
before weight is 57
rrt is 433
succeedTime is 58
after set weight is 58
retry buy good 1734 at 2015-5-14 20:34:39
Download full image code is correct as 98726
{"error":3,"message":["\u5bf9\u4e0d\u8d77\uff0c\u8be5\u5546\u54c1\u5df2\u7ecf\u4e0b\u67b6\u3002"],"content":"","goods_id":"1734","captcha":"98726","number":"1","donation_number":null,"product_spec":"","confirm_type":"3"}
addToCart(1734,1) failed at 2015-5-14 20:34:39, will readd
before weight is 58
rrt is 429
succeedTime is 59
after set weight is 59
retry buy good 1734 at 2015-5-14 20:34:40
Download full image code is correct as 15842
{"error":3,"message":["\u5bf9\u4e0d\u8d77\uff0c\u8be5\u5546\u54c1\u5df2\u7ecf\u4e0b\u67b6\u3002"],"content":"","goods_id":"1734","captcha":"15842","number":"1","donation_number":null,"product_spec":"","confirm_type":"3"}
addToCart(1734,1) failed at 2015-5-14 20:34:41, will readd
before weight is 59
rrt is 428
succeedTime is 60
after set weight is 60
retry buy good 1734 at 2015-5-14 20:34:41
Download full image code is correct as 84561
{"error":3,"message":["\u5bf9\u4e0d\u8d77\uff0c\u8be5\u5546\u54c1\u5df2\u7ecf\u4e0b\u67b6\u3002"],"content":"","goods_id":"1734","captcha":"84561","number":"1","donation_number":null,"product_spec":"","confirm_type":"3"}
addToCart(1734,1) failed at 2015-5-14 20:34:43, will readd
before weight is 60
rrt is 1514
succeedTime is 60
after set weight is 60
retry buy good 1734 at 2015-5-14 20:34:43
Download full image code is correct as 56019
{"error":3,"message":["\u5bf9\u4e0d\u8d77\uff0c\u8be5\u5546\u54c1\u5df2\u7ecf\u4e0b\u67b6\u3002"],"content":"","goods_id":"1734","captcha":"56019","number":"1","donation_number":null,"product_spec":"","confirm_type":"3"}
addToCart(1734,1) failed at 2015-5-14 20:34:44, will readd
before weight is 60
rrt is 434
succeedTime is 61
after set weight is 61
retry buy good 1734 at 2015-5-14 20:34:44
Download full image code is correct as 87362
{"error":3,"message":["\u5bf9\u4e0d\u8d77\uff0c\u8be5\u5546\u54c1\u5df2\u7ecf\u4e0b\u67b6\u3002"],"content":"","goods_id":"1734","captcha":"87362","number":"1","donation_number":null,"product_spec":"","confirm_type":"3"}
addToCart(1734,1) failed at 2015-5-14 20:34:45, will readd
before weight is 61
rrt is 426
succeedTime is 62
after set weight is 62
retry buy good 1734 at 2015-5-14 20:34:45
Download full image code is correct as 52386
{"error":3,"message":["\u5bf9\u4e0d\u8d77\uff0c\u8be5\u5546\u54c1\u5df2\u7ecf\u4e0b\u67b6\u3002"],"content":"","goods_id":"1734","captcha":"52386","number":"1","donation_number":null,"product_spec":"","confirm_type":"3"}
addToCart(1734,1) failed at 2015-5-14 20:34:46, will readd
before weight is 62
rrt is 397
succeedTime is 63
after set weight is 63
retry buy good 1734 at 2015-5-14 20:34:46
Download full image code is correct as 93206
{"error":3,"message":["\u5bf9\u4e0d\u8d77\uff0c\u8be5\u5546\u54c1\u5df2\u7ecf\u4e0b\u67b6\u3002"],"content":"","goods_id":"1734","captcha":"93206","number":"1","donation_number":null,"product_spec":"","confirm_type":"3"}
addToCart(1734,1) failed at 2015-5-14 20:34:47, will readd
before weight is 63
rrt is 429
succeedTime is 64
after set weight is 64
retry buy good 1734 at 2015-5-14 20:34:47
Download full image code is correct as 48356
{"error":3,"message":["\u5bf9\u4e0d\u8d77\uff0c\u8be5\u5546\u54c1\u5df2\u7ecf\u4e0b\u67b6\u3002"],"content":"","goods_id":"1734","captcha":"48356","number":"1","donation_number":null,"product_spec":"","confirm_type":"3"}
addToCart(1734,1) failed at 2015-5-14 20:34:52, will readd
before weight is 64
rrt is 4787
succeedTime is 62
after set weight is 62
retry buy good 1734 at 2015-5-14 20:34:53
Download full image code is correct as 60492
{"error":3,"message":["\u5bf9\u4e0d\u8d77\uff0c\u8be5\u5546\u54c1\u5df2\u7ecf\u4e0b\u67b6\u3002"],"content":"","goods_id":"1734","captcha":"60492","number":"1","donation_number":null,"product_spec":"","confirm_type":"3"}
addToCart(1734,1) failed at 2015-5-14 20:34:53, will readd
before weight is 62
rrt is 432
succeedTime is 63
after set weight is 63
retry buy good 1734 at 2015-5-14 20:34:54
Download full image code is correct as 71854
{"error":3,"message":["\u5bf9\u4e0d\u8d77\uff0c\u8be5\u5546\u54c1\u5df2\u7ecf\u4e0b\u67b6\u3002"],"content":"","goods_id":"1734","captcha":"71854","number":"1","donation_number":null,"product_spec":"","confirm_type":"3"}
addToCart(1734,1) failed at 2015-5-14 20:34:54, will readd
before weight is 63
rrt is 428
succeedTime is 64
after set weight is 64
retry buy good 1734 at 2015-5-14 20:34:55
Download full image code is correct as 85976
{"error":3,"message":["\u5bf9\u4e0d\u8d77\uff0c\u8be5\u5546\u54c1\u5df2\u7ecf\u4e0b\u67b6\u3002"],"content":"","goods_id":"1734","captcha":"85976","number":"1","donation_number":null,"product_spec":"","confirm_type":"3"}
addToCart(1734,1) failed at 2015-5-14 20:34:55, will readd
before weight is 64
rrt is 432
succeedTime is 65
after set weight is 65
retry buy good 1734 at 2015-5-14 20:34:56
Download full image code is correct as 73026
{"error":3,"message":["\u5bf9\u4e0d\u8d77\uff0c\u8be5\u5546\u54c1\u5df2\u7ecf\u4e0b\u67b6\u3002"],"content":"","goods_id":"1734","captcha":"73026","number":"1","donation_number":null,"product_spec":"","confirm_type":"3"}
addToCart(1734,1) failed at 2015-5-14 20:34:56, will readd
before weight is 65
rrt is 434
succeedTime is 66
after set weight is 66
retry buy good 1734 at 2015-5-14 20:34:57
Download full image code is correct as 21598
{"error":3,"message":["\u5bf9\u4e0d\u8d77\uff0c\u8be5\u5546\u54c1\u5df2\u7ecf\u4e0b\u67b6\u3002"],"content":"","goods_id":"1734","captcha":"21598","number":"1","donation_number":null,"product_spec":"","confirm_type":"3"}
addToCart(1734,1) failed at 2015-5-14 20:34:58, will readd
before weight is 66
rrt is 1011
succeedTime is 66
after set weight is 66
retry buy good 1734 at 2015-5-14 20:34:58
Download full image code is correct as 48392
{"error":3,"message":["\u5bf9\u4e0d\u8d77\uff0c\u8be5\u5546\u54c1\u5df2\u7ecf\u4e0b\u67b6\u3002"],"content":"","goods_id":"1734","captcha":"48392","number":"1","donation_number":null,"product_spec":"","confirm_type":"3"}
addToCart(1734,1) failed at 2015-5-14 20:34:59, will readd
before weight is 66
rrt is 440
succeedTime is 67
after set weight is 67
retry buy good 1734 at 2015-5-14 20:34:59
Download full image code is correct as 69420
{"error":3,"message":["\u5bf9\u4e0d\u8d77\uff0c\u8be5\u5546\u54c1\u5df2\u7ecf\u4e0b\u67b6\u3002"],"content":"","goods_id":"1734","captcha":"69420","number":"1","donation_number":null,"product_spec":"","confirm_type":"3"}
addToCart(1734,1) failed at 2015-5-14 20:35:00, will readd
before weight is 67
rrt is 562
succeedTime is 68
after set weight is 68
retry buy good 1734 at 2015-5-14 20:35:01
Download full image code is correct as 43071
{"error":3,"message":["\u5bf9\u4e0d\u8d77\uff0c\u8be5\u5546\u54c1\u5df2\u7ecf\u4e0b\u67b6\u3002"],"content":"","goods_id":"1734","captcha":"43071","number":"1","donation_number":null,"product_spec":"","confirm_type":"3"}
addToCart(1734,1) failed at 2015-5-14 20:35:02, will readd
before weight is 68
rrt is 931
succeedTime is 69
after set weight is 69
retry buy good 1734 at 2015-5-14 20:35:02
Download full image code is correct as 62593
{"error":3,"message":["\u5bf9\u4e0d\u8d77\uff0c\u8be5\u5546\u54c1\u5df2\u7ecf\u4e0b\u67b6\u3002"],"content":"","goods_id":"1734","captcha":"62593","number":"1","donation_number":null,"product_spec":"","confirm_type":"3"}
addToCart(1734,1) failed at 2015-5-14 20:35:03, will readd
before weight is 69
rrt is 434
succeedTime is 70
after set weight is 70
retry buy good 1734 at 2015-5-14 20:35:03
Download full image code is correct as 26198
{"error":3,"message":["\u5bf9\u4e0d\u8d77\uff0c\u8be5\u5546\u54c1\u5df2\u7ecf\u4e0b\u67b6\u3002"],"content":"","goods_id":"1734","captcha":"26198","number":"1","donation_number":null,"product_spec":"","confirm_type":"3"}
addToCart(1734,1) failed at 2015-5-14 20:35:04, will readd
before weight is 70
rrt is 434
succeedTime is 71
after set weight is 71
retry buy good 1734 at 2015-5-14 20:35:04
Download full image code is correct as 45802
{"error":3,"message":["\u5bf9\u4e0d\u8d77\uff0c\u8be5\u5546\u54c1\u5df2\u7ecf\u4e0b\u67b6\u3002"],"content":"","goods_id":"1734","captcha":"45802","number":"1","donation_number":null,"product_spec":"","confirm_type":"3"}
addToCart(1734,1) failed at 2015-5-14 20:35:05, will readd
before weight is 71
rrt is 428
succeedTime is 72
after set weight is 72
retry buy good 1734 at 2015-5-14 20:35:05
Download full image code is correct as 32015
{"error":3,"message":["\u5bf9\u4e0d\u8d77\uff0c\u8be5\u5546\u54c1\u5df2\u7ecf\u4e0b\u67b6\u3002"],"content":"","goods_id":"1734","captcha":"32015","number":"1","donation_number":null,"product_spec":"","confirm_type":"3"}
addToCart(1734,1) failed at 2015-5-14 20:35:06, will readd
before weight is 72
rrt is 935
succeedTime is 73
after set weight is 73
retry buy good 1734 at 2015-5-14 20:35:07
Download full image code is correct as 79320
{"error":3,"message":["\u5bf9\u4e0d\u8d77\uff0c\u8be5\u5546\u54c1\u5df2\u7ecf\u4e0b\u67b6\u3002"],"content":"","goods_id":"1734","captcha":"79320","number":"1","donation_number":null,"product_spec":"","confirm_type":"3"}
addToCart(1734,1) failed at 2015-5-14 20:35:08, will readd
before weight is 73
rrt is 935
succeedTime is 74
after set weight is 74
retry buy good 1734 at 2015-5-14 20:35:08
Download full image code is correct as 61375
{"error":3,"message":["\u5bf9\u4e0d\u8d77\uff0c\u8be5\u5546\u54c1\u5df2\u7ecf\u4e0b\u67b6\u3002"],"content":"","goods_id":"1734","captcha":"61375","number":"1","donation_number":null,"product_spec":"","confirm_type":"3"}
addToCart(1734,1) failed at 2015-5-14 20:35:09, will readd
before weight is 74
rrt is 233
succeedTime is 75
after set weight is 75
retry buy good 1734 at 2015-5-14 20:35:09
Download full image code is correct as 34529
{"error":3,"message":["\u5bf9\u4e0d\u8d77\uff0c\u8be5\u5546\u54c1\u5df2\u7ecf\u4e0b\u67b6\u3002"],"content":"","goods_id":"1734","captcha":"34529","number":"1","donation_number":null,"product_spec":"","confirm_type":"3"}
addToCart(1734,1) failed at 2015-5-14 20:35:09, will readd
before weight is 75
rrt is 253
succeedTime is 76
after set weight is 76
retry buy good 1734 at 2015-5-14 20:35:10
Download full image code is correct as 86579
{"error":3,"message":["\u5bf9\u4e0d\u8d77\uff0c\u8be5\u5546\u54c1\u5df2\u7ecf\u4e0b\u67b6\u3002"],"content":"","goods_id":"1734","captcha":"86579","number":"1","donation_number":null,"product_spec":"","confirm_type":"3"}
addToCart(1734,1) failed at 2015-5-14 20:35:10, will readd
before weight is 76
rrt is 236
succeedTime is 77
after set weight is 77
retry buy good 1734 at 2015-5-14 20:35:11
Download full image code is correct as 35824
{"error":3,"message":["\u5bf9\u4e0d\u8d77\uff0c\u8be5\u5546\u54c1\u5df2\u7ecf\u4e0b\u67b6\u3002"],"content":"","goods_id":"1734","captcha":"35824","number":"1","donation_number":null,"product_spec":"","confirm_type":"3"}
addToCart(1734,1) failed at 2015-5-14 20:35:11, will readd
before weight is 77
rrt is 205
succeedTime is 78
after set weight is 78
retry buy good 1734 at 2015-5-14 20:35:12
Download full image code is correct as 79236
{"error":3,"message":["\u5bf9\u4e0d\u8d77\uff0c\u8be5\u5546\u54c1\u5df2\u7ecf\u4e0b\u67b6\u3002"],"content":"","goods_id":"1734","captcha":"79236","number":"1","donation_number":null,"product_spec":"","confirm_type":"3"}
addToCart(1734,1) failed at 2015-5-14 20:35:12, will readd
before weight is 78
rrt is 212
succeedTime is 79
after set weight is 79
retry buy good 1734 at 2015-5-14 20:35:12
Download full image code is correct as 37482
{"error":3,"message":["\u5bf9\u4e0d\u8d77\uff0c\u8be5\u5546\u54c1\u5df2\u7ecf\u4e0b\u67b6\u3002"],"content":"","goods_id":"1734","captcha":"37482","number":"1","donation_number":null,"product_spec":"","confirm_type":"3"}
addToCart(1734,1) failed at 2015-5-14 20:35:13, will readd
before weight is 79
rrt is 243
succeedTime is 80
after set weight is 80
retry buy good 1734 at 2015-5-14 20:35:13
Download full image code is correct as 68940
{"error":3,"message":["\u5bf9\u4e0d\u8d77\uff0c\u8be5\u5546\u54c1\u5df2\u7ecf\u4e0b\u67b6\u3002"],"content":"","goods_id":"1734","captcha":"68940","number":"1","donation_number":null,"product_spec":"","confirm_type":"3"}
addToCart(1734,1) failed at 2015-5-14 20:35:14, will readd
before weight is 80
rrt is 278
succeedTime is 81
after set weight is 81
retry buy good 1734 at 2015-5-14 20:35:14
Download full image code is correct as 46975
{"error":3,"message":["\u5bf9\u4e0d\u8d77\uff0c\u8be5\u5546\u54c1\u5df2\u7ecf\u4e0b\u67b6\u3002"],"content":"","goods_id":"1734","captcha":"46975","number":"1","donation_number":null,"product_spec":"","confirm_type":"3"}
addToCart(1734,1) failed at 2015-5-14 20:35:15, will readd
before weight is 81
rrt is 556
succeedTime is 82
after set weight is 82
retry buy good 1734 at 2015-5-14 20:35:15
Download full image code is correct as 02369
{"error":3,"message":["\u5bf9\u4e0d\u8d77\uff0c\u8be5\u5546\u54c1\u5df2\u7ecf\u4e0b\u67b6\u3002"],"content":"","goods_id":"1734","captcha":"02369","number":"1","donation_number":null,"product_spec":"","confirm_type":"3"}
addToCart(1734,1) failed at 2015-5-14 20:35:16, will readd
before weight is 82
rrt is 437
succeedTime is 83
after set weight is 83
retry buy good 1734 at 2015-5-14 20:35:16
Download full image code is correct as 06593
{"error":3,"message":["\u5bf9\u4e0d\u8d77\uff0c\u8be5\u5546\u54c1\u5df2\u7ecf\u4e0b\u67b6\u3002"],"content":"","goods_id":"1734","captcha":"06593","number":"1","donation_number":null,"product_spec":"","confirm_type":"3"}
addToCart(1734,1) failed at 2015-5-14 20:35:17, will readd
before weight is 83
rrt is 435
succeedTime is 84
after set weight is 84
retry buy good 1734 at 2015-5-14 20:35:17
Download full image code is correct as 35679
{"error":3,"message":["\u5bf9\u4e0d\u8d77\uff0c\u8be5\u5546\u54c1\u5df2\u7ecf\u4e0b\u67b6\u3002"],"content":"","goods_id":"1734","captcha":"35679","number":"1","donation_number":null,"product_spec":"","confirm_type":"3"}
addToCart(1734,1) failed at 2015-5-14 20:35:18, will readd
before weight is 84
rrt is 426
succeedTime is 85
after set weight is 85
retry buy good 1734 at 2015-5-14 20:35:18
Download full image code is correct as 35740
{"error":3,"message":["\u5bf9\u4e0d\u8d77\uff0c\u8be5\u5546\u54c1\u5df2\u7ecf\u4e0b\u67b6\u3002"],"content":"","goods_id":"1734","captcha":"35740","number":"1","donation_number":null,"product_spec":"","confirm_type":"3"}
addToCart(1734,1) failed at 2015-5-14 20:35:21, will readd
before weight is 85
rrt is 2170
succeedTime is 84
after set weight is 84
retry buy good 1734 at 2015-5-14 20:35:21
Download full image code is correct as 35467
{"error":3,"message":["\u5bf9\u4e0d\u8d77\uff0c\u8be5\u5546\u54c1\u5df2\u7ecf\u4e0b\u67b6\u3002"],"content":"","goods_id":"1734","captcha":"35467","number":"1","donation_number":null,"product_spec":"","confirm_type":"3"}
addToCart(1734,1) failed at 2015-5-14 20:35:22, will readd
before weight is 84
rrt is 434
succeedTime is 85
after set weight is 85
retry buy good 1734 at 2015-5-14 20:35:22
Download full image code is correct as 83429
{"error":3,"message":["\u5bf9\u4e0d\u8d77\uff0c\u8be5\u5546\u54c1\u5df2\u7ecf\u4e0b\u67b6\u3002"],"content":"","goods_id":"1734","captcha":"83429","number":"1","donation_number":null,"product_spec":"","confirm_type":"3"}
addToCart(1734,1) failed at 2015-5-14 20:35:23, will readd
before weight is 85
rrt is 432
succeedTime is 86
after set weight is 86
retry buy good 1734 at 2015-5-14 20:35:23
Download full image code is correct as 61452
{"error":3,"message":["\u5bf9\u4e0d\u8d77\uff0c\u8be5\u5546\u54c1\u5df2\u7ecf\u4e0b\u67b6\u3002"],"content":"","goods_id":"1734","captcha":"61452","number":"1","donation_number":null,"product_spec":"","confirm_type":"3"}
addToCart(1734,1) failed at 2015-5-14 20:35:24, will readd
before weight is 86
rrt is 433
succeedTime is 87
after set weight is 87
retry buy good 1734 at 2015-5-14 20:35:24
Download full image code is correct as 05746
{"error":3,"message":["\u5bf9\u4e0d\u8d77\uff0c\u8be5\u5546\u54c1\u5df2\u7ecf\u4e0b\u67b6\u3002"],"content":"","goods_id":"1734","captcha":"05746","number":"1","donation_number":null,"product_spec":"","confirm_type":"3"}
addToCart(1734,1) failed at 2015-5-14 20:35:25, will readd
before weight is 87
rrt is 436
succeedTime is 88
after set weight is 88
retry buy good 1734 at 2015-5-14 20:35:25
Download full image code is correct as 50874
{"error":3,"message":["\u5bf9\u4e0d\u8d77\uff0c\u8be5\u5546\u54c1\u5df2\u7ecf\u4e0b\u67b6\u3002"],"content":"","goods_id":"1734","captcha":"50874","number":"1","donation_number":null,"product_spec":"","confirm_type":"3"}
addToCart(1734,1) failed at 2015-5-14 20:35:26, will readd
before weight is 88
rrt is 433
succeedTime is 89
after set weight is 89
retry buy good 1734 at 2015-5-14 20:35:26
