started at 2015-5-14 20:33:28
login sucessfully with proxy 220.181.32.106 at 2015-5-14 20:33:29
Download full image code is correct as 52790
{"error":3,"message":["\u5bf9\u4e0d\u8d77\uff0c\u8be5\u5546\u54c1\u5df2\u7ecf\u4e0b\u67b6\u3002"],"content":"","goods_id":"1744","captcha":"52790","number":"1","donation_number":null,"product_spec":"","confirm_type":"3"}
addToCart(1744,1) failed at 2015-5-14 20:33:30, will readd
before weight is 0
rrt is 762
succeedTime is 1
after set weight is 1
retry buy good 1744 at 2015-5-14 20:33:30
Download full image code is correct as 47920
{"error":3,"message":["\u5bf9\u4e0d\u8d77\uff0c\u8be5\u5546\u54c1\u5df2\u7ecf\u4e0b\u67b6\u3002"],"content":"","goods_id":"1744","captcha":"47920","number":"1","donation_number":null,"product_spec":"","confirm_type":"3"}
addToCart(1744,1) failed at 2015-5-14 20:33:31, will readd
before weight is 1
rrt is 742
succeedTime is 2
after set weight is 2
retry buy good 1744 at 2015-5-14 20:33:32
Download full image code is correct as 20716
{"error":3,"message":["\u5bf9\u4e0d\u8d77\uff0c\u8be5\u5546\u54c1\u5df2\u7ecf\u4e0b\u67b6\u3002"],"content":"","goods_id":"1744","captcha":"20716","number":"1","donation_number":null,"product_spec":"","confirm_type":"3"}
addToCart(1744,1) failed at 2015-5-14 20:33:36, will readd
before weight is 2
rrt is 4420
succeedTime is 0
after set weight is 0
retry buy good 1744 at 2015-5-14 20:33:37
Download full image code is correct as 68357
{"error":3,"message":["\u5bf9\u4e0d\u8d77\uff0c\u8be5\u5546\u54c1\u5df2\u7ecf\u4e0b\u67b6\u3002"],"content":"","goods_id":"1744","captcha":"68357","number":"1","donation_number":null,"product_spec":"","confirm_type":"3"}
addToCart(1744,1) failed at 2015-5-14 20:33:37, will readd
before weight is 0
rrt is 722
succeedTime is 1
after set weight is 1
retry buy good 1744 at 2015-5-14 20:33:38
Download full image code is correct as 83542
{"error":3,"message":["\u5bf9\u4e0d\u8d77\uff0c\u8be5\u5546\u54c1\u5df2\u7ecf\u4e0b\u67b6\u3002"],"content":"","goods_id":"1744","captcha":"83542","number":"1","donation_number":null,"product_spec":"","confirm_type":"3"}
addToCart(1744,1) failed at 2015-5-14 20:33:39, will readd
before weight is 1
rrt is 706
succeedTime is 2
after set weight is 2
retry buy good 1744 at 2015-5-14 20:33:39
Download full image code is correct as 68451
{"error":3,"message":["\u5bf9\u4e0d\u8d77\uff0c\u8be5\u5546\u54c1\u5df2\u7ecf\u4e0b\u67b6\u3002"],"content":"","goods_id":"1744","captcha":"68451","number":"1","donation_number":null,"product_spec":"","confirm_type":"3"}
addToCart(1744,1) failed at 2015-5-14 20:33:40, will readd
before weight is 2
rrt is 713
succeedTime is 3
after set weight is 3
retry buy good 1744 at 2015-5-14 20:33:40
Download full image code is correct as 70423
{"error":3,"message":["\u5bf9\u4e0d\u8d77\uff0c\u8be5\u5546\u54c1\u5df2\u7ecf\u4e0b\u67b6\u3002"],"content":"","goods_id":"1744","captcha":"70423","number":"1","donation_number":null,"product_spec":"","confirm_type":"3"}
addToCart(1744,1) failed at 2015-5-14 20:33:41, will readd
before weight is 3
rrt is 725
succeedTime is 4
after set weight is 4
retry buy good 1744 at 2015-5-14 20:33:42
Download full image code is correct as 14357
{"error":3,"message":["\u5bf9\u4e0d\u8d77\uff0c\u8be5\u5546\u54c1\u5df2\u7ecf\u4e0b\u67b6\u3002"],"content":"","goods_id":"1744","captcha":"14357","number":"1","donation_number":null,"product_spec":"","confirm_type":"3"}
addToCart(1744,1) failed at 2015-5-14 20:33:43, will readd
before weight is 4
rrt is 738
succeedTime is 5
after set weight is 5
retry buy good 1744 at 2015-5-14 20:33:43
Download full image code is correct as 26891
{"error":3,"message":["\u5bf9\u4e0d\u8d77\uff0c\u8be5\u5546\u54c1\u5df2\u7ecf\u4e0b\u67b6\u3002"],"content":"","goods_id":"1744","captcha":"26891","number":"1","donation_number":null,"product_spec":"","confirm_type":"3"}
addToCart(1744,1) failed at 2015-5-14 20:33:44, will readd
before weight is 5
rrt is 725
succeedTime is 6
after set weight is 6
retry buy good 1744 at 2015-5-14 20:33:44
Download full image code is correct as 49160
{"error":3,"message":["\u5bf9\u4e0d\u8d77\uff0c\u8be5\u5546\u54c1\u5df2\u7ecf\u4e0b\u67b6\u3002"],"content":"","goods_id":"1744","captcha":"49160","number":"1","donation_number":null,"product_spec":"","confirm_type":"3"}
addToCart(1744,1) failed at 2015-5-14 20:33:48, will readd
before weight is 6
rrt is 3726
succeedTime is 5
after set weight is 5
retry buy good 1744 at 2015-5-14 20:33:49
Download full image code is correct as 64817
{"error":3,"message":["\u5bf9\u4e0d\u8d77\uff0c\u8be5\u5546\u54c1\u5df2\u7ecf\u4e0b\u67b6\u3002"],"content":"","goods_id":"1744","captcha":"64817","number":"1","donation_number":null,"product_spec":"","confirm_type":"3"}
addToCart(1744,1) failed at 2015-5-14 20:33:50, will readd
before weight is 5
rrt is 744
succeedTime is 6
after set weight is 6
retry buy good 1744 at 2015-5-14 20:33:50
Download full image code is correct as 61840
{"error":3,"message":["\u5bf9\u4e0d\u8d77\uff0c\u8be5\u5546\u54c1\u5df2\u7ecf\u4e0b\u67b6\u3002"],"content":"","goods_id":"1744","captcha":"61840","number":"1","donation_number":null,"product_spec":"","confirm_type":"3"}
addToCart(1744,1) failed at 2015-5-14 20:33:51, will readd
before weight is 6
rrt is 729
succeedTime is 7
after set weight is 7
retry buy good 1744 at 2015-5-14 20:33:51
Download full image code is correct as 05168
{"error":3,"message":["\u5bf9\u4e0d\u8d77\uff0c\u8be5\u5546\u54c1\u5df2\u7ecf\u4e0b\u67b6\u3002"],"content":"","goods_id":"1744","captcha":"05168","number":"1","donation_number":null,"product_spec":"","confirm_type":"3"}
addToCart(1744,1) failed at 2015-5-14 20:33:52, will readd
before weight is 7
rrt is 681
succeedTime is 8
after set weight is 8
retry buy good 1744 at 2015-5-14 20:33:53
Download full image code is correct as 16495
{"error":3,"message":["\u5bf9\u4e0d\u8d77\uff0c\u8be5\u5546\u54c1\u5df2\u7ecf\u4e0b\u67b6\u3002"],"content":"","goods_id":"1744","captcha":"16495","number":"1","donation_number":null,"product_spec":"","confirm_type":"3"}
addToCart(1744,1) failed at 2015-5-14 20:33:53, will readd
before weight is 8
rrt is 748
succeedTime is 9
after set weight is 9
retry buy good 1744 at 2015-5-14 20:33:54
Download full image code is correct as 47913
{"error":3,"message":["\u5bf9\u4e0d\u8d77\uff0c\u8be5\u5546\u54c1\u5df2\u7ecf\u4e0b\u67b6\u3002"],"content":"","goods_id":"1744","captcha":"47913","number":"1","donation_number":null,"product_spec":"","confirm_type":"3"}
addToCart(1744,1) failed at 2015-5-14 20:33:55, will readd
before weight is 9
rrt is 703
succeedTime is 10
after set weight is 10
retry buy good 1744 at 2015-5-14 20:33:55
Download full image code is correct as 12453
{"error":3,"message":["\u5bf9\u4e0d\u8d77\uff0c\u8be5\u5546\u54c1\u5df2\u7ecf\u4e0b\u67b6\u3002"],"content":"","goods_id":"1744","captcha":"12453","number":"1","donation_number":null,"product_spec":"","confirm_type":"3"}
addToCart(1744,1) failed at 2015-5-14 20:33:56, will readd
before weight is 10
rrt is 730
succeedTime is 11
after set weight is 11
retry buy good 1744 at 2015-5-14 20:33:57
Download full image code is correct as 51384
{"error":3,"message":["\u5bf9\u4e0d\u8d77\uff0c\u8be5\u5546\u54c1\u5df2\u7ecf\u4e0b\u67b6\u3002"],"content":"","goods_id":"1744","captcha":"51384","number":"1","donation_number":null,"product_spec":"","confirm_type":"3"}
addToCart(1744,1) failed at 2015-5-14 20:33:57, will readd
before weight is 11
rrt is 742
succeedTime is 12
after set weight is 12
retry buy good 1744 at 2015-5-14 20:33:58
Download full image code is correct as 29780
{"error":3,"message":["\u5bf9\u4e0d\u8d77\uff0c\u8be5\u5546\u54c1\u5df2\u7ecf\u4e0b\u67b6\u3002"],"content":"","goods_id":"1744","captcha":"29780","number":"1","donation_number":null,"product_spec":"","confirm_type":"3"}
addToCart(1744,1) failed at 2015-5-14 20:33:59, will readd
before weight is 12
rrt is 696
succeedTime is 13
after set weight is 13
retry buy good 1744 at 2015-5-14 20:33:59
Download full image code is correct as 39651
{"error":3,"message":["\u5bf9\u4e0d\u8d77\uff0c\u8be5\u5546\u54c1\u5df2\u7ecf\u4e0b\u67b6\u3002"],"content":"","goods_id":"1744","captcha":"39651","number":"1","donation_number":null,"product_spec":"","confirm_type":"3"}
addToCart(1744,1) failed at 2015-5-14 20:34:00, will readd
before weight is 13
rrt is 749
succeedTime is 14
after set weight is 14
retry buy good 1744 at 2015-5-14 20:34:01
Download full image code is correct as 49780
{"error":3,"message":["\u5bf9\u4e0d\u8d77\uff0c\u8be5\u5546\u54c1\u5df2\u7ecf\u4e0b\u67b6\u3002"],"content":"","goods_id":"1744","captcha":"49780","number":"1","donation_number":null,"product_spec":"","confirm_type":"3"}
addToCart(1744,1) failed at 2015-5-14 20:34:01, will readd
before weight is 14
rrt is 740
succeedTime is 15
after set weight is 15
retry buy good 1744 at 2015-5-14 20:34:02
Download full image code is correct as 42657
{"error":3,"message":["\u5bf9\u4e0d\u8d77\uff0c\u8be5\u5546\u54c1\u5df2\u7ecf\u4e0b\u67b6\u3002"],"content":"","goods_id":"1744","captcha":"42657","number":"1","donation_number":null,"product_spec":"","confirm_type":"3"}
addToCart(1744,1) failed at 2015-5-14 20:34:03, will readd
before weight is 15
rrt is 715
succeedTime is 16
after set weight is 16
retry buy good 1744 at 2015-5-14 20:34:03
Download full image code is correct as 36729
{"error":3,"message":["\u5bf9\u4e0d\u8d77\uff0c\u8be5\u5546\u54c1\u5df2\u7ecf\u4e0b\u67b6\u3002"],"content":"","goods_id":"1744","captcha":"36729","number":"1","donation_number":null,"product_spec":"","confirm_type":"3"}
addToCart(1744,1) failed at 2015-5-14 20:34:04, will readd
before weight is 16
rrt is 686
succeedTime is 17
after set weight is 17
retry buy good 1744 at 2015-5-14 20:34:05
Download full image code is correct as 67538
{"error":3,"message":["\u5bf9\u4e0d\u8d77\uff0c\u8be5\u5546\u54c1\u5df2\u7ecf\u4e0b\u67b6\u3002"],"content":"","goods_id":"1744","captcha":"67538","number":"1","donation_number":null,"product_spec":"","confirm_type":"3"}
addToCart(1744,1) failed at 2015-5-14 20:34:05, will readd
before weight is 17
rrt is 680
succeedTime is 18
after set weight is 18
retry buy good 1744 at 2015-5-14 20:34:06
Download full image code is correct as 15982
{"error":3,"message":["\u5bf9\u4e0d\u8d77\uff0c\u8be5\u5546\u54c1\u5df2\u7ecf\u4e0b\u67b6\u3002"],"content":"","goods_id":"1744","captcha":"15982","number":"1","donation_number":null,"product_spec":"","confirm_type":"3"}
addToCart(1744,1) failed at 2015-5-14 20:34:07, will readd
before weight is 18
rrt is 684
succeedTime is 19
after set weight is 19
retry buy good 1744 at 2015-5-14 20:34:07
Download full image code is correct as 80917
{"error":3,"message":["\u5bf9\u4e0d\u8d77\uff0c\u8be5\u5546\u54c1\u5df2\u7ecf\u4e0b\u67b6\u3002"],"content":"","goods_id":"1744","captcha":"80917","number":"1","donation_number":null,"product_spec":"","confirm_type":"3"}
addToCart(1744,1) failed at 2015-5-14 20:34:08, will readd
before weight is 19
rrt is 718
succeedTime is 20
after set weight is 20
retry buy good 1744 at 2015-5-14 20:34:09
Download full image code is correct as 60234
{"error":3,"message":["\u5bf9\u4e0d\u8d77\uff0c\u8be5\u5546\u54c1\u5df2\u7ecf\u4e0b\u67b6\u3002"],"content":"","goods_id":"1744","captcha":"60234","number":"1","donation_number":null,"product_spec":"","confirm_type":"3"}
addToCart(1744,1) failed at 2015-5-14 20:34:09, will readd
before weight is 20
rrt is 912
succeedTime is 21
after set weight is 21
retry buy good 1744 at 2015-5-14 20:34:10
Download full image code is correct as 29563
{"error":3,"message":["\u5bf9\u4e0d\u8d77\uff0c\u8be5\u5546\u54c1\u5df2\u7ecf\u4e0b\u67b6\u3002"],"content":"","goods_id":"1744","captcha":"29563","number":"1","donation_number":null,"product_spec":"","confirm_type":"3"}
addToCart(1744,1) failed at 2015-5-14 20:34:11, will readd
before weight is 21
rrt is 667
succeedTime is 22
after set weight is 22
retry buy good 1744 at 2015-5-14 20:34:11
Download full image code is correct as 27985
{"error":3,"message":["\u5bf9\u4e0d\u8d77\uff0c\u8be5\u5546\u54c1\u5df2\u7ecf\u4e0b\u67b6\u3002"],"content":"","goods_id":"1744","captcha":"27985","number":"1","donation_number":null,"product_spec":"","confirm_type":"3"}
addToCart(1744,1) failed at 2015-5-14 20:34:12, will readd
before weight is 22
rrt is 702
succeedTime is 23
after set weight is 23
retry buy good 1744 at 2015-5-14 20:34:13
Download full image code is correct as 97063
{"error":3,"message":["\u5bf9\u4e0d\u8d77\uff0c\u8be5\u5546\u54c1\u5df2\u7ecf\u4e0b\u67b6\u3002"],"content":"","goods_id":"1744","captcha":"97063","number":"1","donation_number":null,"product_spec":"","confirm_type":"3"}
addToCart(1744,1) failed at 2015-5-14 20:34:14, will readd
before weight is 23
rrt is 903
succeedTime is 24
after set weight is 24
retry buy good 1744 at 2015-5-14 20:34:14
Download full image code is correct as 98453
{"error":3,"message":["\u5bf9\u4e0d\u8d77\uff0c\u8be5\u5546\u54c1\u5df2\u7ecf\u4e0b\u67b6\u3002"],"content":"","goods_id":"1744","captcha":"98453","number":"1","donation_number":null,"product_spec":"","confirm_type":"3"}
addToCart(1744,1) failed at 2015-5-14 20:34:15, will readd
before weight is 24
rrt is 700
succeedTime is 25
after set weight is 25
retry buy good 1744 at 2015-5-14 20:34:15
Download full image code is correct as 61987
{"error":3,"message":["\u5bf9\u4e0d\u8d77\uff0c\u8be5\u5546\u54c1\u5df2\u7ecf\u4e0b\u67b6\u3002"],"content":"","goods_id":"1744","captcha":"61987","number":"1","donation_number":null,"product_spec":"","confirm_type":"3"}
addToCart(1744,1) failed at 2015-5-14 20:34:16, will readd
before weight is 25
rrt is 680
succeedTime is 26
after set weight is 26
retry buy good 1744 at 2015-5-14 20:34:17
Download full image code is correct as 72580
{"error":3,"message":["\u5bf9\u4e0d\u8d77\uff0c\u8be5\u5546\u54c1\u5df2\u7ecf\u4e0b\u67b6\u3002"],"content":"","goods_id":"1744","captcha":"72580","number":"1","donation_number":null,"product_spec":"","confirm_type":"3"}
addToCart(1744,1) failed at 2015-5-14 20:34:17, will readd
before weight is 26
rrt is 700
succeedTime is 27
after set weight is 27
retry buy good 1744 at 2015-5-14 20:34:18
Download full image code is correct as 63872
{"error":3,"message":["\u5bf9\u4e0d\u8d77\uff0c\u8be5\u5546\u54c1\u5df2\u7ecf\u4e0b\u67b6\u3002"],"content":"","goods_id":"1744","captcha":"63872","number":"1","donation_number":null,"product_spec":"","confirm_type":"3"}
addToCart(1744,1) failed at 2015-5-14 20:34:19, will readd
before weight is 27
rrt is 684
succeedTime is 28
after set weight is 28
retry buy good 1744 at 2015-5-14 20:34:19
Download full image code is correct as 93671
{"error":3,"message":["\u5bf9\u4e0d\u8d77\uff0c\u8be5\u5546\u54c1\u5df2\u7ecf\u4e0b\u67b6\u3002"],"content":"","goods_id":"1744","captcha":"93671","number":"1","donation_number":null,"product_spec":"","confirm_type":"3"}
addToCart(1744,1) failed at 2015-5-14 20:34:20, will readd
before weight is 28
rrt is 684
succeedTime is 29
after set weight is 29
retry buy good 1744 at 2015-5-14 20:34:21
Download full image code is correct as 24908
{"error":3,"message":["\u5bf9\u4e0d\u8d77\uff0c\u8be5\u5546\u54c1\u5df2\u7ecf\u4e0b\u67b6\u3002"],"content":"","goods_id":"1744","captcha":"24908","number":"1","donation_number":null,"product_spec":"","confirm_type":"3"}
addToCart(1744,1) failed at 2015-5-14 20:34:21, will readd
before weight is 29
rrt is 678
succeedTime is 30
after set weight is 30
retry buy good 1744 at 2015-5-14 20:34:22
Download full image code is correct as 83071
{"error":3,"message":["\u5bf9\u4e0d\u8d77\uff0c\u8be5\u5546\u54c1\u5df2\u7ecf\u4e0b\u67b6\u3002"],"content":"","goods_id":"1744","captcha":"83071","number":"1","donation_number":null,"product_spec":"","confirm_type":"3"}
addToCart(1744,1) failed at 2015-5-14 20:34:23, will readd
before weight is 30
rrt is 697
succeedTime is 31
after set weight is 31
retry buy good 1744 at 2015-5-14 20:34:23
Download full image code is correct as 78651
{"error":3,"message":["\u5bf9\u4e0d\u8d77\uff0c\u8be5\u5546\u54c1\u5df2\u7ecf\u4e0b\u67b6\u3002"],"content":"","goods_id":"1744","captcha":"78651","number":"1","donation_number":null,"product_spec":"","confirm_type":"3"}
addToCart(1744,1) failed at 2015-5-14 20:34:24, will readd
before weight is 31
rrt is 948
succeedTime is 32
after set weight is 32
retry buy good 1744 at 2015-5-14 20:34:25
Download full image code is correct as 62705
{"error":3,"message":["\u5bf9\u4e0d\u8d77\uff0c\u8be5\u5546\u54c1\u5df2\u7ecf\u4e0b\u67b6\u3002"],"content":"","goods_id":"1744","captcha":"62705","number":"1","donation_number":null,"product_spec":"","confirm_type":"3"}
addToCart(1744,1) failed at 2015-5-14 20:34:25, will readd
before weight is 32
rrt is 715
succeedTime is 33
after set weight is 33
retry buy good 1744 at 2015-5-14 20:34:26
Download full image code is correct as 26405
{"error":3,"message":["\u5bf9\u4e0d\u8d77\uff0c\u8be5\u5546\u54c1\u5df2\u7ecf\u4e0b\u67b6\u3002"],"content":"","goods_id":"1744","captcha":"26405","number":"1","donation_number":null,"product_spec":"","confirm_type":"3"}
addToCart(1744,1) failed at 2015-5-14 20:34:27, will readd
before weight is 33
rrt is 750
succeedTime is 34
after set weight is 34
retry buy good 1744 at 2015-5-14 20:34:27
Download full image code is correct as 74150
{"error":3,"message":["\u5bf9\u4e0d\u8d77\uff0c\u8be5\u5546\u54c1\u5df2\u7ecf\u4e0b\u67b6\u3002"],"content":"","goods_id":"1744","captcha":"74150","number":"1","donation_number":null,"product_spec":"","confirm_type":"3"}
addToCart(1744,1) failed at 2015-5-14 20:34:28, will readd
before weight is 34
rrt is 832
succeedTime is 35
after set weight is 35
retry buy good 1744 at 2015-5-14 20:34:29
Download full image code is correct as 37840
{"error":3,"message":["\u5bf9\u4e0d\u8d77\uff0c\u8be5\u5546\u54c1\u5df2\u7ecf\u4e0b\u67b6\u3002"],"content":"","goods_id":"1744","captcha":"37840","number":"1","donation_number":null,"product_spec":"","confirm_type":"3"}
addToCart(1744,1) failed at 2015-5-14 20:34:30, will readd
before weight is 35
rrt is 725
succeedTime is 36
after set weight is 36
retry buy good 1744 at 2015-5-14 20:34:30
Download full image code is correct as 45027
{"error":3,"message":["\u5bf9\u4e0d\u8d77\uff0c\u8be5\u5546\u54c1\u5df2\u7ecf\u4e0b\u67b6\u3002"],"content":"","goods_id":"1744","captcha":"45027","number":"1","donation_number":null,"product_spec":"","confirm_type":"3"}
addToCart(1744,1) failed at 2015-5-14 20:34:31, will readd
before weight is 36
rrt is 907
succeedTime is 37
after set weight is 37
retry buy good 1744 at 2015-5-14 20:34:32
Download full image code is correct as 10589
{"error":3,"message":["\u5bf9\u4e0d\u8d77\uff0c\u8be5\u5546\u54c1\u5df2\u7ecf\u4e0b\u67b6\u3002"],"content":"","goods_id":"1744","captcha":"10589","number":"1","donation_number":null,"product_spec":"","confirm_type":"3"}
addToCart(1744,1) failed at 2015-5-14 20:34:32, will readd
before weight is 37
rrt is 685
succeedTime is 38
after set weight is 38
retry buy good 1744 at 2015-5-14 20:34:33
Download full image code is correct as 29364
{"error":3,"message":["\u5bf9\u4e0d\u8d77\uff0c\u8be5\u5546\u54c1\u5df2\u7ecf\u4e0b\u67b6\u3002"],"content":"","goods_id":"1744","captcha":"29364","number":"1","donation_number":null,"product_spec":"","confirm_type":"3"}
addToCart(1744,1) failed at 2015-5-14 20:34:34, will readd
before weight is 38
rrt is 758
succeedTime is 39
after set weight is 39
retry buy good 1744 at 2015-5-14 20:34:34
Download full image code is correct as 17509
{"error":3,"message":["\u5bf9\u4e0d\u8d77\uff0c\u8be5\u5546\u54c1\u5df2\u7ecf\u4e0b\u67b6\u3002"],"content":"","goods_id":"1744","captcha":"17509","number":"1","donation_number":null,"product_spec":"","confirm_type":"3"}
addToCart(1744,1) failed at 2015-5-14 20:34:35, will readd
before weight is 39
rrt is 703
succeedTime is 40
after set weight is 40
retry buy good 1744 at 2015-5-14 20:34:36
Download full image code is correct as 84901
{"error":3,"message":["\u5bf9\u4e0d\u8d77\uff0c\u8be5\u5546\u54c1\u5df2\u7ecf\u4e0b\u67b6\u3002"],"content":"","goods_id":"1744","captcha":"84901","number":"1","donation_number":null,"product_spec":"","confirm_type":"3"}
addToCart(1744,1) failed at 2015-5-14 20:34:36, will readd
before weight is 40
rrt is 690
succeedTime is 41
after set weight is 41
retry buy good 1744 at 2015-5-14 20:34:37
Download full image code is correct as 61307
{"error":3,"message":["\u5bf9\u4e0d\u8d77\uff0c\u8be5\u5546\u54c1\u5df2\u7ecf\u4e0b\u67b6\u3002"],"content":"","goods_id":"1744","captcha":"61307","number":"1","donation_number":null,"product_spec":"","confirm_type":"3"}
addToCart(1744,1) failed at 2015-5-14 20:34:38, will readd
before weight is 41
rrt is 686
succeedTime is 42
after set weight is 42
retry buy good 1744 at 2015-5-14 20:34:38
Download full image code is correct as 62598
{"error":3,"message":["\u5bf9\u4e0d\u8d77\uff0c\u8be5\u5546\u54c1\u5df2\u7ecf\u4e0b\u67b6\u3002"],"content":"","goods_id":"1744","captcha":"62598","number":"1","donation_number":null,"product_spec":"","confirm_type":"3"}
addToCart(1744,1) failed at 2015-5-14 20:34:39, will readd
before weight is 42
rrt is 690
succeedTime is 43
after set weight is 43
retry buy good 1744 at 2015-5-14 20:34:39
Download full image code is correct as 14902
{"error":3,"message":["\u5bf9\u4e0d\u8d77\uff0c\u8be5\u5546\u54c1\u5df2\u7ecf\u4e0b\u67b6\u3002"],"content":"","goods_id":"1744","captcha":"14902","number":"1","donation_number":null,"product_spec":"","confirm_type":"3"}
addToCart(1744,1) failed at 2015-5-14 20:34:40, will readd
before weight is 43
rrt is 687
succeedTime is 44
after set weight is 44
retry buy good 1744 at 2015-5-14 20:34:41
Download full image code is correct as 03764
{"error":3,"message":["\u5bf9\u4e0d\u8d77\uff0c\u8be5\u5546\u54c1\u5df2\u7ecf\u4e0b\u67b6\u3002"],"content":"","goods_id":"1744","captcha":"03764","number":"1","donation_number":null,"product_spec":"","confirm_type":"3"}
addToCart(1744,1) failed at 2015-5-14 20:34:42, will readd
before weight is 44
rrt is 1230
succeedTime is 44
after set weight is 44
retry buy good 1744 at 2015-5-14 20:34:43
Download full image code is correct as 58904
{"error":3,"message":["\u5bf9\u4e0d\u8d77\uff0c\u8be5\u5546\u54c1\u5df2\u7ecf\u4e0b\u67b6\u3002"],"content":"","goods_id":"1744","captcha":"58904","number":"1","donation_number":null,"product_spec":"","confirm_type":"3"}
addToCart(1744,1) failed at 2015-5-14 20:34:43, will readd
before weight is 44
rrt is 735
succeedTime is 45
after set weight is 45
retry buy good 1744 at 2015-5-14 20:34:44
Download full image code is correct as 16349
{"error":3,"message":["\u5bf9\u4e0d\u8d77\uff0c\u8be5\u5546\u54c1\u5df2\u7ecf\u4e0b\u67b6\u3002"],"content":"","goods_id":"1744","captcha":"16349","number":"1","donation_number":null,"product_spec":"","confirm_type":"3"}
addToCart(1744,1) failed at 2015-5-14 20:34:45, will readd
before weight is 45
rrt is 704
succeedTime is 46
after set weight is 46
retry buy good 1744 at 2015-5-14 20:34:45
Download full image code is correct as 91365
{"error":3,"message":["\u5bf9\u4e0d\u8d77\uff0c\u8be5\u5546\u54c1\u5df2\u7ecf\u4e0b\u67b6\u3002"],"content":"","goods_id":"1744","captcha":"91365","number":"1","donation_number":null,"product_spec":"","confirm_type":"3"}
addToCart(1744,1) failed at 2015-5-14 20:34:46, will readd
before weight is 46
rrt is 957
succeedTime is 47
after set weight is 47
retry buy good 1744 at 2015-5-14 20:34:47
Download full image code is correct as 56802
{"error":3,"message":["\u5bf9\u4e0d\u8d77\uff0c\u8be5\u5546\u54c1\u5df2\u7ecf\u4e0b\u67b6\u3002"],"content":"","goods_id":"1744","captcha":"56802","number":"1","donation_number":null,"product_spec":"","confirm_type":"3"}
addToCart(1744,1) failed at 2015-5-14 20:34:47, will readd
before weight is 47
rrt is 703
succeedTime is 48
after set weight is 48
retry buy good 1744 at 2015-5-14 20:34:48
Download full image code is correct as 13695
{"error":3,"message":["\u5bf9\u4e0d\u8d77\uff0c\u8be5\u5546\u54c1\u5df2\u7ecf\u4e0b\u67b6\u3002"],"content":"","goods_id":"1744","captcha":"13695","number":"1","donation_number":null,"product_spec":"","confirm_type":"3"}
addToCart(1744,1) failed at 2015-5-14 20:34:49, will readd
before weight is 48
rrt is 700
succeedTime is 49
after set weight is 49
retry buy good 1744 at 2015-5-14 20:34:49
Download full image code is correct as 40539
{"error":3,"message":["\u5bf9\u4e0d\u8d77\uff0c\u8be5\u5546\u54c1\u5df2\u7ecf\u4e0b\u67b6\u3002"],"content":"","goods_id":"1744","captcha":"40539","number":"1","donation_number":null,"product_spec":"","confirm_type":"3"}
addToCart(1744,1) failed at 2015-5-14 20:34:50, will readd
before weight is 49
rrt is 706
succeedTime is 50
after set weight is 50
retry buy good 1744 at 2015-5-14 20:34:51
Download full image code is correct as 51368
{"error":3,"message":["\u5bf9\u4e0d\u8d77\uff0c\u8be5\u5546\u54c1\u5df2\u7ecf\u4e0b\u67b6\u3002"],"content":"","goods_id":"1744","captcha":"51368","number":"1","donation_number":null,"product_spec":"","confirm_type":"3"}
addToCart(1744,1) failed at 2015-5-14 20:34:51, will readd
before weight is 50
rrt is 674
succeedTime is 51
after set weight is 51
retry buy good 1744 at 2015-5-14 20:34:52
Download full image code is correct as 92763
{"error":3,"message":["\u5bf9\u4e0d\u8d77\uff0c\u8be5\u5546\u54c1\u5df2\u7ecf\u4e0b\u67b6\u3002"],"content":"","goods_id":"1744","captcha":"92763","number":"1","donation_number":null,"product_spec":"","confirm_type":"3"}
addToCart(1744,1) failed at 2015-5-14 20:34:53, will readd
before weight is 51
rrt is 752
succeedTime is 52
after set weight is 52
retry buy good 1744 at 2015-5-14 20:34:53
Download full image code is correct as 46905
{"error":3,"message":["\u5bf9\u4e0d\u8d77\uff0c\u8be5\u5546\u54c1\u5df2\u7ecf\u4e0b\u67b6\u3002"],"content":"","goods_id":"1744","captcha":"46905","number":"1","donation_number":null,"product_spec":"","confirm_type":"3"}
addToCart(1744,1) failed at 2015-5-14 20:34:54, will readd
before weight is 52
rrt is 893
succeedTime is 53
after set weight is 53
retry buy good 1744 at 2015-5-14 20:34:55
Download full image code is correct as 34591
{"error":3,"message":["\u5bf9\u4e0d\u8d77\uff0c\u8be5\u5546\u54c1\u5df2\u7ecf\u4e0b\u67b6\u3002"],"content":"","goods_id":"1744","captcha":"34591","number":"1","donation_number":null,"product_spec":"","confirm_type":"3"}
addToCart(1744,1) failed at 2015-5-14 20:34:55, will readd
before weight is 53
rrt is 694
succeedTime is 54
after set weight is 54
retry buy good 1744 at 2015-5-14 20:34:56
Download full image code is correct as 31759
{"error":3,"message":["\u5bf9\u4e0d\u8d77\uff0c\u8be5\u5546\u54c1\u5df2\u7ecf\u4e0b\u67b6\u3002"],"content":"","goods_id":"1744","captcha":"31759","number":"1","donation_number":null,"product_spec":"","confirm_type":"3"}
addToCart(1744,1) failed at 2015-5-14 20:34:57, will readd
before weight is 54
rrt is 737
succeedTime is 55
after set weight is 55
retry buy good 1744 at 2015-5-14 20:34:57
Download full image code is correct as 30852
{"error":3,"message":["\u5bf9\u4e0d\u8d77\uff0c\u8be5\u5546\u54c1\u5df2\u7ecf\u4e0b\u67b6\u3002"],"content":"","goods_id":"1744","captcha":"30852","number":"1","donation_number":null,"product_spec":"","confirm_type":"3"}
addToCart(1744,1) failed at 2015-5-14 20:34:58, will readd
before weight is 55
rrt is 756
succeedTime is 56
after set weight is 56
retry buy good 1744 at 2015-5-14 20:34:59
Download full image code is correct as 94053
{"error":3,"message":["\u5bf9\u4e0d\u8d77\uff0c\u8be5\u5546\u54c1\u5df2\u7ecf\u4e0b\u67b6\u3002"],"content":"","goods_id":"1744","captcha":"94053","number":"1","donation_number":null,"product_spec":"","confirm_type":"3"}
addToCart(1744,1) failed at 2015-5-14 20:34:59, will readd
before weight is 56
rrt is 715
succeedTime is 57
after set weight is 57
retry buy good 1744 at 2015-5-14 20:35:00
Download full image code is correct as 23950
{"error":3,"message":["\u5bf9\u4e0d\u8d77\uff0c\u8be5\u5546\u54c1\u5df2\u7ecf\u4e0b\u67b6\u3002"],"content":"","goods_id":"1744","captcha":"23950","number":"1","donation_number":null,"product_spec":"","confirm_type":"3"}
addToCart(1744,1) failed at 2015-5-14 20:35:01, will readd
before weight is 57
rrt is 674
succeedTime is 58
after set weight is 58
retry buy good 1744 at 2015-5-14 20:35:01
Download full image code is correct as 05837
{"error":3,"message":["\u5bf9\u4e0d\u8d77\uff0c\u8be5\u5546\u54c1\u5df2\u7ecf\u4e0b\u67b6\u3002"],"content":"","goods_id":"1744","captcha":"05837","number":"1","donation_number":null,"product_spec":"","confirm_type":"3"}
addToCart(1744,1) failed at 2015-5-14 20:35:02, will readd
before weight is 58
rrt is 724
succeedTime is 59
after set weight is 59
retry buy good 1744 at 2015-5-14 20:35:03
Download full image code is correct as 43098
{"error":3,"message":["\u5bf9\u4e0d\u8d77\uff0c\u8be5\u5546\u54c1\u5df2\u7ecf\u4e0b\u67b6\u3002"],"content":"","goods_id":"1744","captcha":"43098","number":"1","donation_number":null,"product_spec":"","confirm_type":"3"}
addToCart(1744,1) failed at 2015-5-14 20:35:03, will readd
before weight is 59
rrt is 727
succeedTime is 60
after set weight is 60
retry buy good 1744 at 2015-5-14 20:35:04
Download full image code is correct as 71092
{"error":3,"message":["\u5bf9\u4e0d\u8d77\uff0c\u8be5\u5546\u54c1\u5df2\u7ecf\u4e0b\u67b6\u3002"],"content":"","goods_id":"1744","captcha":"71092","number":"1","donation_number":null,"product_spec":"","confirm_type":"3"}
addToCart(1744,1) failed at 2015-5-14 20:35:05, will readd
before weight is 60
rrt is 679
succeedTime is 61
after set weight is 61
retry buy good 1744 at 2015-5-14 20:35:05
Download full image code is correct as 17549
{"error":3,"message":["\u5bf9\u4e0d\u8d77\uff0c\u8be5\u5546\u54c1\u5df2\u7ecf\u4e0b\u67b6\u3002"],"content":"","goods_id":"1744","captcha":"17549","number":"1","donation_number":null,"product_spec":"","confirm_type":"3"}
addToCart(1744,1) failed at 2015-5-14 20:35:06, will readd
before weight is 61
rrt is 672
succeedTime is 62
after set weight is 62
retry buy good 1744 at 2015-5-14 20:35:07
Download full image code is correct as 89061
{"error":3,"message":["\u5bf9\u4e0d\u8d77\uff0c\u8be5\u5546\u54c1\u5df2\u7ecf\u4e0b\u67b6\u3002"],"content":"","goods_id":"1744","captcha":"89061","number":"1","donation_number":null,"product_spec":"","confirm_type":"3"}
addToCart(1744,1) failed at 2015-5-14 20:35:07, will readd
before weight is 62
rrt is 714
succeedTime is 63
after set weight is 63
retry buy good 1744 at 2015-5-14 20:35:08
Download full image code is correct as 19380
{"error":3,"message":["\u5bf9\u4e0d\u8d77\uff0c\u8be5\u5546\u54c1\u5df2\u7ecf\u4e0b\u67b6\u3002"],"content":"","goods_id":"1744","captcha":"19380","number":"1","donation_number":null,"product_spec":"","confirm_type":"3"}
addToCart(1744,1) failed at 2015-5-14 20:35:09, will readd
before weight is 63
rrt is 674
succeedTime is 64
after set weight is 64
retry buy good 1744 at 2015-5-14 20:35:09
Download full image code is correct as 39715
{"error":3,"message":["\u5bf9\u4e0d\u8d77\uff0c\u8be5\u5546\u54c1\u5df2\u7ecf\u4e0b\u67b6\u3002"],"content":"","goods_id":"1744","captcha":"39715","number":"1","donation_number":null,"product_spec":"","confirm_type":"3"}
addToCart(1744,1) failed at 2015-5-14 20:35:10, will readd
before weight is 64
rrt is 666
succeedTime is 65
after set weight is 65
retry buy good 1744 at 2015-5-14 20:35:10
Download full image code is correct as 39176
{"error":3,"message":["\u5bf9\u4e0d\u8d77\uff0c\u8be5\u5546\u54c1\u5df2\u7ecf\u4e0b\u67b6\u3002"],"content":"","goods_id":"1744","captcha":"39176","number":"1","donation_number":null,"product_spec":"","confirm_type":"3"}
addToCart(1744,1) failed at 2015-5-14 20:35:11, will readd
before weight is 65
rrt is 723
succeedTime is 66
after set weight is 66
retry buy good 1744 at 2015-5-14 20:35:12
Download full image code is correct as 28103
{"error":3,"message":["\u5bf9\u4e0d\u8d77\uff0c\u8be5\u5546\u54c1\u5df2\u7ecf\u4e0b\u67b6\u3002"],"content":"","goods_id":"1744","captcha":"28103","number":"1","donation_number":null,"product_spec":"","confirm_type":"3"}
addToCart(1744,1) failed at 2015-5-14 20:35:12, will readd
before weight is 66
rrt is 689
succeedTime is 67
after set weight is 67
retry buy good 1744 at 2015-5-14 20:35:13
Download full image code is correct as 56198
{"error":3,"message":["\u5bf9\u4e0d\u8d77\uff0c\u8be5\u5546\u54c1\u5df2\u7ecf\u4e0b\u67b6\u3002"],"content":"","goods_id":"1744","captcha":"56198","number":"1","donation_number":null,"product_spec":"","confirm_type":"3"}
addToCart(1744,1) failed at 2015-5-14 20:35:14, will readd
before weight is 67
rrt is 706
succeedTime is 68
after set weight is 68
retry buy good 1744 at 2015-5-14 20:35:14
Download full image code is correct as 85164
{"error":3,"message":["\u5bf9\u4e0d\u8d77\uff0c\u8be5\u5546\u54c1\u5df2\u7ecf\u4e0b\u67b6\u3002"],"content":"","goods_id":"1744","captcha":"85164","number":"1","donation_number":null,"product_spec":"","confirm_type":"3"}
addToCart(1744,1) failed at 2015-5-14 20:35:15, will readd
before weight is 68
rrt is 663
succeedTime is 69
after set weight is 69
retry buy good 1744 at 2015-5-14 20:35:16
Download full image code is correct as 50746
{"error":3,"message":["\u5bf9\u4e0d\u8d77\uff0c\u8be5\u5546\u54c1\u5df2\u7ecf\u4e0b\u67b6\u3002"],"content":"","goods_id":"1744","captcha":"50746","number":"1","donation_number":null,"product_spec":"","confirm_type":"3"}
addToCart(1744,1) failed at 2015-5-14 20:35:19, will readd
before weight is 69
rrt is 3674
succeedTime is 68
after set weight is 68
retry buy good 1744 at 2015-5-14 20:35:20
Download full image code is correct as 92485
{"error":3,"message":["\u5bf9\u4e0d\u8d77\uff0c\u8be5\u5546\u54c1\u5df2\u7ecf\u4e0b\u67b6\u3002"],"content":"","goods_id":"1744","captcha":"92485","number":"1","donation_number":null,"product_spec":"","confirm_type":"3"}
addToCart(1744,1) failed at 2015-5-14 20:35:21, will readd
before weight is 68
rrt is 901
succeedTime is 69
after set weight is 69
retry buy good 1744 at 2015-5-14 20:35:21
Download full image code is correct as 91507
{"error":3,"message":["\u5bf9\u4e0d\u8d77\uff0c\u8be5\u5546\u54c1\u5df2\u7ecf\u4e0b\u67b6\u3002"],"content":"","goods_id":"1744","captcha":"91507","number":"1","donation_number":null,"product_spec":"","confirm_type":"3"}
addToCart(1744,1) failed at 2015-5-14 20:35:22, will readd
before weight is 69
rrt is 598
succeedTime is 70
after set weight is 70
retry buy good 1744 at 2015-5-14 20:35:23
Download full image code is correct as 86093
{"error":3,"message":["\u5bf9\u4e0d\u8d77\uff0c\u8be5\u5546\u54c1\u5df2\u7ecf\u4e0b\u67b6\u3002"],"content":"","goods_id":"1744","captcha":"86093","number":"1","donation_number":null,"product_spec":"","confirm_type":"3"}
addToCart(1744,1) failed at 2015-5-14 20:35:23, will readd
before weight is 70
rrt is 716
succeedTime is 71
after set weight is 71
retry buy good 1744 at 2015-5-14 20:35:24
Download full image code is correct as 75036
{"error":3,"message":["\u5bf9\u4e0d\u8d77\uff0c\u8be5\u5546\u54c1\u5df2\u7ecf\u4e0b\u67b6\u3002"],"content":"","goods_id":"1744","captcha":"75036","number":"1","donation_number":null,"product_spec":"","confirm_type":"3"}
addToCart(1744,1) failed at 2015-5-14 20:35:25, will readd
before weight is 71
rrt is 725
succeedTime is 72
after set weight is 72
retry buy good 1744 at 2015-5-14 20:35:25
Download full image code is correct as 92875
{"error":3,"message":["\u5bf9\u4e0d\u8d77\uff0c\u8be5\u5546\u54c1\u5df2\u7ecf\u4e0b\u67b6\u3002"],"content":"","goods_id":"1744","captcha":"92875","number":"1","donation_number":null,"product_spec":"","confirm_type":"3"}
addToCart(1744,1) failed at 2015-5-14 20:35:26, will readd
before weight is 72
rrt is 654
succeedTime is 73
after set weight is 73
retry buy good 1744 at 2015-5-14 20:35:26
Download full image code is correct as 13965
{"error":3,"message":["\u5bf9\u4e0d\u8d77\uff0c\u8be5\u5546\u54c1\u5df2\u7ecf\u4e0b\u67b6\u3002"],"content":"","goods_id":"1744","captcha":"13965","number":"1","donation_number":null,"product_spec":"","confirm_type":"3"}
addToCart(1744,1) failed at 2015-5-14 20:35:27, will readd
before weight is 73
rrt is 730
succeedTime is 74
after set weight is 74
retry buy good 1744 at 2015-5-14 20:35:28
Download full image code is correct as 78623
{"error":3,"message":["\u5bf9\u4e0d\u8d77\uff0c\u8be5\u5546\u54c1\u5df2\u7ecf\u4e0b\u67b6\u3002"],"content":"","goods_id":"1744","captcha":"78623","number":"1","donation_number":null,"product_spec":"","confirm_type":"3"}
addToCart(1744,1) failed at 2015-5-14 20:35:29, will readd
before weight is 74
rrt is 713
succeedTime is 75
after set weight is 75
retry buy good 1744 at 2015-5-14 20:35:29
Download full image code is correct as 06453
{"error":3,"message":["\u5bf9\u4e0d\u8d77\uff0c\u8be5\u5546\u54c1\u5df2\u7ecf\u4e0b\u67b6\u3002"],"content":"","goods_id":"1744","captcha":"06453","number":"1","donation_number":null,"product_spec":"","confirm_type":"3"}
addToCart(1744,1) failed at 2015-5-14 20:35:30, will readd
before weight is 75
rrt is 675
succeedTime is 76
after set weight is 76
retry buy good 1744 at 2015-5-14 20:35:30
Download full image code is correct as 43912
{"error":3,"message":["\u5bf9\u4e0d\u8d77\uff0c\u8be5\u5546\u54c1\u5df2\u7ecf\u4e0b\u67b6\u3002"],"content":"","goods_id":"1744","captcha":"43912","number":"1","donation_number":null,"product_spec":"","confirm_type":"3"}
addToCart(1744,1) failed at 2015-5-14 20:35:31, will readd
before weight is 76
rrt is 719
succeedTime is 77
after set weight is 77
retry buy good 1744 at 2015-5-14 20:35:32
Download full image code is correct as 71095
{"error":3,"message":["\u5bf9\u4e0d\u8d77\uff0c\u8be5\u5546\u54c1\u5df2\u7ecf\u4e0b\u67b6\u3002"],"content":"","goods_id":"1744","captcha":"71095","number":"1","donation_number":null,"product_spec":"","confirm_type":"3"}
addToCart(1744,1) failed at 2015-5-14 20:35:32, will readd
before weight is 77
rrt is 666
succeedTime is 78
after set weight is 78
retry buy good 1744 at 2015-5-14 20:35:33
Download full image code is correct as 50367
{"error":3,"message":["\u5bf9\u4e0d\u8d77\uff0c\u8be5\u5546\u54c1\u5df2\u7ecf\u4e0b\u67b6\u3002"],"content":"","goods_id":"1744","captcha":"50367","number":"1","donation_number":null,"product_spec":"","confirm_type":"3"}
addToCart(1744,1) failed at 2015-5-14 20:35:34, will readd
before weight is 78
rrt is 736
succeedTime is 79
after set weight is 79
retry buy good 1744 at 2015-5-14 20:35:34
Download full image code is correct as 43106
{"error":3,"message":["\u5bf9\u4e0d\u8d77\uff0c\u8be5\u5546\u54c1\u5df2\u7ecf\u4e0b\u67b6\u3002"],"content":"","goods_id":"1744","captcha":"43106","number":"1","donation_number":null,"product_spec":"","confirm_type":"3"}
addToCart(1744,1) failed at 2015-5-14 20:35:35, will readd
before weight is 79
rrt is 896
succeedTime is 80
after set weight is 80
retry buy good 1744 at 2015-5-14 20:35:36
Download full image code is correct as 40368
{"error":3,"message":["\u5bf9\u4e0d\u8d77\uff0c\u8be5\u5546\u54c1\u5df2\u7ecf\u4e0b\u67b6\u3002"],"content":"","goods_id":"1744","captcha":"40368","number":"1","donation_number":null,"product_spec":"","confirm_type":"3"}
addToCart(1744,1) failed at 2015-5-14 20:35:36, will readd
before weight is 80
rrt is 685
succeedTime is 81
after set weight is 81
retry buy good 1744 at 2015-5-14 20:35:37
Download full image code is correct as 81532
{"error":3,"message":["\u5bf9\u4e0d\u8d77\uff0c\u8be5\u5546\u54c1\u5df2\u7ecf\u4e0b\u67b6\u3002"],"content":"","goods_id":"1744","captcha":"81532","number":"1","donation_number":null,"product_spec":"","confirm_type":"3"}
addToCart(1744,1) failed at 2015-5-14 20:35:38, will readd
before weight is 81
rrt is 696
succeedTime is 82
after set weight is 82
retry buy good 1744 at 2015-5-14 20:35:38
Download full image code is correct as 24976
{"error":3,"message":["\u5bf9\u4e0d\u8d77\uff0c\u8be5\u5546\u54c1\u5df2\u7ecf\u4e0b\u67b6\u3002"],"content":"","goods_id":"1744","captcha":"24976","number":"1","donation_number":null,"product_spec":"","confirm_type":"3"}
addToCart(1744,1) failed at 2015-5-14 20:35:40, will readd
before weight is 82
rrt is 1126
succeedTime is 82
after set weight is 82
retry buy good 1744 at 2015-5-14 20:35:40
Download full image code is correct as 84753
{"error":3,"message":["\u5bf9\u4e0d\u8d77\uff0c\u8be5\u5546\u54c1\u5df2\u7ecf\u4e0b\u67b6\u3002"],"content":"","goods_id":"1744","captcha":"84753","number":"1","donation_number":null,"product_spec":"","confirm_type":"3"}
addToCart(1744,1) failed at 2015-5-14 20:35:41, will readd
before weight is 82
rrt is 736
succeedTime is 83
after set weight is 83
retry buy good 1744 at 2015-5-14 20:35:41
Download full image code is correct as 43192
{"error":3,"message":["\u5bf9\u4e0d\u8d77\uff0c\u8be5\u5546\u54c1\u5df2\u7ecf\u4e0b\u67b6\u3002"],"content":"","goods_id":"1744","captcha":"43192","number":"1","donation_number":null,"product_spec":"","confirm_type":"3"}
addToCart(1744,1) failed at 2015-5-14 20:35:42, will readd
before weight is 83
rrt is 710
succeedTime is 84
after set weight is 84
retry buy good 1744 at 2015-5-14 20:35:43
Download full image code is correct as 75462
{"error":3,"message":["\u5bf9\u4e0d\u8d77\uff0c\u8be5\u5546\u54c1\u5df2\u7ecf\u4e0b\u67b6\u3002"],"content":"","goods_id":"1744","captcha":"75462","number":"1","donation_number":null,"product_spec":"","confirm_type":"3"}
addToCart(1744,1) failed at 2015-5-14 20:35:43, will readd
before weight is 84
rrt is 685
succeedTime is 85
after set weight is 85
retry buy good 1744 at 2015-5-14 20:35:44
Download full image code is correct as 21906
{"error":3,"message":["\u5bf9\u4e0d\u8d77\uff0c\u8be5\u5546\u54c1\u5df2\u7ecf\u4e0b\u67b6\u3002"],"content":"","goods_id":"1744","captcha":"21906","number":"1","donation_number":null,"product_spec":"","confirm_type":"3"}
addToCart(1744,1) failed at 2015-5-14 20:35:45, will readd
before weight is 85
rrt is 701
succeedTime is 86
after set weight is 86
retry buy good 1744 at 2015-5-14 20:35:45
Download full image code is correct as 68052
{"error":3,"message":["\u5bf9\u4e0d\u8d77\uff0c\u8be5\u5546\u54c1\u5df2\u7ecf\u4e0b\u67b6\u3002"],"content":"","goods_id":"1744","captcha":"68052","number":"1","donation_number":null,"product_spec":"","confirm_type":"3"}
addToCart(1744,1) failed at 2015-5-14 20:35:46, will readd
before weight is 86
rrt is 926
succeedTime is 87
after set weight is 87
retry buy good 1744 at 2015-5-14 20:35:47
Download full image code is correct as 70349
{"error":3,"message":["\u5bf9\u4e0d\u8d77\uff0c\u8be5\u5546\u54c1\u5df2\u7ecf\u4e0b\u67b6\u3002"],"content":"","goods_id":"1744","captcha":"70349","number":"1","donation_number":null,"product_spec":"","confirm_type":"3"}
addToCart(1744,1) failed at 2015-5-14 20:35:48, will readd
before weight is 87
rrt is 689
succeedTime is 88
after set weight is 88
retry buy good 1744 at 2015-5-14 20:35:48
Download full image code is correct as 14065
{"error":3,"message":["\u5bf9\u4e0d\u8d77\uff0c\u8be5\u5546\u54c1\u5df2\u7ecf\u4e0b\u67b6\u3002"],"content":"","goods_id":"1744","captcha":"14065","number":"1","donation_number":null,"product_spec":"","confirm_type":"3"}
addToCart(1744,1) failed at 2015-5-14 20:35:49, will readd
before weight is 88
rrt is 728
succeedTime is 89
after set weight is 89
retry buy good 1744 at 2015-5-14 20:35:49
Download full image code is correct as 67398
{"error":3,"message":["\u5bf9\u4e0d\u8d77\uff0c\u8be5\u5546\u54c1\u5df2\u7ecf\u4e0b\u67b6\u3002"],"content":"","goods_id":"1744","captcha":"67398","number":"1","donation_number":null,"product_spec":"","confirm_type":"3"}
addToCart(1744,1) failed at 2015-5-14 20:35:50, will readd
before weight is 89
rrt is 673
succeedTime is 90
after set weight is 90
retry buy good 1744 at 2015-5-14 20:35:51
Download full image code is correct as 67530
{"error":3,"message":["\u5bf9\u4e0d\u8d77\uff0c\u8be5\u5546\u54c1\u5df2\u7ecf\u4e0b\u67b6\u3002"],"content":"","goods_id":"1744","captcha":"67530","number":"1","donation_number":null,"product_spec":"","confirm_type":"3"}
addToCart(1744,1) failed at 2015-5-14 20:35:51, will readd
before weight is 90
rrt is 712
succeedTime is 91
after set weight is 91
retry buy good 1744 at 2015-5-14 20:35:52
Download full image code is correct as 46395
{"error":3,"message":["\u5bf9\u4e0d\u8d77\uff0c\u8be5\u5546\u54c1\u5df2\u7ecf\u4e0b\u67b6\u3002"],"content":"","goods_id":"1744","captcha":"46395","number":"1","donation_number":null,"product_spec":"","confirm_type":"3"}
addToCart(1744,1) failed at 2015-5-14 20:35:53, will readd
before weight is 91
rrt is 665
succeedTime is 92
after set weight is 92
retry buy good 1744 at 2015-5-14 20:35:53
Download full image code is correct as 62439
{"error":3,"message":["\u5bf9\u4e0d\u8d77\uff0c\u8be5\u5546\u54c1\u5df2\u7ecf\u4e0b\u67b6\u3002"],"content":"","goods_id":"1744","captcha":"62439","number":"1","donation_number":null,"product_spec":"","confirm_type":"3"}
addToCart(1744,1) failed at 2015-5-14 20:35:54, will readd
before weight is 92
rrt is 676
succeedTime is 93
after set weight is 93
retry buy good 1744 at 2015-5-14 20:35:55
Download full image code is correct as 04715
{"error":3,"message":["\u5bf9\u4e0d\u8d77\uff0c\u8be5\u5546\u54c1\u5df2\u7ecf\u4e0b\u67b6\u3002"],"content":"","goods_id":"1744","captcha":"04715","number":"1","donation_number":null,"product_spec":"","confirm_type":"3"}
addToCart(1744,1) failed at 2015-5-14 20:35:55, will readd
before weight is 93
rrt is 668
succeedTime is 94
after set weight is 94
retry buy good 1744 at 2015-5-14 20:35:56
Download full image code is correct as 10523
{"error":3,"message":["\u5bf9\u4e0d\u8d77\uff0c\u8be5\u5546\u54c1\u5df2\u7ecf\u4e0b\u67b6\u3002"],"content":"","goods_id":"1744","captcha":"10523","number":"1","donation_number":null,"product_spec":"","confirm_type":"3"}
addToCart(1744,1) failed at 2015-5-14 20:35:57, will readd
before weight is 94
rrt is 673
succeedTime is 95
after set weight is 95
retry buy good 1744 at 2015-5-14 20:35:57
Download full image code is correct as 61935
{"error":3,"message":["\u5bf9\u4e0d\u8d77\uff0c\u8be5\u5546\u54c1\u5df2\u7ecf\u4e0b\u67b6\u3002"],"content":"","goods_id":"1744","captcha":"61935","number":"1","donation_number":null,"product_spec":"","confirm_type":"3"}
addToCart(1744,1) failed at 2015-5-14 20:35:58, will readd
before weight is 95
rrt is 748
succeedTime is 96
after set weight is 96
retry buy good 1744 at 2015-5-14 20:35:58
Download full image code is correct as 90672
{"error":3,"message":["\u5bf9\u4e0d\u8d77\uff0c\u8be5\u5546\u54c1\u5df2\u7ecf\u4e0b\u67b6\u3002"],"content":"","goods_id":"1744","captcha":"90672","number":"1","donation_number":null,"product_spec":"","confirm_type":"3"}
addToCart(1744,1) failed at 2015-5-14 20:35:59, will readd
before weight is 96
rrt is 698
succeedTime is 97
after set weight is 97
retry buy good 1744 at 2015-5-14 20:36:00
Download full image code is correct as 37419
{"error":3,"message":["\u5bf9\u4e0d\u8d77\uff0c\u8be5\u5546\u54c1\u5df2\u7ecf\u4e0b\u67b6\u3002"],"content":"","goods_id":"1744","captcha":"37419","number":"1","donation_number":null,"product_spec":"","confirm_type":"3"}
addToCart(1744,1) failed at 2015-5-14 20:36:00, will readd
before weight is 97
rrt is 690
succeedTime is 98
after set weight is 98
retry buy good 1744 at 2015-5-14 20:36:01
Download full image code is correct as 01643
{"error":3,"message":["\u5bf9\u4e0d\u8d77\uff0c\u8be5\u5546\u54c1\u5df2\u7ecf\u4e0b\u67b6\u3002"],"content":"","goods_id":"1744","captcha":"01643","number":"1","donation_number":null,"product_spec":"","confirm_type":"3"}
addToCart(1744,1) failed at 2015-5-14 20:36:02, will readd
before weight is 98
rrt is 702
succeedTime is 99
after set weight is 99
retry buy good 1744 at 2015-5-14 20:36:02
Download full image code is correct as 26843
{"error":3,"message":["\u5bf9\u4e0d\u8d77\uff0c\u8be5\u5546\u54c1\u5df2\u7ecf\u4e0b\u67b6\u3002"],"content":"","goods_id":"1744","captcha":"26843","number":"1","donation_number":null,"product_spec":"","confirm_type":"3"}
addToCart(1744,1) failed at 2015-5-14 20:36:03, will readd
before weight is 99
rrt is 940
succeedTime is 100
after set weight is 100
retry buy good 1744 at 2015-5-14 20:36:04
Download full image code is correct as 64750
{"error":3,"message":["\u5bf9\u4e0d\u8d77\uff0c\u8be5\u5546\u54c1\u5df2\u7ecf\u4e0b\u67b6\u3002"],"content":"","goods_id":"1744","captcha":"64750","number":"1","donation_number":null,"product_spec":"","confirm_type":"3"}
addToCart(1744,1) failed at 2015-5-14 20:36:05, will readd
before weight is 100
rrt is 689
succeedTime is 101
after set weight is 101
retry buy good 1744 at 2015-5-14 20:36:05
Download full image code is correct as 64938
{"error":3,"message":["\u5bf9\u4e0d\u8d77\uff0c\u8be5\u5546\u54c1\u5df2\u7ecf\u4e0b\u67b6\u3002"],"content":"","goods_id":"1744","captcha":"64938","number":"1","donation_number":null,"product_spec":"","confirm_type":"3"}
addToCart(1744,1) failed at 2015-5-14 20:36:06, will readd
before weight is 101
rrt is 716
succeedTime is 102
after set weight is 102
retry buy good 1744 at 2015-5-14 20:36:07
Download full image code is correct as 40861
{"error":3,"message":["\u5bf9\u4e0d\u8d77\uff0c\u8be5\u5546\u54c1\u5df2\u7ecf\u4e0b\u67b6\u3002"],"content":"","goods_id":"1744","captcha":"40861","number":"1","donation_number":null,"product_spec":"","confirm_type":"3"}
addToCart(1744,1) failed at 2015-5-14 20:36:07, will readd
before weight is 102
rrt is 738
succeedTime is 103
after set weight is 103
retry buy good 1744 at 2015-5-14 20:36:08
Download full image code is correct as 41357
{"error":3,"message":["\u5bf9\u4e0d\u8d77\uff0c\u8be5\u5546\u54c1\u5df2\u7ecf\u4e0b\u67b6\u3002"],"content":"","goods_id":"1744","captcha":"41357","number":"1","donation_number":null,"product_spec":"","confirm_type":"3"}
addToCart(1744,1) failed at 2015-5-14 20:36:09, will readd
before weight is 103
rrt is 719
succeedTime is 104
after set weight is 104
retry buy good 1744 at 2015-5-14 20:36:09
Download full image code is correct as 76803
{"error":3,"message":["\u5bf9\u4e0d\u8d77\uff0c\u8be5\u5546\u54c1\u5df2\u7ecf\u4e0b\u67b6\u3002"],"content":"","goods_id":"1744","captcha":"76803","number":"1","donation_number":null,"product_spec":"","confirm_type":"3"}
addToCart(1744,1) failed at 2015-5-14 20:36:10, will readd
before weight is 104
rrt is 676
succeedTime is 105
after set weight is 105
retry buy good 1744 at 2015-5-14 20:36:10
Download full image code is correct as 28319
{"error":3,"message":["\u5bf9\u4e0d\u8d77\uff0c\u8be5\u5546\u54c1\u5df2\u7ecf\u4e0b\u67b6\u3002"],"content":"","goods_id":"1744","captcha":"28319","number":"1","donation_number":null,"product_spec":"","confirm_type":"3"}
addToCart(1744,1) failed at 2015-5-14 20:36:11, will readd
before weight is 105
rrt is 714
succeedTime is 106
after set weight is 106
retry buy good 1744 at 2015-5-14 20:36:12
Download full image code is correct as 97348
{"error":3,"message":["\u5bf9\u4e0d\u8d77\uff0c\u8be5\u5546\u54c1\u5df2\u7ecf\u4e0b\u67b6\u3002"],"content":"","goods_id":"1744","captcha":"97348","number":"1","donation_number":null,"product_spec":"","confirm_type":"3"}
addToCart(1744,1) failed at 2015-5-14 20:36:12, will readd
before weight is 106
rrt is 715
succeedTime is 107
after set weight is 107
retry buy good 1744 at 2015-5-14 20:36:13
Download full image code is correct as 57461
{"error":3,"message":["\u5bf9\u4e0d\u8d77\uff0c\u8be5\u5546\u54c1\u5df2\u7ecf\u4e0b\u67b6\u3002"],"content":"","goods_id":"1744","captcha":"57461","number":"1","donation_number":null,"product_spec":"","confirm_type":"3"}
addToCart(1744,1) failed at 2015-5-14 20:36:14, will readd
before weight is 107
rrt is 738
succeedTime is 108
after set weight is 108
retry buy good 1744 at 2015-5-14 20:36:14
Download full image code is correct as 20765
{"error":3,"message":["\u5bf9\u4e0d\u8d77\uff0c\u8be5\u5546\u54c1\u5df2\u7ecf\u4e0b\u67b6\u3002"],"content":"","goods_id":"1744","captcha":"20765","number":"1","donation_number":null,"product_spec":"","confirm_type":"3"}
addToCart(1744,1) failed at 2015-5-14 20:36:15, will readd
before weight is 108
rrt is 692
succeedTime is 109
after set weight is 109
retry buy good 1744 at 2015-5-14 20:36:16
Download full image code is correct as 84952
{"error":3,"message":["\u5bf9\u4e0d\u8d77\uff0c\u8be5\u5546\u54c1\u5df2\u7ecf\u4e0b\u67b6\u3002"],"content":"","goods_id":"1744","captcha":"84952","number":"1","donation_number":null,"product_spec":"","confirm_type":"3"}
addToCart(1744,1) failed at 2015-5-14 20:36:16, will readd
before weight is 109
rrt is 723
succeedTime is 110
after set weight is 110
retry buy good 1744 at 2015-5-14 20:36:17
Download full image code is correct as 48190
{"error":3,"message":["\u5bf9\u4e0d\u8d77\uff0c\u8be5\u5546\u54c1\u5df2\u7ecf\u4e0b\u67b6\u3002"],"content":"","goods_id":"1744","captcha":"48190","number":"1","donation_number":null,"product_spec":"","confirm_type":"3"}
addToCart(1744,1) failed at 2015-5-14 20:36:18, will readd
before weight is 110
rrt is 728
succeedTime is 111
after set weight is 111
retry buy good 1744 at 2015-5-14 20:36:18
Download full image code is correct as 64308
{"error":3,"message":["\u5bf9\u4e0d\u8d77\uff0c\u8be5\u5546\u54c1\u5df2\u7ecf\u4e0b\u67b6\u3002"],"content":"","goods_id":"1744","captcha":"64308","number":"1","donation_number":null,"product_spec":"","confirm_type":"3"}
addToCart(1744,1) failed at 2015-5-14 20:36:19, will readd
before weight is 111
rrt is 917
succeedTime is 112
after set weight is 112
retry buy good 1744 at 2015-5-14 20:36:20
Download full image code is correct as 05864
{"error":3,"message":["\u5bf9\u4e0d\u8d77\uff0c\u8be5\u5546\u54c1\u5df2\u7ecf\u4e0b\u67b6\u3002"],"content":"","goods_id":"1744","captcha":"05864","number":"1","donation_number":null,"product_spec":"","confirm_type":"3"}
addToCart(1744,1) failed at 2015-5-14 20:36:21, will readd
before weight is 112
rrt is 704
succeedTime is 113
after set weight is 113
retry buy good 1744 at 2015-5-14 20:36:21
Download full image code is correct as 12367
{"error":3,"message":["\u5bf9\u4e0d\u8d77\uff0c\u8be5\u5546\u54c1\u5df2\u7ecf\u4e0b\u67b6\u3002"],"content":"","goods_id":"1744","captcha":"12367","number":"1","donation_number":null,"product_spec":"","confirm_type":"3"}
addToCart(1744,1) failed at 2015-5-14 20:36:22, will readd
before weight is 113
rrt is 919
succeedTime is 114
after set weight is 114
retry buy good 1744 at 2015-5-14 20:36:23
Download full image code is correct as 95382
{"error":3,"message":["\u5bf9\u4e0d\u8d77\uff0c\u8be5\u5546\u54c1\u5df2\u7ecf\u4e0b\u67b6\u3002"],"content":"","goods_id":"1744","captcha":"95382","number":"1","donation_number":null,"product_spec":"","confirm_type":"3"}
addToCart(1744,1) failed at 2015-5-14 20:36:23, will readd
before weight is 114
rrt is 714
succeedTime is 115
after set weight is 115
