started at 2015-5-14 20:33:28
login sucessfully with proxy 111.40.194.39 at 2015-5-14 20:33:29
Download full image code is correct as 18204
{"error":3,"message":["\u5bf9\u4e0d\u8d77\uff0c\u8be5\u5546\u54c1\u5df2\u7ecf\u4e0b\u67b6\u3002"],"content":"","goods_id":"1744","captcha":"18204","number":"1","donation_number":null,"product_spec":"","confirm_type":"3"}
addToCart(1744,1) failed at 2015-5-14 20:33:29, will readd
before weight is 0
rrt is 558
succeedTime is 1
after set weight is 1
retry buy good 1744 at 2015-5-14 20:33:30
Download full image code is correct as 32948
{"error":3,"message":["\u5bf9\u4e0d\u8d77\uff0c\u8be5\u5546\u54c1\u5df2\u7ecf\u4e0b\u67b6\u3002"],"content":"","goods_id":"1744","captcha":"32948","number":"1","donation_number":null,"product_spec":"","confirm_type":"3"}
addToCart(1744,1) failed at 2015-5-14 20:33:30, will readd
before weight is 1
rrt is 474
succeedTime is 2
after set weight is 2
retry buy good 1744 at 2015-5-14 20:33:31
Download full image code is correct as 26708
{"error":3,"message":["\u5bf9\u4e0d\u8d77\uff0c\u8be5\u5546\u54c1\u5df2\u7ecf\u4e0b\u67b6\u3002"],"content":"","goods_id":"1744","captcha":"26708","number":"1","donation_number":null,"product_spec":"","confirm_type":"3"}
addToCart(1744,1) failed at 2015-5-14 20:33:31, will readd
before weight is 2
rrt is 480
succeedTime is 3
after set weight is 3
retry buy good 1744 at 2015-5-14 20:33:32
Download full image code is correct as 26731
{"error":3,"message":["\u5bf9\u4e0d\u8d77\uff0c\u8be5\u5546\u54c1\u5df2\u7ecf\u4e0b\u67b6\u3002"],"content":"","goods_id":"1744","captcha":"26731","number":"1","donation_number":null,"product_spec":"","confirm_type":"3"}
addToCart(1744,1) failed at 2015-5-14 20:33:33, will readd
before weight is 3
rrt is 475
succeedTime is 4
after set weight is 4
retry buy good 1744 at 2015-5-14 20:33:33
Download full image code is correct as 81265
{"error":3,"message":["\u5bf9\u4e0d\u8d77\uff0c\u8be5\u5546\u54c1\u5df2\u7ecf\u4e0b\u67b6\u3002"],"content":"","goods_id":"1744","captcha":"81265","number":"1","donation_number":null,"product_spec":"","confirm_type":"3"}
addToCart(1744,1) failed at 2015-5-14 20:33:34, will readd
before weight is 4
rrt is 472
succeedTime is 5
after set weight is 5
retry buy good 1744 at 2015-5-14 20:33:34
Download full image code is correct as 92576
{"error":3,"message":["\u5bf9\u4e0d\u8d77\uff0c\u8be5\u5546\u54c1\u5df2\u7ecf\u4e0b\u67b6\u3002"],"content":"","goods_id":"1744","captcha":"92576","number":"1","donation_number":null,"product_spec":"","confirm_type":"3"}
addToCart(1744,1) failed at 2015-5-14 20:33:35, will readd
before weight is 5
rrt is 471
succeedTime is 6
after set weight is 6
retry buy good 1744 at 2015-5-14 20:33:35
Download full image code is correct as 67095
{"error":3,"message":["\u5bf9\u4e0d\u8d77\uff0c\u8be5\u5546\u54c1\u5df2\u7ecf\u4e0b\u67b6\u3002"],"content":"","goods_id":"1744","captcha":"67095","number":"1","donation_number":null,"product_spec":"","confirm_type":"3"}
addToCart(1744,1) failed at 2015-5-14 20:33:36, will readd
before weight is 6
rrt is 471
succeedTime is 7
after set weight is 7
retry buy good 1744 at 2015-5-14 20:33:36
Download full image code is correct as 70319
{"error":3,"message":["\u5bf9\u4e0d\u8d77\uff0c\u8be5\u5546\u54c1\u5df2\u7ecf\u4e0b\u67b6\u3002"],"content":"","goods_id":"1744","captcha":"70319","number":"1","donation_number":null,"product_spec":"","confirm_type":"3"}
addToCart(1744,1) failed at 2015-5-14 20:33:37, will readd
before weight is 7
rrt is 478
succeedTime is 8
after set weight is 8
retry buy good 1744 at 2015-5-14 20:33:37
Download full image code is correct as 10563
{"error":3,"message":["\u5bf9\u4e0d\u8d77\uff0c\u8be5\u5546\u54c1\u5df2\u7ecf\u4e0b\u67b6\u3002"],"content":"","goods_id":"1744","captcha":"10563","number":"1","donation_number":null,"product_spec":"","confirm_type":"3"}
addToCart(1744,1) failed at 2015-5-14 20:33:38, will readd
before weight is 8
rrt is 475
succeedTime is 9
after set weight is 9
retry buy good 1744 at 2015-5-14 20:33:39
Download full image code is correct as 43829
{"error":3,"message":["\u5bf9\u4e0d\u8d77\uff0c\u8be5\u5546\u54c1\u5df2\u7ecf\u4e0b\u67b6\u3002"],"content":"","goods_id":"1744","captcha":"43829","number":"1","donation_number":null,"product_spec":"","confirm_type":"3"}
addToCart(1744,1) failed at 2015-5-14 20:33:39, will readd
before weight is 9
rrt is 473
succeedTime is 10
after set weight is 10
retry buy good 1744 at 2015-5-14 20:33:40
Download full image code is correct as 92436
{"error":3,"message":["\u5bf9\u4e0d\u8d77\uff0c\u8be5\u5546\u54c1\u5df2\u7ecf\u4e0b\u67b6\u3002"],"content":"","goods_id":"1744","captcha":"92436","number":"1","donation_number":null,"product_spec":"","confirm_type":"3"}
addToCart(1744,1) failed at 2015-5-14 20:33:40, will readd
before weight is 10
rrt is 472
succeedTime is 11
after set weight is 11
retry buy good 1744 at 2015-5-14 20:33:41
Download full image code is correct as 36487
{"error":3,"message":["\u5bf9\u4e0d\u8d77\uff0c\u8be5\u5546\u54c1\u5df2\u7ecf\u4e0b\u67b6\u3002"],"content":"","goods_id":"1744","captcha":"36487","number":"1","donation_number":null,"product_spec":"","confirm_type":"3"}
addToCart(1744,1) failed at 2015-5-14 20:33:41, will readd
before weight is 11
rrt is 471
succeedTime is 12
after set weight is 12
retry buy good 1744 at 2015-5-14 20:33:42
Download full image code is correct as 27910
{"error":3,"message":["\u5bf9\u4e0d\u8d77\uff0c\u8be5\u5546\u54c1\u5df2\u7ecf\u4e0b\u67b6\u3002"],"content":"","goods_id":"1744","captcha":"27910","number":"1","donation_number":null,"product_spec":"","confirm_type":"3"}
addToCart(1744,1) failed at 2015-5-14 20:33:42, will readd
before weight is 12
rrt is 476
succeedTime is 13
after set weight is 13
retry buy good 1744 at 2015-5-14 20:33:43
Download full image code is correct as 96523
{"error":3,"message":["\u5bf9\u4e0d\u8d77\uff0c\u8be5\u5546\u54c1\u5df2\u7ecf\u4e0b\u67b6\u3002"],"content":"","goods_id":"1744","captcha":"96523","number":"1","donation_number":null,"product_spec":"","confirm_type":"3"}
addToCart(1744,1) failed at 2015-5-14 20:33:43, will readd
before weight is 13
rrt is 481
succeedTime is 14
after set weight is 14
retry buy good 1744 at 2015-5-14 20:33:44
Download full image code is correct as 83462
{"error":3,"message":["\u5bf9\u4e0d\u8d77\uff0c\u8be5\u5546\u54c1\u5df2\u7ecf\u4e0b\u67b6\u3002"],"content":"","goods_id":"1744","captcha":"83462","number":"1","donation_number":null,"product_spec":"","confirm_type":"3"}
addToCart(1744,1) failed at 2015-5-14 20:33:44, will readd
before weight is 14
rrt is 474
succeedTime is 15
after set weight is 15
retry buy good 1744 at 2015-5-14 20:33:45
Download full image code is correct as 04918
{"error":3,"message":["\u5bf9\u4e0d\u8d77\uff0c\u8be5\u5546\u54c1\u5df2\u7ecf\u4e0b\u67b6\u3002"],"content":"","goods_id":"1744","captcha":"04918","number":"1","donation_number":null,"product_spec":"","confirm_type":"3"}
addToCart(1744,1) failed at 2015-5-14 20:33:45, will readd
before weight is 15
rrt is 484
succeedTime is 16
after set weight is 16
retry buy good 1744 at 2015-5-14 20:33:46
Download full image code is correct as 16895
{"error":3,"message":["\u5bf9\u4e0d\u8d77\uff0c\u8be5\u5546\u54c1\u5df2\u7ecf\u4e0b\u67b6\u3002"],"content":"","goods_id":"1744","captcha":"16895","number":"1","donation_number":null,"product_spec":"","confirm_type":"3"}
addToCart(1744,1) failed at 2015-5-14 20:33:47, will readd
before weight is 16
rrt is 476
succeedTime is 17
after set weight is 17
retry buy good 1744 at 2015-5-14 20:33:47
Download full image code is correct as 15640
{"error":3,"message":["\u5bf9\u4e0d\u8d77\uff0c\u8be5\u5546\u54c1\u5df2\u7ecf\u4e0b\u67b6\u3002"],"content":"","goods_id":"1744","captcha":"15640","number":"1","donation_number":null,"product_spec":"","confirm_type":"3"}
addToCart(1744,1) failed at 2015-5-14 20:33:48, will readd
before weight is 17
rrt is 482
succeedTime is 18
after set weight is 18
retry buy good 1744 at 2015-5-14 20:33:48
Download full image code is correct as 74830
{"error":3,"message":["\u5bf9\u4e0d\u8d77\uff0c\u8be5\u5546\u54c1\u5df2\u7ecf\u4e0b\u67b6\u3002"],"content":"","goods_id":"1744","captcha":"74830","number":"1","donation_number":null,"product_spec":"","confirm_type":"3"}
addToCart(1744,1) failed at 2015-5-14 20:33:49, will readd
before weight is 18
rrt is 485
succeedTime is 19
after set weight is 19
retry buy good 1744 at 2015-5-14 20:33:49
Download full image code is correct as 26507
{"error":3,"message":["\u5bf9\u4e0d\u8d77\uff0c\u8be5\u5546\u54c1\u5df2\u7ecf\u4e0b\u67b6\u3002"],"content":"","goods_id":"1744","captcha":"26507","number":"1","donation_number":null,"product_spec":"","confirm_type":"3"}
addToCart(1744,1) failed at 2015-5-14 20:33:50, will readd
before weight is 19
rrt is 470
succeedTime is 20
after set weight is 20
retry buy good 1744 at 2015-5-14 20:33:50
Download full image code is correct as 10876
{"error":3,"message":["\u5bf9\u4e0d\u8d77\uff0c\u8be5\u5546\u54c1\u5df2\u7ecf\u4e0b\u67b6\u3002"],"content":"","goods_id":"1744","captcha":"10876","number":"1","donation_number":null,"product_spec":"","confirm_type":"3"}
addToCart(1744,1) failed at 2015-5-14 20:33:51, will readd
before weight is 20
rrt is 466
succeedTime is 21
after set weight is 21
retry buy good 1744 at 2015-5-14 20:33:51
Download full image code is correct as 65342
{"error":3,"message":["\u5bf9\u4e0d\u8d77\uff0c\u8be5\u5546\u54c1\u5df2\u7ecf\u4e0b\u67b6\u3002"],"content":"","goods_id":"1744","captcha":"65342","number":"1","donation_number":null,"product_spec":"","confirm_type":"3"}
addToCart(1744,1) failed at 2015-5-14 20:33:52, will readd
before weight is 21
rrt is 472
succeedTime is 22
after set weight is 22
retry buy good 1744 at 2015-5-14 20:33:53
Download full image code is correct as 03167
{"error":3,"message":["\u5bf9\u4e0d\u8d77\uff0c\u8be5\u5546\u54c1\u5df2\u7ecf\u4e0b\u67b6\u3002"],"content":"","goods_id":"1744","captcha":"03167","number":"1","donation_number":null,"product_spec":"","confirm_type":"3"}
addToCart(1744,1) failed at 2015-5-14 20:33:53, will readd
before weight is 22
rrt is 468
succeedTime is 23
after set weight is 23
retry buy good 1744 at 2015-5-14 20:33:54
Download full image code is correct as 46789
{"error":3,"message":["\u5bf9\u4e0d\u8d77\uff0c\u8be5\u5546\u54c1\u5df2\u7ecf\u4e0b\u67b6\u3002"],"content":"","goods_id":"1744","captcha":"46789","number":"1","donation_number":null,"product_spec":"","confirm_type":"3"}
addToCart(1744,1) failed at 2015-5-14 20:33:54, will readd
before weight is 23
rrt is 467
succeedTime is 24
after set weight is 24
retry buy good 1744 at 2015-5-14 20:33:55
Download full image code is correct as 54860
{"error":3,"message":["\u5bf9\u4e0d\u8d77\uff0c\u8be5\u5546\u54c1\u5df2\u7ecf\u4e0b\u67b6\u3002"],"content":"","goods_id":"1744","captcha":"54860","number":"1","donation_number":null,"product_spec":"","confirm_type":"3"}
addToCart(1744,1) failed at 2015-5-14 20:33:55, will readd
before weight is 24
rrt is 471
succeedTime is 25
after set weight is 25
retry buy good 1744 at 2015-5-14 20:33:56
Download full image code is correct as 35418
{"error":3,"message":["\u5bf9\u4e0d\u8d77\uff0c\u8be5\u5546\u54c1\u5df2\u7ecf\u4e0b\u67b6\u3002"],"content":"","goods_id":"1744","captcha":"35418","number":"1","donation_number":null,"product_spec":"","confirm_type":"3"}
addToCart(1744,1) failed at 2015-5-14 20:33:56, will readd
before weight is 25
rrt is 462
succeedTime is 26
after set weight is 26
retry buy good 1744 at 2015-5-14 20:33:57
Download full image code is correct as 01473
{"error":3,"message":["\u5bf9\u4e0d\u8d77\uff0c\u8be5\u5546\u54c1\u5df2\u7ecf\u4e0b\u67b6\u3002"],"content":"","goods_id":"1744","captcha":"01473","number":"1","donation_number":null,"product_spec":"","confirm_type":"3"}
addToCart(1744,1) failed at 2015-5-14 20:33:57, will readd
before weight is 26
rrt is 474
succeedTime is 27
after set weight is 27
retry buy good 1744 at 2015-5-14 20:33:58
Download full image code is correct as 04521
{"error":3,"message":["\u5bf9\u4e0d\u8d77\uff0c\u8be5\u5546\u54c1\u5df2\u7ecf\u4e0b\u67b6\u3002"],"content":"","goods_id":"1744","captcha":"04521","number":"1","donation_number":null,"product_spec":"","confirm_type":"3"}
addToCart(1744,1) failed at 2015-5-14 20:33:58, will readd
before weight is 27
rrt is 484
succeedTime is 28
after set weight is 28
retry buy good 1744 at 2015-5-14 20:33:59
Download full image code is correct as 94726
{"error":3,"message":["\u5bf9\u4e0d\u8d77\uff0c\u8be5\u5546\u54c1\u5df2\u7ecf\u4e0b\u67b6\u3002"],"content":"","goods_id":"1744","captcha":"94726","number":"1","donation_number":null,"product_spec":"","confirm_type":"3"}
addToCart(1744,1) failed at 2015-5-14 20:33:59, will readd
before weight is 28
rrt is 477
succeedTime is 29
after set weight is 29
retry buy good 1744 at 2015-5-14 20:34:00
Download full image code is correct as 17924
{"error":3,"message":["\u5bf9\u4e0d\u8d77\uff0c\u8be5\u5546\u54c1\u5df2\u7ecf\u4e0b\u67b6\u3002"],"content":"","goods_id":"1744","captcha":"17924","number":"1","donation_number":null,"product_spec":"","confirm_type":"3"}
addToCart(1744,1) failed at 2015-5-14 20:34:00, will readd
before weight is 29
rrt is 477
succeedTime is 30
after set weight is 30
retry buy good 1744 at 2015-5-14 20:34:01
Download full image code is correct as 58902
{"error":3,"message":["\u5bf9\u4e0d\u8d77\uff0c\u8be5\u5546\u54c1\u5df2\u7ecf\u4e0b\u67b6\u3002"],"content":"","goods_id":"1744","captcha":"58902","number":"1","donation_number":null,"product_spec":"","confirm_type":"3"}
addToCart(1744,1) failed at 2015-5-14 20:34:02, will readd
before weight is 30
rrt is 459
succeedTime is 31
after set weight is 31
retry buy good 1744 at 2015-5-14 20:34:02
Download full image code is correct as 56718
{"error":3,"message":["\u5bf9\u4e0d\u8d77\uff0c\u8be5\u5546\u54c1\u5df2\u7ecf\u4e0b\u67b6\u3002"],"content":"","goods_id":"1744","captcha":"56718","number":"1","donation_number":null,"product_spec":"","confirm_type":"3"}
addToCart(1744,1) failed at 2015-5-14 20:34:03, will readd
before weight is 31
rrt is 478
succeedTime is 32
after set weight is 32
retry buy good 1744 at 2015-5-14 20:34:03
Download full image code is correct as 75613
{"error":3,"message":["\u5bf9\u4e0d\u8d77\uff0c\u8be5\u5546\u54c1\u5df2\u7ecf\u4e0b\u67b6\u3002"],"content":"","goods_id":"1744","captcha":"75613","number":"1","donation_number":null,"product_spec":"","confirm_type":"3"}
addToCart(1744,1) failed at 2015-5-14 20:34:04, will readd
before weight is 32
rrt is 470
succeedTime is 33
after set weight is 33
retry buy good 1744 at 2015-5-14 20:34:04
Download full image code is correct as 12396
{"error":3,"message":["\u5bf9\u4e0d\u8d77\uff0c\u8be5\u5546\u54c1\u5df2\u7ecf\u4e0b\u67b6\u3002"],"content":"","goods_id":"1744","captcha":"12396","number":"1","donation_number":null,"product_spec":"","confirm_type":"3"}
addToCart(1744,1) failed at 2015-5-14 20:34:05, will readd
before weight is 33
rrt is 474
succeedTime is 34
after set weight is 34
retry buy good 1744 at 2015-5-14 20:34:05
Download full image code is correct as 07154
{"error":3,"message":["\u5bf9\u4e0d\u8d77\uff0c\u8be5\u5546\u54c1\u5df2\u7ecf\u4e0b\u67b6\u3002"],"content":"","goods_id":"1744","captcha":"07154","number":"1","donation_number":null,"product_spec":"","confirm_type":"3"}
addToCart(1744,1) failed at 2015-5-14 20:34:06, will readd
before weight is 34
rrt is 478
succeedTime is 35
after set weight is 35
retry buy good 1744 at 2015-5-14 20:34:06
Download full image code is correct as 36902
{"error":3,"message":["\u5bf9\u4e0d\u8d77\uff0c\u8be5\u5546\u54c1\u5df2\u7ecf\u4e0b\u67b6\u3002"],"content":"","goods_id":"1744","captcha":"36902","number":"1","donation_number":null,"product_spec":"","confirm_type":"3"}
addToCart(1744,1) failed at 2015-5-14 20:34:07, will readd
before weight is 35
rrt is 478
succeedTime is 36
after set weight is 36
retry buy good 1744 at 2015-5-14 20:34:08
Download full image code is correct as 50683
{"error":3,"message":["\u5bf9\u4e0d\u8d77\uff0c\u8be5\u5546\u54c1\u5df2\u7ecf\u4e0b\u67b6\u3002"],"content":"","goods_id":"1744","captcha":"50683","number":"1","donation_number":null,"product_spec":"","confirm_type":"3"}
addToCart(1744,1) failed at 2015-5-14 20:34:08, will readd
before weight is 36
rrt is 470
succeedTime is 37
after set weight is 37
retry buy good 1744 at 2015-5-14 20:34:09
Download full image code is correct as 72819
{"error":3,"message":["\u5bf9\u4e0d\u8d77\uff0c\u8be5\u5546\u54c1\u5df2\u7ecf\u4e0b\u67b6\u3002"],"content":"","goods_id":"1744","captcha":"72819","number":"1","donation_number":null,"product_spec":"","confirm_type":"3"}
addToCart(1744,1) failed at 2015-5-14 20:34:09, will readd
before weight is 37
rrt is 470
succeedTime is 38
after set weight is 38
retry buy good 1744 at 2015-5-14 20:34:10
Download full image code is correct as 61052
{"error":3,"message":["\u5bf9\u4e0d\u8d77\uff0c\u8be5\u5546\u54c1\u5df2\u7ecf\u4e0b\u67b6\u3002"],"content":"","goods_id":"1744","captcha":"61052","number":"1","donation_number":null,"product_spec":"","confirm_type":"3"}
addToCart(1744,1) failed at 2015-5-14 20:34:10, will readd
before weight is 38
rrt is 468
succeedTime is 39
after set weight is 39
retry buy good 1744 at 2015-5-14 20:34:11
Download full image code is correct as 54138
{"error":3,"message":["\u5bf9\u4e0d\u8d77\uff0c\u8be5\u5546\u54c1\u5df2\u7ecf\u4e0b\u67b6\u3002"],"content":"","goods_id":"1744","captcha":"54138","number":"1","donation_number":null,"product_spec":"","confirm_type":"3"}
addToCart(1744,1) failed at 2015-5-14 20:34:11, will readd
before weight is 39
rrt is 471
succeedTime is 40
after set weight is 40
retry buy good 1744 at 2015-5-14 20:34:12
Download full image code is correct as 50427
{"error":3,"message":["\u5bf9\u4e0d\u8d77\uff0c\u8be5\u5546\u54c1\u5df2\u7ecf\u4e0b\u67b6\u3002"],"content":"","goods_id":"1744","captcha":"50427","number":"1","donation_number":null,"product_spec":"","confirm_type":"3"}
addToCart(1744,1) failed at 2015-5-14 20:34:12, will readd
before weight is 40
rrt is 485
succeedTime is 41
after set weight is 41
retry buy good 1744 at 2015-5-14 20:34:13
Download full image code is correct as 21940
{"error":3,"message":["\u5bf9\u4e0d\u8d77\uff0c\u8be5\u5546\u54c1\u5df2\u7ecf\u4e0b\u67b6\u3002"],"content":"","goods_id":"1744","captcha":"21940","number":"1","donation_number":null,"product_spec":"","confirm_type":"3"}
addToCart(1744,1) failed at 2015-5-14 20:34:13, will readd
before weight is 41
rrt is 480
succeedTime is 42
after set weight is 42
retry buy good 1744 at 2015-5-14 20:34:14
Download full image code is correct as 93468
{"error":3,"message":["\u5bf9\u4e0d\u8d77\uff0c\u8be5\u5546\u54c1\u5df2\u7ecf\u4e0b\u67b6\u3002"],"content":"","goods_id":"1744","captcha":"93468","number":"1","donation_number":null,"product_spec":"","confirm_type":"3"}
addToCart(1744,1) failed at 2015-5-14 20:34:14, will readd
before weight is 42
rrt is 476
succeedTime is 43
after set weight is 43
retry buy good 1744 at 2015-5-14 20:34:15
Download full image code is correct as 41659
{"error":3,"message":["\u5bf9\u4e0d\u8d77\uff0c\u8be5\u5546\u54c1\u5df2\u7ecf\u4e0b\u67b6\u3002"],"content":"","goods_id":"1744","captcha":"41659","number":"1","donation_number":null,"product_spec":"","confirm_type":"3"}
addToCart(1744,1) failed at 2015-5-14 20:34:16, will readd
before weight is 43
rrt is 468
succeedTime is 44
after set weight is 44
retry buy good 1744 at 2015-5-14 20:34:16
Download full image code is correct as 96548
{"error":3,"message":["\u5bf9\u4e0d\u8d77\uff0c\u8be5\u5546\u54c1\u5df2\u7ecf\u4e0b\u67b6\u3002"],"content":"","goods_id":"1744","captcha":"96548","number":"1","donation_number":null,"product_spec":"","confirm_type":"3"}
addToCart(1744,1) failed at 2015-5-14 20:34:17, will readd
before weight is 44
rrt is 466
succeedTime is 45
after set weight is 45
retry buy good 1744 at 2015-5-14 20:34:17
Download full image code is correct as 91875
{"error":3,"message":["\u5bf9\u4e0d\u8d77\uff0c\u8be5\u5546\u54c1\u5df2\u7ecf\u4e0b\u67b6\u3002"],"content":"","goods_id":"1744","captcha":"91875","number":"1","donation_number":null,"product_spec":"","confirm_type":"3"}
addToCart(1744,1) failed at 2015-5-14 20:34:18, will readd
before weight is 45
rrt is 467
succeedTime is 46
after set weight is 46
retry buy good 1744 at 2015-5-14 20:34:18
Download full image code is correct as 50286
{"error":3,"message":["\u5bf9\u4e0d\u8d77\uff0c\u8be5\u5546\u54c1\u5df2\u7ecf\u4e0b\u67b6\u3002"],"content":"","goods_id":"1744","captcha":"50286","number":"1","donation_number":null,"product_spec":"","confirm_type":"3"}
addToCart(1744,1) failed at 2015-5-14 20:34:19, will readd
before weight is 46
rrt is 467
succeedTime is 47
after set weight is 47
retry buy good 1744 at 2015-5-14 20:34:19
Download full image code is correct as 49701
{"error":3,"message":["\u5bf9\u4e0d\u8d77\uff0c\u8be5\u5546\u54c1\u5df2\u7ecf\u4e0b\u67b6\u3002"],"content":"","goods_id":"1744","captcha":"49701","number":"1","donation_number":null,"product_spec":"","confirm_type":"3"}
addToCart(1744,1) failed at 2015-5-14 20:34:20, will readd
before weight is 47
rrt is 478
succeedTime is 48
after set weight is 48
retry buy good 1744 at 2015-5-14 20:34:20
Download full image code is correct as 73920
{"error":3,"message":["\u5bf9\u4e0d\u8d77\uff0c\u8be5\u5546\u54c1\u5df2\u7ecf\u4e0b\u67b6\u3002"],"content":"","goods_id":"1744","captcha":"73920","number":"1","donation_number":null,"product_spec":"","confirm_type":"3"}
addToCart(1744,1) failed at 2015-5-14 20:34:21, will readd
before weight is 48
rrt is 469
succeedTime is 49
after set weight is 49
retry buy good 1744 at 2015-5-14 20:34:21
Download full image code is correct as 95120
{"error":3,"message":["\u5bf9\u4e0d\u8d77\uff0c\u8be5\u5546\u54c1\u5df2\u7ecf\u4e0b\u67b6\u3002"],"content":"","goods_id":"1744","captcha":"95120","number":"1","donation_number":null,"product_spec":"","confirm_type":"3"}
addToCart(1744,1) failed at 2015-5-14 20:34:22, will readd
before weight is 49
rrt is 465
succeedTime is 50
after set weight is 50
retry buy good 1744 at 2015-5-14 20:34:23
Download full image code is correct as 04578
{"error":3,"message":["\u5bf9\u4e0d\u8d77\uff0c\u8be5\u5546\u54c1\u5df2\u7ecf\u4e0b\u67b6\u3002"],"content":"","goods_id":"1744","captcha":"04578","number":"1","donation_number":null,"product_spec":"","confirm_type":"3"}
addToCart(1744,1) failed at 2015-5-14 20:34:23, will readd
before weight is 50
rrt is 473
succeedTime is 51
after set weight is 51
retry buy good 1744 at 2015-5-14 20:34:24
Download full image code is correct as 83216
{"error":3,"message":["\u5bf9\u4e0d\u8d77\uff0c\u8be5\u5546\u54c1\u5df2\u7ecf\u4e0b\u67b6\u3002"],"content":"","goods_id":"1744","captcha":"83216","number":"1","donation_number":null,"product_spec":"","confirm_type":"3"}
addToCart(1744,1) failed at 2015-5-14 20:34:24, will readd
before weight is 51
rrt is 468
succeedTime is 52
after set weight is 52
retry buy good 1744 at 2015-5-14 20:34:25
Download full image code is correct as 39561
{"error":3,"message":["\u5bf9\u4e0d\u8d77\uff0c\u8be5\u5546\u54c1\u5df2\u7ecf\u4e0b\u67b6\u3002"],"content":"","goods_id":"1744","captcha":"39561","number":"1","donation_number":null,"product_spec":"","confirm_type":"3"}
addToCart(1744,1) failed at 2015-5-14 20:34:25, will readd
before weight is 52
rrt is 468
succeedTime is 53
after set weight is 53
retry buy good 1744 at 2015-5-14 20:34:26
Download full image code is correct as 07519
{"error":3,"message":["\u5bf9\u4e0d\u8d77\uff0c\u8be5\u5546\u54c1\u5df2\u7ecf\u4e0b\u67b6\u3002"],"content":"","goods_id":"1744","captcha":"07519","number":"1","donation_number":null,"product_spec":"","confirm_type":"3"}
addToCart(1744,1) failed at 2015-5-14 20:34:26, will readd
before weight is 53
rrt is 465
succeedTime is 54
after set weight is 54
retry buy good 1744 at 2015-5-14 20:34:27
Download full image code is correct as 67403
{"error":3,"message":["\u5bf9\u4e0d\u8d77\uff0c\u8be5\u5546\u54c1\u5df2\u7ecf\u4e0b\u67b6\u3002"],"content":"","goods_id":"1744","captcha":"67403","number":"1","donation_number":null,"product_spec":"","confirm_type":"3"}
addToCart(1744,1) failed at 2015-5-14 20:34:27, will readd
before weight is 54
rrt is 469
succeedTime is 55
after set weight is 55
retry buy good 1744 at 2015-5-14 20:34:28
Download full image code is correct as 13265
{"error":3,"message":["\u5bf9\u4e0d\u8d77\uff0c\u8be5\u5546\u54c1\u5df2\u7ecf\u4e0b\u67b6\u3002"],"content":"","goods_id":"1744","captcha":"13265","number":"1","donation_number":null,"product_spec":"","confirm_type":"3"}
addToCart(1744,1) failed at 2015-5-14 20:34:28, will readd
before weight is 55
rrt is 463
succeedTime is 56
after set weight is 56
retry buy good 1744 at 2015-5-14 20:34:29
Download full image code is correct as 35260
{"error":3,"message":["\u5bf9\u4e0d\u8d77\uff0c\u8be5\u5546\u54c1\u5df2\u7ecf\u4e0b\u67b6\u3002"],"content":"","goods_id":"1744","captcha":"35260","number":"1","donation_number":null,"product_spec":"","confirm_type":"3"}
addToCart(1744,1) failed at 2015-5-14 20:34:29, will readd
before weight is 56
rrt is 476
succeedTime is 57
after set weight is 57
retry buy good 1744 at 2015-5-14 20:34:30
Download full image code is correct as 63972
{"error":3,"message":["\u5bf9\u4e0d\u8d77\uff0c\u8be5\u5546\u54c1\u5df2\u7ecf\u4e0b\u67b6\u3002"],"content":"","goods_id":"1744","captcha":"63972","number":"1","donation_number":null,"product_spec":"","confirm_type":"3"}
addToCart(1744,1) failed at 2015-5-14 20:34:30, will readd
before weight is 57
rrt is 470
succeedTime is 58
after set weight is 58
retry buy good 1744 at 2015-5-14 20:34:31
Download full image code is correct as 71658
{"error":3,"message":["\u5bf9\u4e0d\u8d77\uff0c\u8be5\u5546\u54c1\u5df2\u7ecf\u4e0b\u67b6\u3002"],"content":"","goods_id":"1744","captcha":"71658","number":"1","donation_number":null,"product_spec":"","confirm_type":"3"}
addToCart(1744,1) failed at 2015-5-14 20:34:32, will readd
before weight is 58
rrt is 489
succeedTime is 59
after set weight is 59
retry buy good 1744 at 2015-5-14 20:34:32
Download full image code is correct as 16390
{"error":3,"message":["\u5bf9\u4e0d\u8d77\uff0c\u8be5\u5546\u54c1\u5df2\u7ecf\u4e0b\u67b6\u3002"],"content":"","goods_id":"1744","captcha":"16390","number":"1","donation_number":null,"product_spec":"","confirm_type":"3"}
addToCart(1744,1) failed at 2015-5-14 20:34:33, will readd
before weight is 59
rrt is 469
succeedTime is 60
after set weight is 60
retry buy good 1744 at 2015-5-14 20:34:33
Download full image code is correct as 61304
{"error":3,"message":["\u5bf9\u4e0d\u8d77\uff0c\u8be5\u5546\u54c1\u5df2\u7ecf\u4e0b\u67b6\u3002"],"content":"","goods_id":"1744","captcha":"61304","number":"1","donation_number":null,"product_spec":"","confirm_type":"3"}
addToCart(1744,1) failed at 2015-5-14 20:34:34, will readd
before weight is 60
rrt is 467
succeedTime is 61
after set weight is 61
retry buy good 1744 at 2015-5-14 20:34:34
Download full image code is correct as 30185
{"error":3,"message":["\u5bf9\u4e0d\u8d77\uff0c\u8be5\u5546\u54c1\u5df2\u7ecf\u4e0b\u67b6\u3002"],"content":"","goods_id":"1744","captcha":"30185","number":"1","donation_number":null,"product_spec":"","confirm_type":"3"}
addToCart(1744,1) failed at 2015-5-14 20:34:35, will readd
before weight is 61
rrt is 469
succeedTime is 62
after set weight is 62
retry buy good 1744 at 2015-5-14 20:34:35
Download full image code is correct as 83067
{"error":3,"message":["\u5bf9\u4e0d\u8d77\uff0c\u8be5\u5546\u54c1\u5df2\u7ecf\u4e0b\u67b6\u3002"],"content":"","goods_id":"1744","captcha":"83067","number":"1","donation_number":null,"product_spec":"","confirm_type":"3"}
addToCart(1744,1) failed at 2015-5-14 20:34:36, will readd
before weight is 62
rrt is 484
succeedTime is 63
after set weight is 63
retry buy good 1744 at 2015-5-14 20:34:36
Download full image code is correct as 73491
{"error":3,"message":["\u5bf9\u4e0d\u8d77\uff0c\u8be5\u5546\u54c1\u5df2\u7ecf\u4e0b\u67b6\u3002"],"content":"","goods_id":"1744","captcha":"73491","number":"1","donation_number":null,"product_spec":"","confirm_type":"3"}
addToCart(1744,1) failed at 2015-5-14 20:34:37, will readd
before weight is 63
rrt is 473
succeedTime is 64
after set weight is 64
retry buy good 1744 at 2015-5-14 20:34:38
Download full image code is correct as 30726
{"error":3,"message":["\u5bf9\u4e0d\u8d77\uff0c\u8be5\u5546\u54c1\u5df2\u7ecf\u4e0b\u67b6\u3002"],"content":"","goods_id":"1744","captcha":"30726","number":"1","donation_number":null,"product_spec":"","confirm_type":"3"}
addToCart(1744,1) failed at 2015-5-14 20:34:38, will readd
before weight is 64
rrt is 484
succeedTime is 65
after set weight is 65
retry buy good 1744 at 2015-5-14 20:34:39
Download full image code is correct as 87123
{"error":3,"message":["\u5bf9\u4e0d\u8d77\uff0c\u8be5\u5546\u54c1\u5df2\u7ecf\u4e0b\u67b6\u3002"],"content":"","goods_id":"1744","captcha":"87123","number":"1","donation_number":null,"product_spec":"","confirm_type":"3"}
addToCart(1744,1) failed at 2015-5-14 20:34:39, will readd
before weight is 65
rrt is 466
succeedTime is 66
after set weight is 66
retry buy good 1744 at 2015-5-14 20:34:40
Download full image code is correct as 85124
{"error":3,"message":["\u5bf9\u4e0d\u8d77\uff0c\u8be5\u5546\u54c1\u5df2\u7ecf\u4e0b\u67b6\u3002"],"content":"","goods_id":"1744","captcha":"85124","number":"1","donation_number":null,"product_spec":"","confirm_type":"3"}
addToCart(1744,1) failed at 2015-5-14 20:34:40, will readd
before weight is 66
rrt is 470
succeedTime is 67
after set weight is 67
retry buy good 1744 at 2015-5-14 20:34:41
Download full image code is correct as 45230
{"error":3,"message":["\u5bf9\u4e0d\u8d77\uff0c\u8be5\u5546\u54c1\u5df2\u7ecf\u4e0b\u67b6\u3002"],"content":"","goods_id":"1744","captcha":"45230","number":"1","donation_number":null,"product_spec":"","confirm_type":"3"}
addToCart(1744,1) failed at 2015-5-14 20:34:41, will readd
before weight is 67
rrt is 476
succeedTime is 68
after set weight is 68
retry buy good 1744 at 2015-5-14 20:34:42
Download full image code is correct as 03164
{"error":3,"message":["\u5bf9\u4e0d\u8d77\uff0c\u8be5\u5546\u54c1\u5df2\u7ecf\u4e0b\u67b6\u3002"],"content":"","goods_id":"1744","captcha":"03164","number":"1","donation_number":null,"product_spec":"","confirm_type":"3"}
addToCart(1744,1) failed at 2015-5-14 20:34:42, will readd
before weight is 68
rrt is 465
succeedTime is 69
after set weight is 69
retry buy good 1744 at 2015-5-14 20:34:43
Download full image code is correct as 84726
{"error":3,"message":["\u5bf9\u4e0d\u8d77\uff0c\u8be5\u5546\u54c1\u5df2\u7ecf\u4e0b\u67b6\u3002"],"content":"","goods_id":"1744","captcha":"84726","number":"1","donation_number":null,"product_spec":"","confirm_type":"3"}
addToCart(1744,1) failed at 2015-5-14 20:34:43, will readd
before weight is 69
rrt is 477
succeedTime is 70
after set weight is 70
retry buy good 1744 at 2015-5-14 20:34:44
Download full image code is correct as 46519
{"error":3,"message":["\u5bf9\u4e0d\u8d77\uff0c\u8be5\u5546\u54c1\u5df2\u7ecf\u4e0b\u67b6\u3002"],"content":"","goods_id":"1744","captcha":"46519","number":"1","donation_number":null,"product_spec":"","confirm_type":"3"}
addToCart(1744,1) failed at 2015-5-14 20:34:44, will readd
before weight is 70
rrt is 482
succeedTime is 71
after set weight is 71
retry buy good 1744 at 2015-5-14 20:34:45
Download full image code is correct as 14927
{"error":3,"message":["\u5bf9\u4e0d\u8d77\uff0c\u8be5\u5546\u54c1\u5df2\u7ecf\u4e0b\u67b6\u3002"],"content":"","goods_id":"1744","captcha":"14927","number":"1","donation_number":null,"product_spec":"","confirm_type":"3"}
addToCart(1744,1) failed at 2015-5-14 20:34:46, will readd
before weight is 71
rrt is 483
succeedTime is 72
after set weight is 72
retry buy good 1744 at 2015-5-14 20:34:46
Download full image code is correct as 03642
{"error":3,"message":["\u5bf9\u4e0d\u8d77\uff0c\u8be5\u5546\u54c1\u5df2\u7ecf\u4e0b\u67b6\u3002"],"content":"","goods_id":"1744","captcha":"03642","number":"1","donation_number":null,"product_spec":"","confirm_type":"3"}
addToCart(1744,1) failed at 2015-5-14 20:34:47, will readd
before weight is 72
rrt is 465
succeedTime is 73
after set weight is 73
retry buy good 1744 at 2015-5-14 20:34:47
Download full image code is correct as 46017
{"error":3,"message":["\u5bf9\u4e0d\u8d77\uff0c\u8be5\u5546\u54c1\u5df2\u7ecf\u4e0b\u67b6\u3002"],"content":"","goods_id":"1744","captcha":"46017","number":"1","donation_number":null,"product_spec":"","confirm_type":"3"}
addToCart(1744,1) failed at 2015-5-14 20:34:48, will readd
before weight is 73
rrt is 468
succeedTime is 74
after set weight is 74
retry buy good 1744 at 2015-5-14 20:34:48
Download full image code is correct as 84501
{"error":3,"message":["\u5bf9\u4e0d\u8d77\uff0c\u8be5\u5546\u54c1\u5df2\u7ecf\u4e0b\u67b6\u3002"],"content":"","goods_id":"1744","captcha":"84501","number":"1","donation_number":null,"product_spec":"","confirm_type":"3"}
addToCart(1744,1) failed at 2015-5-14 20:34:49, will readd
before weight is 74
rrt is 475
succeedTime is 75
after set weight is 75
retry buy good 1744 at 2015-5-14 20:34:49
Download full image code is correct as 01485
{"error":3,"message":["\u5bf9\u4e0d\u8d77\uff0c\u8be5\u5546\u54c1\u5df2\u7ecf\u4e0b\u67b6\u3002"],"content":"","goods_id":"1744","captcha":"01485","number":"1","donation_number":null,"product_spec":"","confirm_type":"3"}
addToCart(1744,1) failed at 2015-5-14 20:34:50, will readd
before weight is 75
rrt is 492
succeedTime is 76
after set weight is 76
retry buy good 1744 at 2015-5-14 20:34:50
Download full image code is correct as 36429
{"error":3,"message":["\u5bf9\u4e0d\u8d77\uff0c\u8be5\u5546\u54c1\u5df2\u7ecf\u4e0b\u67b6\u3002"],"content":"","goods_id":"1744","captcha":"36429","number":"1","donation_number":null,"product_spec":"","confirm_type":"3"}
addToCart(1744,1) failed at 2015-5-14 20:34:51, will readd
before weight is 76
rrt is 470
succeedTime is 77
after set weight is 77
retry buy good 1744 at 2015-5-14 20:34:52
Download full image code is correct as 27049
{"error":3,"message":["\u5bf9\u4e0d\u8d77\uff0c\u8be5\u5546\u54c1\u5df2\u7ecf\u4e0b\u67b6\u3002"],"content":"","goods_id":"1744","captcha":"27049","number":"1","donation_number":null,"product_spec":"","confirm_type":"3"}
addToCart(1744,1) failed at 2015-5-14 20:34:52, will readd
before weight is 77
rrt is 484
succeedTime is 78
after set weight is 78
retry buy good 1744 at 2015-5-14 20:34:53
Download full image code is correct as 18257
{"error":3,"message":["\u5bf9\u4e0d\u8d77\uff0c\u8be5\u5546\u54c1\u5df2\u7ecf\u4e0b\u67b6\u3002"],"content":"","goods_id":"1744","captcha":"18257","number":"1","donation_number":null,"product_spec":"","confirm_type":"3"}
addToCart(1744,1) failed at 2015-5-14 20:34:53, will readd
before weight is 78
rrt is 466
succeedTime is 79
after set weight is 79
retry buy good 1744 at 2015-5-14 20:34:54
Download full image code is correct as 38126
{"error":3,"message":["\u5bf9\u4e0d\u8d77\uff0c\u8be5\u5546\u54c1\u5df2\u7ecf\u4e0b\u67b6\u3002"],"content":"","goods_id":"1744","captcha":"38126","number":"1","donation_number":null,"product_spec":"","confirm_type":"3"}
addToCart(1744,1) failed at 2015-5-14 20:34:54, will readd
before weight is 79
rrt is 477
succeedTime is 80
after set weight is 80
retry buy good 1744 at 2015-5-14 20:34:55
Download full image code is correct as 05674
{"error":3,"message":["\u5bf9\u4e0d\u8d77\uff0c\u8be5\u5546\u54c1\u5df2\u7ecf\u4e0b\u67b6\u3002"],"content":"","goods_id":"1744","captcha":"05674","number":"1","donation_number":null,"product_spec":"","confirm_type":"3"}
addToCart(1744,1) failed at 2015-5-14 20:34:55, will readd
before weight is 80
rrt is 474
succeedTime is 81
after set weight is 81
retry buy good 1744 at 2015-5-14 20:34:56
Download full image code is correct as 79356
{"error":3,"message":["\u5bf9\u4e0d\u8d77\uff0c\u8be5\u5546\u54c1\u5df2\u7ecf\u4e0b\u67b6\u3002"],"content":"","goods_id":"1744","captcha":"79356","number":"1","donation_number":null,"product_spec":"","confirm_type":"3"}
addToCart(1744,1) failed at 2015-5-14 20:34:56, will readd
before weight is 81
rrt is 475
succeedTime is 82
after set weight is 82
retry buy good 1744 at 2015-5-14 20:34:57
Download full image code is correct as 95802
{"error":3,"message":["\u5bf9\u4e0d\u8d77\uff0c\u8be5\u5546\u54c1\u5df2\u7ecf\u4e0b\u67b6\u3002"],"content":"","goods_id":"1744","captcha":"95802","number":"1","donation_number":null,"product_spec":"","confirm_type":"3"}
addToCart(1744,1) failed at 2015-5-14 20:34:57, will readd
before weight is 82
rrt is 470
succeedTime is 83
after set weight is 83
retry buy good 1744 at 2015-5-14 20:34:58
Download full image code is correct as 54821
{"error":3,"message":["\u5bf9\u4e0d\u8d77\uff0c\u8be5\u5546\u54c1\u5df2\u7ecf\u4e0b\u67b6\u3002"],"content":"","goods_id":"1744","captcha":"54821","number":"1","donation_number":null,"product_spec":"","confirm_type":"3"}
addToCart(1744,1) failed at 2015-5-14 20:34:58, will readd
before weight is 83
rrt is 472
succeedTime is 84
after set weight is 84
retry buy good 1744 at 2015-5-14 20:34:59
Download full image code is correct as 35709
{"error":3,"message":["\u5bf9\u4e0d\u8d77\uff0c\u8be5\u5546\u54c1\u5df2\u7ecf\u4e0b\u67b6\u3002"],"content":"","goods_id":"1744","captcha":"35709","number":"1","donation_number":null,"product_spec":"","confirm_type":"3"}
addToCart(1744,1) failed at 2015-5-14 20:35:00, will readd
before weight is 84
rrt is 467
succeedTime is 85
after set weight is 85
retry buy good 1744 at 2015-5-14 20:35:00
Download full image code is correct as 69548
{"error":3,"message":["\u5bf9\u4e0d\u8d77\uff0c\u8be5\u5546\u54c1\u5df2\u7ecf\u4e0b\u67b6\u3002"],"content":"","goods_id":"1744","captcha":"69548","number":"1","donation_number":null,"product_spec":"","confirm_type":"3"}
addToCart(1744,1) failed at 2015-5-14 20:35:01, will readd
before weight is 85
rrt is 468
succeedTime is 86
after set weight is 86
retry buy good 1744 at 2015-5-14 20:35:01
Download full image code is correct as 31792
{"error":3,"message":["\u5bf9\u4e0d\u8d77\uff0c\u8be5\u5546\u54c1\u5df2\u7ecf\u4e0b\u67b6\u3002"],"content":"","goods_id":"1744","captcha":"31792","number":"1","donation_number":null,"product_spec":"","confirm_type":"3"}
addToCart(1744,1) failed at 2015-5-14 20:35:02, will readd
before weight is 86
rrt is 464
succeedTime is 87
after set weight is 87
retry buy good 1744 at 2015-5-14 20:35:02
Download full image code is correct as 17235
{"error":3,"message":["\u5bf9\u4e0d\u8d77\uff0c\u8be5\u5546\u54c1\u5df2\u7ecf\u4e0b\u67b6\u3002"],"content":"","goods_id":"1744","captcha":"17235","number":"1","donation_number":null,"product_spec":"","confirm_type":"3"}
addToCart(1744,1) failed at 2015-5-14 20:35:03, will readd
before weight is 87
rrt is 468
succeedTime is 88
after set weight is 88
retry buy good 1744 at 2015-5-14 20:35:03
Download full image code is correct as 76439
{"error":3,"message":["\u5bf9\u4e0d\u8d77\uff0c\u8be5\u5546\u54c1\u5df2\u7ecf\u4e0b\u67b6\u3002"],"content":"","goods_id":"1744","captcha":"76439","number":"1","donation_number":null,"product_spec":"","confirm_type":"3"}
addToCart(1744,1) failed at 2015-5-14 20:35:04, will readd
before weight is 88
rrt is 464
succeedTime is 89
after set weight is 89
retry buy good 1744 at 2015-5-14 20:35:04
Download full image code is correct as 58074
{"error":3,"message":["\u5bf9\u4e0d\u8d77\uff0c\u8be5\u5546\u54c1\u5df2\u7ecf\u4e0b\u67b6\u3002"],"content":"","goods_id":"1744","captcha":"58074","number":"1","donation_number":null,"product_spec":"","confirm_type":"3"}
addToCart(1744,1) failed at 2015-5-14 20:35:05, will readd
before weight is 89
rrt is 488
succeedTime is 90
after set weight is 90
retry buy good 1744 at 2015-5-14 20:35:05
Download full image code is correct as 82635
{"error":3,"message":["\u5bf9\u4e0d\u8d77\uff0c\u8be5\u5546\u54c1\u5df2\u7ecf\u4e0b\u67b6\u3002"],"content":"","goods_id":"1744","captcha":"82635","number":"1","donation_number":null,"product_spec":"","confirm_type":"3"}
addToCart(1744,1) failed at 2015-5-14 20:35:06, will readd
before weight is 90
rrt is 473
succeedTime is 91
after set weight is 91
retry buy good 1744 at 2015-5-14 20:35:07
Download full image code is correct as 84971
{"error":3,"message":["\u5bf9\u4e0d\u8d77\uff0c\u8be5\u5546\u54c1\u5df2\u7ecf\u4e0b\u67b6\u3002"],"content":"","goods_id":"1744","captcha":"84971","number":"1","donation_number":null,"product_spec":"","confirm_type":"3"}
addToCart(1744,1) failed at 2015-5-14 20:35:07, will readd
before weight is 91
rrt is 476
succeedTime is 92
after set weight is 92
retry buy good 1744 at 2015-5-14 20:35:08
Download full image code is correct as 59780
{"error":3,"message":["\u5bf9\u4e0d\u8d77\uff0c\u8be5\u5546\u54c1\u5df2\u7ecf\u4e0b\u67b6\u3002"],"content":"","goods_id":"1744","captcha":"59780","number":"1","donation_number":null,"product_spec":"","confirm_type":"3"}
addToCart(1744,1) failed at 2015-5-14 20:35:08, will readd
before weight is 92
rrt is 469
succeedTime is 93
after set weight is 93
retry buy good 1744 at 2015-5-14 20:35:09
Download full image code is correct as 51403
{"error":3,"message":["\u5bf9\u4e0d\u8d77\uff0c\u8be5\u5546\u54c1\u5df2\u7ecf\u4e0b\u67b6\u3002"],"content":"","goods_id":"1744","captcha":"51403","number":"1","donation_number":null,"product_spec":"","confirm_type":"3"}
addToCart(1744,1) failed at 2015-5-14 20:35:09, will readd
before weight is 93
rrt is 482
succeedTime is 94
after set weight is 94
retry buy good 1744 at 2015-5-14 20:35:10
Download full image code is correct as 63705
{"error":3,"message":["\u5bf9\u4e0d\u8d77\uff0c\u8be5\u5546\u54c1\u5df2\u7ecf\u4e0b\u67b6\u3002"],"content":"","goods_id":"1744","captcha":"63705","number":"1","donation_number":null,"product_spec":"","confirm_type":"3"}
addToCart(1744,1) failed at 2015-5-14 20:35:10, will readd
before weight is 94
rrt is 466
succeedTime is 95
after set weight is 95
retry buy good 1744 at 2015-5-14 20:35:11
Download full image code is correct as 25167
{"error":3,"message":["\u5bf9\u4e0d\u8d77\uff0c\u8be5\u5546\u54c1\u5df2\u7ecf\u4e0b\u67b6\u3002"],"content":"","goods_id":"1744","captcha":"25167","number":"1","donation_number":null,"product_spec":"","confirm_type":"3"}
addToCart(1744,1) failed at 2015-5-14 20:35:11, will readd
before weight is 95
rrt is 464
succeedTime is 96
after set weight is 96
retry buy good 1744 at 2015-5-14 20:35:12
Download full image code is correct as 34807
{"error":3,"message":["\u5bf9\u4e0d\u8d77\uff0c\u8be5\u5546\u54c1\u5df2\u7ecf\u4e0b\u67b6\u3002"],"content":"","goods_id":"1744","captcha":"34807","number":"1","donation_number":null,"product_spec":"","confirm_type":"3"}
addToCart(1744,1) failed at 2015-5-14 20:35:12, will readd
before weight is 96
rrt is 467
succeedTime is 97
after set weight is 97
retry buy good 1744 at 2015-5-14 20:35:13
Download full image code is correct as 03497
{"error":3,"message":["\u5bf9\u4e0d\u8d77\uff0c\u8be5\u5546\u54c1\u5df2\u7ecf\u4e0b\u67b6\u3002"],"content":"","goods_id":"1744","captcha":"03497","number":"1","donation_number":null,"product_spec":"","confirm_type":"3"}
addToCart(1744,1) failed at 2015-5-14 20:35:13, will readd
before weight is 97
rrt is 478
succeedTime is 98
after set weight is 98
retry buy good 1744 at 2015-5-14 20:35:14
Download full image code is correct as 78293
{"error":3,"message":["\u5bf9\u4e0d\u8d77\uff0c\u8be5\u5546\u54c1\u5df2\u7ecf\u4e0b\u67b6\u3002"],"content":"","goods_id":"1744","captcha":"78293","number":"1","donation_number":null,"product_spec":"","confirm_type":"3"}
addToCart(1744,1) failed at 2015-5-14 20:35:14, will readd
before weight is 98
rrt is 415
succeedTime is 99
after set weight is 99
retry buy good 1744 at 2015-5-14 20:35:15
Download full image code is correct as 14369
{"error":3,"message":["\u5bf9\u4e0d\u8d77\uff0c\u8be5\u5546\u54c1\u5df2\u7ecf\u4e0b\u67b6\u3002"],"content":"","goods_id":"1744","captcha":"14369","number":"1","donation_number":null,"product_spec":"","confirm_type":"3"}
addToCart(1744,1) failed at 2015-5-14 20:35:16, will readd
before weight is 99
rrt is 548
succeedTime is 100
after set weight is 100
retry buy good 1744 at 2015-5-14 20:35:16
Download full image code is correct as 53047
{"error":3,"message":["\u5bf9\u4e0d\u8d77\uff0c\u8be5\u5546\u54c1\u5df2\u7ecf\u4e0b\u67b6\u3002"],"content":"","goods_id":"1744","captcha":"53047","number":"1","donation_number":null,"product_spec":"","confirm_type":"3"}
addToCart(1744,1) failed at 2015-5-14 20:35:17, will readd
before weight is 100
rrt is 472
succeedTime is 101
after set weight is 101
retry buy good 1744 at 2015-5-14 20:35:17
Download full image code is correct as 56042
{"error":3,"message":["\u5bf9\u4e0d\u8d77\uff0c\u8be5\u5546\u54c1\u5df2\u7ecf\u4e0b\u67b6\u3002"],"content":"","goods_id":"1744","captcha":"56042","number":"1","donation_number":null,"product_spec":"","confirm_type":"3"}
addToCart(1744,1) failed at 2015-5-14 20:35:18, will readd
before weight is 101
rrt is 483
succeedTime is 102
after set weight is 102
retry buy good 1744 at 2015-5-14 20:35:18
Download full image code is correct as 78453
{"error":3,"message":["\u5bf9\u4e0d\u8d77\uff0c\u8be5\u5546\u54c1\u5df2\u7ecf\u4e0b\u67b6\u3002"],"content":"","goods_id":"1744","captcha":"78453","number":"1","donation_number":null,"product_spec":"","confirm_type":"3"}
addToCart(1744,1) failed at 2015-5-14 20:35:19, will readd
before weight is 102
rrt is 483
succeedTime is 103
after set weight is 103
retry buy good 1744 at 2015-5-14 20:35:19
Download full image code is correct as 21803
{"error":3,"message":["\u5bf9\u4e0d\u8d77\uff0c\u8be5\u5546\u54c1\u5df2\u7ecf\u4e0b\u67b6\u3002"],"content":"","goods_id":"1744","captcha":"21803","number":"1","donation_number":null,"product_spec":"","confirm_type":"3"}
addToCart(1744,1) failed at 2015-5-14 20:35:20, will readd
before weight is 103
rrt is 488
succeedTime is 104
after set weight is 104
retry buy good 1744 at 2015-5-14 20:35:21
Download full image code is correct as 36409
{"error":3,"message":["\u5bf9\u4e0d\u8d77\uff0c\u8be5\u5546\u54c1\u5df2\u7ecf\u4e0b\u67b6\u3002"],"content":"","goods_id":"1744","captcha":"36409","number":"1","donation_number":null,"product_spec":"","confirm_type":"3"}
addToCart(1744,1) failed at 2015-5-14 20:35:21, will readd
before weight is 104
rrt is 478
succeedTime is 105
after set weight is 105
retry buy good 1744 at 2015-5-14 20:35:22
Download full image code is correct as 25304
{"error":3,"message":["\u5bf9\u4e0d\u8d77\uff0c\u8be5\u5546\u54c1\u5df2\u7ecf\u4e0b\u67b6\u3002"],"content":"","goods_id":"1744","captcha":"25304","number":"1","donation_number":null,"product_spec":"","confirm_type":"3"}
addToCart(1744,1) failed at 2015-5-14 20:35:22, will readd
before weight is 105
rrt is 469
succeedTime is 106
after set weight is 106
retry buy good 1744 at 2015-5-14 20:35:23
Download full image code is correct as 60218
{"error":3,"message":["\u5bf9\u4e0d\u8d77\uff0c\u8be5\u5546\u54c1\u5df2\u7ecf\u4e0b\u67b6\u3002"],"content":"","goods_id":"1744","captcha":"60218","number":"1","donation_number":null,"product_spec":"","confirm_type":"3"}
addToCart(1744,1) failed at 2015-5-14 20:35:23, will readd
before weight is 106
rrt is 477
succeedTime is 107
after set weight is 107
retry buy good 1744 at 2015-5-14 20:35:24
Download full image code is correct as 81405
{"error":3,"message":["\u5bf9\u4e0d\u8d77\uff0c\u8be5\u5546\u54c1\u5df2\u7ecf\u4e0b\u67b6\u3002"],"content":"","goods_id":"1744","captcha":"81405","number":"1","donation_number":null,"product_spec":"","confirm_type":"3"}
addToCart(1744,1) failed at 2015-5-14 20:35:24, will readd
before weight is 107
rrt is 480
succeedTime is 108
after set weight is 108
retry buy good 1744 at 2015-5-14 20:35:25
Download full image code is correct as 02187
{"error":3,"message":["\u5bf9\u4e0d\u8d77\uff0c\u8be5\u5546\u54c1\u5df2\u7ecf\u4e0b\u67b6\u3002"],"content":"","goods_id":"1744","captcha":"02187","number":"1","donation_number":null,"product_spec":"","confirm_type":"3"}
addToCart(1744,1) failed at 2015-5-14 20:35:25, will readd
before weight is 108
rrt is 478
succeedTime is 109
after set weight is 109
retry buy good 1744 at 2015-5-14 20:35:26
Download full image code is correct as 02397
{"error":3,"message":["\u5bf9\u4e0d\u8d77\uff0c\u8be5\u5546\u54c1\u5df2\u7ecf\u4e0b\u67b6\u3002"],"content":"","goods_id":"1744","captcha":"02397","number":"1","donation_number":null,"product_spec":"","confirm_type":"3"}
addToCart(1744,1) failed at 2015-5-14 20:35:26, will readd
before weight is 109
rrt is 488
succeedTime is 110
after set weight is 110
retry buy good 1744 at 2015-5-14 20:35:27
Download full image code is correct as 01857
{"error":3,"message":["\u5bf9\u4e0d\u8d77\uff0c\u8be5\u5546\u54c1\u5df2\u7ecf\u4e0b\u67b6\u3002"],"content":"","goods_id":"1744","captcha":"01857","number":"1","donation_number":null,"product_spec":"","confirm_type":"3"}
addToCart(1744,1) failed at 2015-5-14 20:35:27, will readd
before weight is 110
rrt is 488
succeedTime is 111
after set weight is 111
retry buy good 1744 at 2015-5-14 20:35:28
Download full image code is correct as 19387
{"error":3,"message":["\u5bf9\u4e0d\u8d77\uff0c\u8be5\u5546\u54c1\u5df2\u7ecf\u4e0b\u67b6\u3002"],"content":"","goods_id":"1744","captcha":"19387","number":"1","donation_number":null,"product_spec":"","confirm_type":"3"}
addToCart(1744,1) failed at 2015-5-14 20:35:29, will readd
before weight is 111
rrt is 471
succeedTime is 112
after set weight is 112
retry buy good 1744 at 2015-5-14 20:35:29
Download full image code is correct as 96842
{"error":3,"message":["\u5bf9\u4e0d\u8d77\uff0c\u8be5\u5546\u54c1\u5df2\u7ecf\u4e0b\u67b6\u3002"],"content":"","goods_id":"1744","captcha":"96842","number":"1","donation_number":null,"product_spec":"","confirm_type":"3"}
addToCart(1744,1) failed at 2015-5-14 20:35:30, will readd
before weight is 112
rrt is 485
succeedTime is 113
after set weight is 113
retry buy good 1744 at 2015-5-14 20:35:30
Download full image code is correct as 38024
{"error":3,"message":["\u5bf9\u4e0d\u8d77\uff0c\u8be5\u5546\u54c1\u5df2\u7ecf\u4e0b\u67b6\u3002"],"content":"","goods_id":"1744","captcha":"38024","number":"1","donation_number":null,"product_spec":"","confirm_type":"3"}
addToCart(1744,1) failed at 2015-5-14 20:35:31, will readd
before weight is 113
rrt is 487
succeedTime is 114
after set weight is 114
retry buy good 1744 at 2015-5-14 20:35:31
Download full image code is correct as 58091
{"error":3,"message":["\u5bf9\u4e0d\u8d77\uff0c\u8be5\u5546\u54c1\u5df2\u7ecf\u4e0b\u67b6\u3002"],"content":"","goods_id":"1744","captcha":"58091","number":"1","donation_number":null,"product_spec":"","confirm_type":"3"}
addToCart(1744,1) failed at 2015-5-14 20:35:32, will readd
before weight is 114
rrt is 492
succeedTime is 115
after set weight is 115
retry buy good 1744 at 2015-5-14 20:35:32
Download full image code is correct as 23965
{"error":3,"message":["\u5bf9\u4e0d\u8d77\uff0c\u8be5\u5546\u54c1\u5df2\u7ecf\u4e0b\u67b6\u3002"],"content":"","goods_id":"1744","captcha":"23965","number":"1","donation_number":null,"product_spec":"","confirm_type":"3"}
addToCart(1744,1) failed at 2015-5-14 20:35:33, will readd
before weight is 115
rrt is 489
succeedTime is 116
after set weight is 116
retry buy good 1744 at 2015-5-14 20:35:34
Download full image code is correct as 03542
{"error":3,"message":["\u5bf9\u4e0d\u8d77\uff0c\u8be5\u5546\u54c1\u5df2\u7ecf\u4e0b\u67b6\u3002"],"content":"","goods_id":"1744","captcha":"03542","number":"1","donation_number":null,"product_spec":"","confirm_type":"3"}
addToCart(1744,1) failed at 2015-5-14 20:35:34, will readd
before weight is 116
rrt is 493
succeedTime is 117
after set weight is 117
retry buy good 1744 at 2015-5-14 20:35:35
Download full image code is correct as 49713
{"error":3,"message":["\u5bf9\u4e0d\u8d77\uff0c\u8be5\u5546\u54c1\u5df2\u7ecf\u4e0b\u67b6\u3002"],"content":"","goods_id":"1744","captcha":"49713","number":"1","donation_number":null,"product_spec":"","confirm_type":"3"}
addToCart(1744,1) failed at 2015-5-14 20:35:35, will readd
before weight is 117
rrt is 487
succeedTime is 118
after set weight is 118
retry buy good 1744 at 2015-5-14 20:35:36
Download full image code is correct as 74516
{"error":3,"message":["\u5bf9\u4e0d\u8d77\uff0c\u8be5\u5546\u54c1\u5df2\u7ecf\u4e0b\u67b6\u3002"],"content":"","goods_id":"1744","captcha":"74516","number":"1","donation_number":null,"product_spec":"","confirm_type":"3"}
addToCart(1744,1) failed at 2015-5-14 20:35:36, will readd
before weight is 118
rrt is 485
succeedTime is 119
after set weight is 119
retry buy good 1744 at 2015-5-14 20:35:37
Download full image code is correct as 86432
{"error":3,"message":["\u5bf9\u4e0d\u8d77\uff0c\u8be5\u5546\u54c1\u5df2\u7ecf\u4e0b\u67b6\u3002"],"content":"","goods_id":"1744","captcha":"86432","number":"1","donation_number":null,"product_spec":"","confirm_type":"3"}
addToCart(1744,1) failed at 2015-5-14 20:35:37, will readd
before weight is 119
rrt is 478
succeedTime is 120
after set weight is 120
retry buy good 1744 at 2015-5-14 20:35:38
Download full image code is correct as 25801
{"error":3,"message":["\u5bf9\u4e0d\u8d77\uff0c\u8be5\u5546\u54c1\u5df2\u7ecf\u4e0b\u67b6\u3002"],"content":"","goods_id":"1744","captcha":"25801","number":"1","donation_number":null,"product_spec":"","confirm_type":"3"}
addToCart(1744,1) failed at 2015-5-14 20:35:38, will readd
before weight is 120
rrt is 485
succeedTime is 121
after set weight is 121
retry buy good 1744 at 2015-5-14 20:35:39
Download full image code is correct as 67251
{"error":3,"message":["\u5bf9\u4e0d\u8d77\uff0c\u8be5\u5546\u54c1\u5df2\u7ecf\u4e0b\u67b6\u3002"],"content":"","goods_id":"1744","captcha":"67251","number":"1","donation_number":null,"product_spec":"","confirm_type":"3"}
addToCart(1744,1) failed at 2015-5-14 20:35:39, will readd
before weight is 121
rrt is 497
succeedTime is 122
after set weight is 122
retry buy good 1744 at 2015-5-14 20:35:40
Download full image code is correct as 52730
{"error":3,"message":["\u5bf9\u4e0d\u8d77\uff0c\u8be5\u5546\u54c1\u5df2\u7ecf\u4e0b\u67b6\u3002"],"content":"","goods_id":"1744","captcha":"52730","number":"1","donation_number":null,"product_spec":"","confirm_type":"3"}
addToCart(1744,1) failed at 2015-5-14 20:35:41, will readd
before weight is 122
rrt is 477
succeedTime is 123
after set weight is 123
retry buy good 1744 at 2015-5-14 20:35:41
Download full image code is correct as 07296
{"error":3,"message":["\u5bf9\u4e0d\u8d77\uff0c\u8be5\u5546\u54c1\u5df2\u7ecf\u4e0b\u67b6\u3002"],"content":"","goods_id":"1744","captcha":"07296","number":"1","donation_number":null,"product_spec":"","confirm_type":"3"}
addToCart(1744,1) failed at 2015-5-14 20:35:42, will readd
before weight is 123
rrt is 472
succeedTime is 124
after set weight is 124
retry buy good 1744 at 2015-5-14 20:35:42
Download full image code is correct as 38617
{"error":3,"message":["\u5bf9\u4e0d\u8d77\uff0c\u8be5\u5546\u54c1\u5df2\u7ecf\u4e0b\u67b6\u3002"],"content":"","goods_id":"1744","captcha":"38617","number":"1","donation_number":null,"product_spec":"","confirm_type":"3"}
addToCart(1744,1) failed at 2015-5-14 20:35:43, will readd
before weight is 124
rrt is 473
succeedTime is 125
after set weight is 125
retry buy good 1744 at 2015-5-14 20:35:43
Download full image code is correct as 43680
{"error":3,"message":["\u5bf9\u4e0d\u8d77\uff0c\u8be5\u5546\u54c1\u5df2\u7ecf\u4e0b\u67b6\u3002"],"content":"","goods_id":"1744","captcha":"43680","number":"1","donation_number":null,"product_spec":"","confirm_type":"3"}
addToCart(1744,1) failed at 2015-5-14 20:35:44, will readd
before weight is 125
rrt is 476
succeedTime is 126
after set weight is 126
retry buy good 1744 at 2015-5-14 20:35:44
Download full image code is correct as 86031
{"error":3,"message":["\u5bf9\u4e0d\u8d77\uff0c\u8be5\u5546\u54c1\u5df2\u7ecf\u4e0b\u67b6\u3002"],"content":"","goods_id":"1744","captcha":"86031","number":"1","donation_number":null,"product_spec":"","confirm_type":"3"}
addToCart(1744,1) failed at 2015-5-14 20:35:45, will readd
before weight is 126
rrt is 481
succeedTime is 127
after set weight is 127
retry buy good 1744 at 2015-5-14 20:35:45
Download full image code is correct as 17598
{"error":3,"message":["\u5bf9\u4e0d\u8d77\uff0c\u8be5\u5546\u54c1\u5df2\u7ecf\u4e0b\u67b6\u3002"],"content":"","goods_id":"1744","captcha":"17598","number":"1","donation_number":null,"product_spec":"","confirm_type":"3"}
addToCart(1744,1) failed at 2015-5-14 20:35:46, will readd
before weight is 127
rrt is 486
succeedTime is 128
after set weight is 128
retry buy good 1744 at 2015-5-14 20:35:46
Download full image code is correct as 78230
{"error":3,"message":["\u5bf9\u4e0d\u8d77\uff0c\u8be5\u5546\u54c1\u5df2\u7ecf\u4e0b\u67b6\u3002"],"content":"","goods_id":"1744","captcha":"78230","number":"1","donation_number":null,"product_spec":"","confirm_type":"3"}
addToCart(1744,1) failed at 2015-5-14 20:35:47, will readd
before weight is 128
rrt is 480
succeedTime is 129
after set weight is 129
retry buy good 1744 at 2015-5-14 20:35:48
Download full image code is correct as 10642
{"error":3,"message":["\u5bf9\u4e0d\u8d77\uff0c\u8be5\u5546\u54c1\u5df2\u7ecf\u4e0b\u67b6\u3002"],"content":"","goods_id":"1744","captcha":"10642","number":"1","donation_number":null,"product_spec":"","confirm_type":"3"}
addToCart(1744,1) failed at 2015-5-14 20:35:48, will readd
before weight is 129
rrt is 482
succeedTime is 130
after set weight is 130
retry buy good 1744 at 2015-5-14 20:35:49
Download full image code is correct as 27403
{"error":3,"message":["\u5bf9\u4e0d\u8d77\uff0c\u8be5\u5546\u54c1\u5df2\u7ecf\u4e0b\u67b6\u3002"],"content":"","goods_id":"1744","captcha":"27403","number":"1","donation_number":null,"product_spec":"","confirm_type":"3"}
addToCart(1744,1) failed at 2015-5-14 20:35:49, will readd
before weight is 130
rrt is 482
succeedTime is 131
after set weight is 131
retry buy good 1744 at 2015-5-14 20:35:50
Download full image code is correct as 36245
{"error":3,"message":["\u5bf9\u4e0d\u8d77\uff0c\u8be5\u5546\u54c1\u5df2\u7ecf\u4e0b\u67b6\u3002"],"content":"","goods_id":"1744","captcha":"36245","number":"1","donation_number":null,"product_spec":"","confirm_type":"3"}
addToCart(1744,1) failed at 2015-5-14 20:35:50, will readd
before weight is 131
rrt is 478
succeedTime is 132
after set weight is 132
retry buy good 1744 at 2015-5-14 20:35:51
Download full image code is correct as 39862
{"error":3,"message":["\u5bf9\u4e0d\u8d77\uff0c\u8be5\u5546\u54c1\u5df2\u7ecf\u4e0b\u67b6\u3002"],"content":"","goods_id":"1744","captcha":"39862","number":"1","donation_number":null,"product_spec":"","confirm_type":"3"}
addToCart(1744,1) failed at 2015-5-14 20:35:51, will readd
before weight is 132
rrt is 483
succeedTime is 133
after set weight is 133
retry buy good 1744 at 2015-5-14 20:35:52
Download full image code is correct as 93624
{"error":3,"message":["\u5bf9\u4e0d\u8d77\uff0c\u8be5\u5546\u54c1\u5df2\u7ecf\u4e0b\u67b6\u3002"],"content":"","goods_id":"1744","captcha":"93624","number":"1","donation_number":null,"product_spec":"","confirm_type":"3"}
addToCart(1744,1) failed at 2015-5-14 20:35:52, will readd
before weight is 133
rrt is 468
succeedTime is 134
after set weight is 134
retry buy good 1744 at 2015-5-14 20:35:53
Download full image code is correct as 80724
{"error":3,"message":["\u5bf9\u4e0d\u8d77\uff0c\u8be5\u5546\u54c1\u5df2\u7ecf\u4e0b\u67b6\u3002"],"content":"","goods_id":"1744","captcha":"80724","number":"1","donation_number":null,"product_spec":"","confirm_type":"3"}
addToCart(1744,1) failed at 2015-5-14 20:35:53, will readd
before weight is 134
rrt is 486
succeedTime is 135
after set weight is 135
retry buy good 1744 at 2015-5-14 20:35:54
Download full image code is correct as 24089
{"error":3,"message":["\u5bf9\u4e0d\u8d77\uff0c\u8be5\u5546\u54c1\u5df2\u7ecf\u4e0b\u67b6\u3002"],"content":"","goods_id":"1744","captcha":"24089","number":"1","donation_number":null,"product_spec":"","confirm_type":"3"}
addToCart(1744,1) failed at 2015-5-14 20:35:55, will readd
before weight is 135
rrt is 474
succeedTime is 136
after set weight is 136
retry buy good 1744 at 2015-5-14 20:35:55
Download full image code is correct as 93840
{"error":3,"message":["\u5bf9\u4e0d\u8d77\uff0c\u8be5\u5546\u54c1\u5df2\u7ecf\u4e0b\u67b6\u3002"],"content":"","goods_id":"1744","captcha":"93840","number":"1","donation_number":null,"product_spec":"","confirm_type":"3"}
addToCart(1744,1) failed at 2015-5-14 20:35:56, will readd
before weight is 136
rrt is 488
succeedTime is 137
after set weight is 137
retry buy good 1744 at 2015-5-14 20:35:56
Download full image code is correct as 48103
{"error":3,"message":["\u5bf9\u4e0d\u8d77\uff0c\u8be5\u5546\u54c1\u5df2\u7ecf\u4e0b\u67b6\u3002"],"content":"","goods_id":"1744","captcha":"48103","number":"1","donation_number":null,"product_spec":"","confirm_type":"3"}
addToCart(1744,1) failed at 2015-5-14 20:35:57, will readd
before weight is 137
rrt is 476
succeedTime is 138
after set weight is 138
retry buy good 1744 at 2015-5-14 20:35:57
Download full image code is correct as 87495
{"error":3,"message":["\u5bf9\u4e0d\u8d77\uff0c\u8be5\u5546\u54c1\u5df2\u7ecf\u4e0b\u67b6\u3002"],"content":"","goods_id":"1744","captcha":"87495","number":"1","donation_number":null,"product_spec":"","confirm_type":"3"}
addToCart(1744,1) failed at 2015-5-14 20:35:58, will readd
before weight is 138
rrt is 477
succeedTime is 139
after set weight is 139
retry buy good 1744 at 2015-5-14 20:35:58
Download full image code is correct as 35682
{"error":3,"message":["\u5bf9\u4e0d\u8d77\uff0c\u8be5\u5546\u54c1\u5df2\u7ecf\u4e0b\u67b6\u3002"],"content":"","goods_id":"1744","captcha":"35682","number":"1","donation_number":null,"product_spec":"","confirm_type":"3"}
addToCart(1744,1) failed at 2015-5-14 20:35:59, will readd
before weight is 139
rrt is 481
succeedTime is 140
after set weight is 140
retry buy good 1744 at 2015-5-14 20:35:59
Download full image code is correct as 12486
{"error":3,"message":["\u5bf9\u4e0d\u8d77\uff0c\u8be5\u5546\u54c1\u5df2\u7ecf\u4e0b\u67b6\u3002"],"content":"","goods_id":"1744","captcha":"12486","number":"1","donation_number":null,"product_spec":"","confirm_type":"3"}
addToCart(1744,1) failed at 2015-5-14 20:36:00, will readd
before weight is 140
rrt is 479
succeedTime is 141
after set weight is 141
retry buy good 1744 at 2015-5-14 20:36:01
Download full image code is correct as 69743
{"error":3,"message":["\u5bf9\u4e0d\u8d77\uff0c\u8be5\u5546\u54c1\u5df2\u7ecf\u4e0b\u67b6\u3002"],"content":"","goods_id":"1744","captcha":"69743","number":"1","donation_number":null,"product_spec":"","confirm_type":"3"}
addToCart(1744,1) failed at 2015-5-14 20:36:01, will readd
before weight is 141
rrt is 478
succeedTime is 142
after set weight is 142
retry buy good 1744 at 2015-5-14 20:36:02
Download full image code is correct as 49085
{"error":3,"message":["\u5bf9\u4e0d\u8d77\uff0c\u8be5\u5546\u54c1\u5df2\u7ecf\u4e0b\u67b6\u3002"],"content":"","goods_id":"1744","captcha":"49085","number":"1","donation_number":null,"product_spec":"","confirm_type":"3"}
addToCart(1744,1) failed at 2015-5-14 20:36:02, will readd
before weight is 142
rrt is 475
succeedTime is 143
after set weight is 143
retry buy good 1744 at 2015-5-14 20:36:03
Download full image code is correct as 53241
{"error":3,"message":["\u5bf9\u4e0d\u8d77\uff0c\u8be5\u5546\u54c1\u5df2\u7ecf\u4e0b\u67b6\u3002"],"content":"","goods_id":"1744","captcha":"53241","number":"1","donation_number":null,"product_spec":"","confirm_type":"3"}
addToCart(1744,1) failed at 2015-5-14 20:36:03, will readd
before weight is 143
rrt is 470
succeedTime is 144
after set weight is 144
retry buy good 1744 at 2015-5-14 20:36:04
Download full image code is correct as 36890
{"error":3,"message":["\u5bf9\u4e0d\u8d77\uff0c\u8be5\u5546\u54c1\u5df2\u7ecf\u4e0b\u67b6\u3002"],"content":"","goods_id":"1744","captcha":"36890","number":"1","donation_number":null,"product_spec":"","confirm_type":"3"}
addToCart(1744,1) failed at 2015-5-14 20:36:04, will readd
before weight is 144
rrt is 478
succeedTime is 145
after set weight is 145
retry buy good 1744 at 2015-5-14 20:36:05
Download full image code is correct as 27943
{"error":3,"message":["\u5bf9\u4e0d\u8d77\uff0c\u8be5\u5546\u54c1\u5df2\u7ecf\u4e0b\u67b6\u3002"],"content":"","goods_id":"1744","captcha":"27943","number":"1","donation_number":null,"product_spec":"","confirm_type":"3"}
addToCart(1744,1) failed at 2015-5-14 20:36:05, will readd
before weight is 145
rrt is 477
succeedTime is 146
after set weight is 146
retry buy good 1744 at 2015-5-14 20:36:06
Download full image code is correct as 72405
{"error":3,"message":["\u5bf9\u4e0d\u8d77\uff0c\u8be5\u5546\u54c1\u5df2\u7ecf\u4e0b\u67b6\u3002"],"content":"","goods_id":"1744","captcha":"72405","number":"1","donation_number":null,"product_spec":"","confirm_type":"3"}
addToCart(1744,1) failed at 2015-5-14 20:36:06, will readd
before weight is 146
rrt is 480
succeedTime is 147
after set weight is 147
retry buy good 1744 at 2015-5-14 20:36:07
Download full image code is correct as 58641
{"error":3,"message":["\u5bf9\u4e0d\u8d77\uff0c\u8be5\u5546\u54c1\u5df2\u7ecf\u4e0b\u67b6\u3002"],"content":"","goods_id":"1744","captcha":"58641","number":"1","donation_number":null,"product_spec":"","confirm_type":"3"}
addToCart(1744,1) failed at 2015-5-14 20:36:07, will readd
before weight is 147
rrt is 473
succeedTime is 148
after set weight is 148
retry buy good 1744 at 2015-5-14 20:36:08
Download full image code is correct as 13574
{"error":3,"message":["\u5bf9\u4e0d\u8d77\uff0c\u8be5\u5546\u54c1\u5df2\u7ecf\u4e0b\u67b6\u3002"],"content":"","goods_id":"1744","captcha":"13574","number":"1","donation_number":null,"product_spec":"","confirm_type":"3"}
addToCart(1744,1) failed at 2015-5-14 20:36:09, will readd
before weight is 148
rrt is 470
succeedTime is 149
after set weight is 149
retry buy good 1744 at 2015-5-14 20:36:09
Download full image code is correct as 17542
{"error":3,"message":["\u5bf9\u4e0d\u8d77\uff0c\u8be5\u5546\u54c1\u5df2\u7ecf\u4e0b\u67b6\u3002"],"content":"","goods_id":"1744","captcha":"17542","number":"1","donation_number":null,"product_spec":"","confirm_type":"3"}
addToCart(1744,1) failed at 2015-5-14 20:36:10, will readd
before weight is 149
rrt is 472
succeedTime is 150
after set weight is 150
retry buy good 1744 at 2015-5-14 20:36:10
Download full image code is correct as 43798
{"error":3,"message":["\u5bf9\u4e0d\u8d77\uff0c\u8be5\u5546\u54c1\u5df2\u7ecf\u4e0b\u67b6\u3002"],"content":"","goods_id":"1744","captcha":"43798","number":"1","donation_number":null,"product_spec":"","confirm_type":"3"}
addToCart(1744,1) failed at 2015-5-14 20:36:11, will readd
before weight is 150
rrt is 488
succeedTime is 151
after set weight is 151
retry buy good 1744 at 2015-5-14 20:36:11
Download full image code is correct as 05281
{"error":3,"message":["\u5bf9\u4e0d\u8d77\uff0c\u8be5\u5546\u54c1\u5df2\u7ecf\u4e0b\u67b6\u3002"],"content":"","goods_id":"1744","captcha":"05281","number":"1","donation_number":null,"product_spec":"","confirm_type":"3"}
addToCart(1744,1) failed at 2015-5-14 20:36:12, will readd
before weight is 151
rrt is 473
succeedTime is 152
after set weight is 152
retry buy good 1744 at 2015-5-14 20:36:12
Download full image code is correct as 85970
{"error":3,"message":["\u5bf9\u4e0d\u8d77\uff0c\u8be5\u5546\u54c1\u5df2\u7ecf\u4e0b\u67b6\u3002"],"content":"","goods_id":"1744","captcha":"85970","number":"1","donation_number":null,"product_spec":"","confirm_type":"3"}
addToCart(1744,1) failed at 2015-5-14 20:36:13, will readd
before weight is 152
rrt is 477
succeedTime is 153
after set weight is 153
retry buy good 1744 at 2015-5-14 20:36:13
Download full image code is correct as 35862
{"error":3,"message":["\u5bf9\u4e0d\u8d77\uff0c\u8be5\u5546\u54c1\u5df2\u7ecf\u4e0b\u67b6\u3002"],"content":"","goods_id":"1744","captcha":"35862","number":"1","donation_number":null,"product_spec":"","confirm_type":"3"}
addToCart(1744,1) failed at 2015-5-14 20:36:14, will readd
before weight is 153
rrt is 490
succeedTime is 154
after set weight is 154
retry buy good 1744 at 2015-5-14 20:36:15
Download full image code is correct as 64579
{"error":3,"message":["\u5bf9\u4e0d\u8d77\uff0c\u8be5\u5546\u54c1\u5df2\u7ecf\u4e0b\u67b6\u3002"],"content":"","goods_id":"1744","captcha":"64579","number":"1","donation_number":null,"product_spec":"","confirm_type":"3"}
addToCart(1744,1) failed at 2015-5-14 20:36:15, will readd
before weight is 154
rrt is 493
succeedTime is 155
after set weight is 155
retry buy good 1744 at 2015-5-14 20:36:16
Download full image code is correct as 70264
{"error":3,"message":["\u5bf9\u4e0d\u8d77\uff0c\u8be5\u5546\u54c1\u5df2\u7ecf\u4e0b\u67b6\u3002"],"content":"","goods_id":"1744","captcha":"70264","number":"1","donation_number":null,"product_spec":"","confirm_type":"3"}
addToCart(1744,1) failed at 2015-5-14 20:36:16, will readd
before weight is 155
rrt is 483
succeedTime is 156
after set weight is 156
retry buy good 1744 at 2015-5-14 20:36:17
Download full image code is correct as 60938
{"error":3,"message":["\u5bf9\u4e0d\u8d77\uff0c\u8be5\u5546\u54c1\u5df2\u7ecf\u4e0b\u67b6\u3002"],"content":"","goods_id":"1744","captcha":"60938","number":"1","donation_number":null,"product_spec":"","confirm_type":"3"}
addToCart(1744,1) failed at 2015-5-14 20:36:17, will readd
before weight is 156
rrt is 483
succeedTime is 157
after set weight is 157
retry buy good 1744 at 2015-5-14 20:36:18
Download full image code is correct as 89634
{"error":3,"message":["\u5bf9\u4e0d\u8d77\uff0c\u8be5\u5546\u54c1\u5df2\u7ecf\u4e0b\u67b6\u3002"],"content":"","goods_id":"1744","captcha":"89634","number":"1","donation_number":null,"product_spec":"","confirm_type":"3"}
addToCart(1744,1) failed at 2015-5-14 20:36:18, will readd
before weight is 157
rrt is 470
succeedTime is 158
after set weight is 158
retry buy good 1744 at 2015-5-14 20:36:19
Download full image code is correct as 03967
{"error":3,"message":["\u5bf9\u4e0d\u8d77\uff0c\u8be5\u5546\u54c1\u5df2\u7ecf\u4e0b\u67b6\u3002"],"content":"","goods_id":"1744","captcha":"03967","number":"1","donation_number":null,"product_spec":"","confirm_type":"3"}
addToCart(1744,1) failed at 2015-5-14 20:36:19, will readd
before weight is 158
rrt is 495
succeedTime is 159
after set weight is 159
retry buy good 1744 at 2015-5-14 20:36:20
Download full image code is correct as 45293
{"error":3,"message":["\u5bf9\u4e0d\u8d77\uff0c\u8be5\u5546\u54c1\u5df2\u7ecf\u4e0b\u67b6\u3002"],"content":"","goods_id":"1744","captcha":"45293","number":"1","donation_number":null,"product_spec":"","confirm_type":"3"}
addToCart(1744,1) failed at 2015-5-14 20:36:20, will readd
before weight is 159
rrt is 482
succeedTime is 160
after set weight is 160
retry buy good 1744 at 2015-5-14 20:36:21
Download full image code is correct as 52817
{"error":3,"message":["\u5bf9\u4e0d\u8d77\uff0c\u8be5\u5546\u54c1\u5df2\u7ecf\u4e0b\u67b6\u3002"],"content":"","goods_id":"1744","captcha":"52817","number":"1","donation_number":null,"product_spec":"","confirm_type":"3"}
addToCart(1744,1) failed at 2015-5-14 20:36:22, will readd
before weight is 160
rrt is 491
succeedTime is 161
after set weight is 161
retry buy good 1744 at 2015-5-14 20:36:22
Download full image code is correct as 71804
{"error":3,"message":["\u5bf9\u4e0d\u8d77\uff0c\u8be5\u5546\u54c1\u5df2\u7ecf\u4e0b\u67b6\u3002"],"content":"","goods_id":"1744","captcha":"71804","number":"1","donation_number":null,"product_spec":"","confirm_type":"3"}
addToCart(1744,1) failed at 2015-5-14 20:36:23, will readd
before weight is 161
rrt is 469
succeedTime is 162
after set weight is 162
retry buy good 1744 at 2015-5-14 20:36:23
